{
  "stats": {
    "suites": 2,
    "tests": 2,
    "passes": 1,
    "pending": 0,
    "failures": 1,
    "start": "2022-06-30T12:57:48.590Z",
    "end": "2022-06-30T12:57:51.419Z",
    "duration": 2829,
    "testsRegistered": 2,
    "passPercent": 50,
    "pendingPercent": 0,
    "other": 0,
    "hasOther": false,
    "skipped": 0,
    "hasSkipped": false
  },
  "results": [
    {
      "uuid": "3da052e7-a562-417e-94be-3db9252b4942",
      "title": "",
      "fullFile": "cypress/e2e/login.cy.js",
      "file": "cypress/e2e/login.cy.js",
      "beforeHooks": [],
      "afterHooks": [],
      "tests": [],
      "suites": [
        {
          "uuid": "f369592c-e508-49c8-99dd-ea46ec79572e",
          "title": "Funcionalidade de Login",
          "fullFile": "",
          "file": "",
          "beforeHooks": [],
          "afterHooks": [],
          "tests": [],
          "suites": [
            {
              "uuid": "8ba8879e-ce99-4c09-ba0b-c3c6d13dd2b4",
              "title": "Realizar login e logout",
              "fullFile": "",
              "file": "",
              "beforeHooks": [],
              "afterHooks": [],
              "tests": [
                {
                  "title": "Realizar login",
                  "fullTitle": "Funcionalidade de Login Realizar login e logout Realizar login",
                  "timedOut": null,
                  "duration": 536,
                  "state": "failed",
                  "speed": null,
                  "pass": false,
                  "fail": true,
                  "pending": false,
                  "context": null,
                  "code": "cy.loginPage(Cypress.config('usuario').usuario + Cypress.config('usuario').dominio, Cypress.config('usuario').senha);",
                  "err": {
                    "message": "TypeError: cy.loginPage is not a function",
                    "estack": "TypeError: cy.loginPage is not a function\n    at Context.eval (https://icebev-nonprod.ambevdevs.com.br/__cypress/tests?p=cypress/e2e/login.cy.js:127:10)",
                    "diff": null
                  },
                  "uuid": "87cfab8d-0e63-4cf4-8bcc-054191ad954e",
                  "parentUUID": "8ba8879e-ce99-4c09-ba0b-c3c6d13dd2b4",
                  "isHook": false,
                  "skipped": false
                },
                {
                  "title": "Realizar logout",
                  "fullTitle": "Funcionalidade de Login Realizar login e logout Realizar logout",
                  "timedOut": null,
                  "duration": 297,
                  "state": "passed",
                  "speed": "fast",
                  "pass": true,
                  "fail": false,
                  "pending": false,
                  "context": null,
                  "code": "",
                  "err": {},
                  "uuid": "46b3479b-78d6-4d29-b06f-e3b20b5f3551",
                  "parentUUID": "8ba8879e-ce99-4c09-ba0b-c3c6d13dd2b4",
                  "isHook": false,
                  "skipped": false
                }
              ],
              "suites": [],
              "passes": [
                "46b3479b-78d6-4d29-b06f-e3b20b5f3551"
              ],
              "failures": [
                "87cfab8d-0e63-4cf4-8bcc-054191ad954e"
              ],
              "pending": [],
              "skipped": [],
              "duration": 833,
              "root": false,
              "rootEmpty": false,
              "_timeout": 2000
            }
          ],
          "passes": [],
          "failures": [],
          "pending": [],
          "skipped": [],
          "duration": 0,
          "root": false,
          "rootEmpty": false,
          "_timeout": 2000
        }
      ],
      "passes": [],
      "failures": [],
      "pending": [],
      "skipped": [],
      "duration": 0,
      "root": true,
      "rootEmpty": true,
      "_timeout": 2000
    }
  ],
  "meta": {
    "mocha": {
      "version": "7.0.1"
    },
    "mochawesome": {
      "options": {
        "quiet": false,
        "reportFilename": "[status]_[datetime]-[name]-report",
        "saveHtml": false,
        "saveJson": true,
        "consoleReporter": "spec",
        "useInlineDiffs": false,
        "code": true
      },
      "version": "7.1.3"
    },
    "marge": {
      "options": {
        "reportDir": "cypress/results",
        "overwrite": true,
        "html": false,
        "json": true,
        "reportFilename": "[status]_[datetime]-[name]-report",
        "timestamp": "longDate"
      },
      "version": "6.2.0"
    }
  }
}