{
  "stats": {
    "suites": 2,
    "tests": 1,
    "passes": 0,
    "pending": 0,
    "failures": 1,
    "start": "2022-06-30T17:00:51.518Z",
    "end": "2022-06-30T17:01:36.136Z",
    "duration": 44618,
    "testsRegistered": 1,
    "passPercent": 0,
    "pendingPercent": 0,
    "other": 0,
    "hasOther": false,
    "skipped": 0,
    "hasSkipped": false
  },
  "results": [
    {
      "uuid": "7d4e0340-a455-4d60-92c2-168016b13905",
      "title": "",
      "fullFile": "cypress/e2e/relatorio.cy.js",
      "file": "cypress/e2e/relatorio.cy.js",
      "beforeHooks": [],
      "afterHooks": [],
      "tests": [],
      "suites": [
        {
          "uuid": "1c8a62c7-1c8b-4bf2-8718-d413dc0a20e4",
          "title": "Funcionalidade de geração de relatórios",
          "fullFile": "",
          "file": "",
          "beforeHooks": [],
          "afterHooks": [],
          "tests": [],
          "suites": [
            {
              "uuid": "b2add448-78b2-4ae8-adf9-3924ef42ae4e",
              "title": "Geração de relatórios do assinatura ",
              "fullFile": "",
              "file": "",
              "beforeHooks": [],
              "afterHooks": [],
              "tests": [
                {
                  "title": "18-Validar se no relatório de estoque exibe o usuário ambev que fez a adição de estoque",
                  "fullTitle": "Funcionalidade de geração de relatórios Geração de relatórios do assinatura  18-Validar se no relatório de estoque exibe o usuário ambev que fez a adição de estoque",
                  "timedOut": null,
                  "duration": 31412,
                  "state": "failed",
                  "speed": null,
                  "pass": false,
                  "fail": true,
                  "pending": false,
                  "context": null,
                  "code": "const authorization = __webpack_require__(/*! ../fixtures/authorization.json */ \"./cypress/fixtures/authorization.json\");\nlet RgEquipamentoRandom1 = JSON.stringify(Math.floor(Math.random() * (89999999999999 - 10000000000000)) + 10000000000000);\nlet RgEquipamentoRandom2 = JSON.stringify(Math.floor(Math.random() * (89999999999999 - 10000000000000)) + 10000000000000);\nlet RgEquipamentoRandom3 = JSON.stringify(Math.floor(Math.random() * (89999999999999 - 10000000000000)) + 10000000000000);\nlet RgEquipamentoRandom4 = JSON.stringify(Math.floor(Math.random() * (89999999999999 - 10000000000000)) + 10000000000000);\nlet RgEquipamentoRandom5 = JSON.stringify(Math.floor(Math.random() * (89999999999999 - 10000000000000)) + 10000000000000);\nlet RgEquipamentoRandom6 = JSON.stringify(Math.floor(Math.random() * (89999999999999 - 10000000000000)) + 10000000000000);\nlet RgEquipamentoRandom7 = JSON.stringify(Math.floor(Math.random() * (89999999999999 - 10000000000000)) + 10000000000000);\nlet RgEquipamentoRandom8 = JSON.stringify(Math.floor(Math.random() * (89999999999999 - 10000000000000)) + 10000000000000);\nlet RgEquipamentoRandom9 = JSON.stringify(Math.floor(Math.random() * (89999999999999 - 10000000000000)) + 10000000000000);\ncy.addEquipamentoRequest(authorization, geografia.geografia, '0538', (0, _common.NfRandom)(), 3, 1, dayjs().format('DD/MM/YYYY'), 5, RgEquipamentoRandom1, 5, RgEquipamentoRandom2, 5, RgEquipamentoRandom3, 5, RgEquipamentoRandom4, 5, RgEquipamentoRandom5, 5, RgEquipamentoRandom6, 5, RgEquipamentoRandom7, 5, RgEquipamentoRandom8, 5, RgEquipamentoRandom9);\ncy.selectGeografiaOperacaoNomeOpecarao(geografia.geografia, cdd.cdd, nomeOperacao.nomeOperacao);\nmenuPage.menuButtonRelatorio.click();\nrelatorioPage.selectTipoDeRelatorio(tipoRelatorio.Estoque);\nrelatorioPage.clickBotaoExtrairRelatorio();\ncy.readFile('cypress/downloads/extracted.csv').should('have.string', Cypress.config('usuario').usuario);\ncy.readFile('cypress/downloads/extracted.csv').should('have.string', RgEquipamentoRandom1);\ncy.readFile('cypress/downloads/extracted.csv').should('have.string', RgEquipamentoRandom2);\ncy.readFile('cypress/downloads/extracted.csv').should('have.string', RgEquipamentoRandom3);\ncy.readFile('cypress/downloads/extracted.csv').should('have.string', RgEquipamentoRandom4);\ncy.readFile('cypress/downloads/extracted.csv').should('have.string', RgEquipamentoRandom5);\ncy.readFile('cypress/downloads/extracted.csv').should('have.string', RgEquipamentoRandom6);\ncy.readFile('cypress/downloads/extracted.csv').should('have.string', RgEquipamentoRandom7);\ncy.readFile('cypress/downloads/extracted.csv').should('have.string', RgEquipamentoRandom8);\ncy.readFile('cypress/downloads/extracted.csv').should('have.string', RgEquipamentoRandom9);\ncy.task('deleteRgs', {\n  Rg1: RgEquipamentoRandom1,\n  Rg2: RgEquipamentoRandom2,\n  Rg3: RgEquipamentoRandom3,\n  Rg4: RgEquipamentoRandom4,\n  Rg5: RgEquipamentoRandom5,\n  Rg6: RgEquipamentoRandom6,\n  Rg7: RgEquipamentoRandom7,\n  Rg8: RgEquipamentoRandom8,\n  Rg9: RgEquipamentoRandom9\n});",
                  "err": {
                    "message": "CypressError: `cy.request()` timed out waiting `30000ms` for a response from your server.\n\nThe request we sent was:\n\nMethod: POST\nURL: https://icebev-nonprod.ambevdevs.com.br/signature-control-panel-backend/equipment/store\n\nNo response was received within the timeout.\n\nhttps://on.cypress.io/request",
                    "estack": "CypressError: `cy.request()` timed out waiting `30000ms` for a response from your server.\n\nThe request we sent was:\n\nMethod: POST\nURL: https://icebev-nonprod.ambevdevs.com.br/signature-control-panel-backend/equipment/store\n\nNo response was received within the timeout.\n\nhttps://on.cypress.io/request\n    at https://icebev-nonprod.ambevdevs.com.br/__cypress/runner/cypress_runner.js:158486:78\n    at tryCatcher (https://icebev-nonprod.ambevdevs.com.br/__cypress/runner/cypress_runner.js:13012:23)\n    at https://icebev-nonprod.ambevdevs.com.br/__cypress/runner/cypress_runner.js:8134:41\n    at tryCatcher (https://icebev-nonprod.ambevdevs.com.br/__cypress/runner/cypress_runner.js:13012:23)\n    at Promise._settlePromiseFromHandler (https://icebev-nonprod.ambevdevs.com.br/__cypress/runner/cypress_runner.js:10947:31)\n    at Promise._settlePromise (https://icebev-nonprod.ambevdevs.com.br/__cypress/runner/cypress_runner.js:11004:18)\n    at Promise._settlePromise0 (https://icebev-nonprod.ambevdevs.com.br/__cypress/runner/cypress_runner.js:11049:10)\n    at Promise._settlePromises (https://icebev-nonprod.ambevdevs.com.br/__cypress/runner/cypress_runner.js:11125:18)\n    at _drainQueueStep (https://icebev-nonprod.ambevdevs.com.br/__cypress/runner/cypress_runner.js:7719:12)\n    at _drainQueue (https://icebev-nonprod.ambevdevs.com.br/__cypress/runner/cypress_runner.js:7712:9)\n    at ../../node_modules/bluebird/js/release/async.js.Async._drainQueues (https://icebev-nonprod.ambevdevs.com.br/__cypress/runner/cypress_runner.js:7728:5)\n    at Async.drainQueues (https://icebev-nonprod.ambevdevs.com.br/__cypress/runner/cypress_runner.js:7598:14)\nFrom Your Spec Code:\n    at Context.eval (https://icebev-nonprod.ambevdevs.com.br/__cypress/tests?p=cypress/support/e2e.js:150:6)",
                    "diff": null
                  },
                  "uuid": "265cbd53-df22-4fb0-b3e4-2c8b4a441437",
                  "parentUUID": "b2add448-78b2-4ae8-adf9-3924ef42ae4e",
                  "isHook": false,
                  "skipped": false
                }
              ],
              "suites": [],
              "passes": [],
              "failures": [
                "265cbd53-df22-4fb0-b3e4-2c8b4a441437"
              ],
              "pending": [],
              "skipped": [],
              "duration": 31412,
              "root": false,
              "rootEmpty": false,
              "_timeout": 2000
            }
          ],
          "passes": [],
          "failures": [],
          "pending": [],
          "skipped": [],
          "duration": 0,
          "root": false,
          "rootEmpty": false,
          "_timeout": 2000
        }
      ],
      "passes": [],
      "failures": [],
      "pending": [],
      "skipped": [],
      "duration": 0,
      "root": true,
      "rootEmpty": true,
      "_timeout": 2000
    }
  ],
  "meta": {
    "mocha": {
      "version": "7.0.1"
    },
    "mochawesome": {
      "options": {
        "quiet": false,
        "reportFilename": "[status]_[datetime]-[name]-report",
        "saveHtml": false,
        "saveJson": true,
        "consoleReporter": "spec",
        "useInlineDiffs": false,
        "code": true
      },
      "version": "7.1.3"
    },
    "marge": {
      "options": {
        "reportDir": "cypress/results",
        "overwrite": true,
        "html": false,
        "json": true,
        "reportFilename": "[status]_[datetime]-[name]-report",
        "timestamp": "longDate"
      },
      "version": "6.2.0"
    }
  }
}