{
  "stats": {
    "suites": 2,
    "tests": 2,
    "passes": 2,
    "pending": 0,
    "failures": 0,
    "start": "2022-06-29T13:29:18.329Z",
    "end": "2022-06-29T13:29:20.195Z",
    "duration": 1866,
    "testsRegistered": 2,
    "passPercent": 100,
    "pendingPercent": 0,
    "other": 0,
    "hasOther": false,
    "skipped": 0,
    "hasSkipped": false
  },
  "results": [
    {
      "uuid": "0d88ce27-a4bc-4be4-be5c-75d93e8050c6",
      "title": "",
      "fullFile": "cypress/e2e/login.cy.js",
      "file": "cypress/e2e/login.cy.js",
      "beforeHooks": [],
      "afterHooks": [],
      "tests": [],
      "suites": [
        {
          "uuid": "6e560382-1aab-4b9e-948a-9d731ebfc1b2",
          "title": "Funcionalidade de Login",
          "fullFile": "",
          "file": "",
          "beforeHooks": [],
          "afterHooks": [],
          "tests": [],
          "suites": [
            {
              "uuid": "c2ae1008-5236-4f60-b6b8-d2ee68cd6697",
              "title": "Realizar login e logout",
              "fullFile": "",
              "file": "",
              "beforeHooks": [],
              "afterHooks": [],
              "tests": [
                {
                  "title": "Realizar login",
                  "fullTitle": "Funcionalidade de Login Realizar login e logout Realizar login",
                  "timedOut": null,
                  "duration": 1498,
                  "state": "passed",
                  "speed": "fast",
                  "pass": true,
                  "fail": false,
                  "pending": false,
                  "context": null,
                  "code": "",
                  "err": {},
                  "uuid": "b24607d3-2c15-44a2-8530-ed286289fd4e",
                  "parentUUID": "c2ae1008-5236-4f60-b6b8-d2ee68cd6697",
                  "isHook": false,
                  "skipped": false
                },
                {
                  "title": "Realizar logout",
                  "fullTitle": "Funcionalidade de Login Realizar login e logout Realizar logout",
                  "timedOut": null,
                  "duration": 349,
                  "state": "passed",
                  "speed": "fast",
                  "pass": true,
                  "fail": false,
                  "pending": false,
                  "context": null,
                  "code": "",
                  "err": {},
                  "uuid": "a98e9909-ed76-4104-90b3-4ba7b7501945",
                  "parentUUID": "c2ae1008-5236-4f60-b6b8-d2ee68cd6697",
                  "isHook": false,
                  "skipped": false
                }
              ],
              "suites": [],
              "passes": [
                "b24607d3-2c15-44a2-8530-ed286289fd4e",
                "a98e9909-ed76-4104-90b3-4ba7b7501945"
              ],
              "failures": [],
              "pending": [],
              "skipped": [],
              "duration": 1847,
              "root": false,
              "rootEmpty": false,
              "_timeout": 2000
            }
          ],
          "passes": [],
          "failures": [],
          "pending": [],
          "skipped": [],
          "duration": 0,
          "root": false,
          "rootEmpty": false,
          "_timeout": 2000
        }
      ],
      "passes": [],
      "failures": [],
      "pending": [],
      "skipped": [],
      "duration": 0,
      "root": true,
      "rootEmpty": true,
      "_timeout": 2000
    }
  ],
  "meta": {
    "mocha": {
      "version": "7.0.1"
    },
    "mochawesome": {
      "options": {
        "quiet": false,
        "reportFilename": "[status]_[datetime]-[name]-report",
        "saveHtml": false,
        "saveJson": true,
        "consoleReporter": "spec",
        "useInlineDiffs": false,
        "code": true
      },
      "version": "7.1.3"
    },
    "marge": {
      "options": {
        "reportDir": "cypress/results",
        "overwrite": true,
        "html": false,
        "json": true,
        "reportFilename": "[status]_[datetime]-[name]-report",
        "timestamp": "longDate"
      },
      "version": "6.2.0"
    }
  }
}