{
  "stats": {
    "suites": 8,
    "tests": 68,
    "passes": 68,
    "pending": 0,
    "failures": 0,
    "start": "2022-06-30T16:55:45.465Z",
    "end": "2022-06-30T17:00:24.690Z",
    "duration": 279225,
    "testsRegistered": 68,
    "passPercent": 100,
    "pendingPercent": 0,
    "other": 0,
    "hasOther": false,
    "skipped": 0,
    "hasSkipped": false
  },
  "results": [
    {
      "uuid": "0d64f346-7137-4954-b8fe-73d5c5942676",
      "title": "",
      "fullFile": "cypress/e2e/estoque.cy.js",
      "file": "cypress/e2e/estoque.cy.js",
      "beforeHooks": [],
      "afterHooks": [],
      "tests": [],
      "suites": [
        {
          "uuid": "f9fb695d-f314-47cc-86d9-0d77bc4edae7",
          "title": "Funcionalidade Estoque",
          "fullFile": "",
          "file": "",
          "beforeHooks": [],
          "afterHooks": [],
          "tests": [],
          "suites": [
            {
              "uuid": "75dab847-752c-4581-8d50-beafbd981fc2",
              "title": "Funcionalidade de adicionar equipamentos ao estoque",
              "fullFile": "",
              "file": "",
              "beforeHooks": [],
              "afterHooks": [],
              "tests": [
                {
                  "title": "1- Deve exibir o botão estoque",
                  "fullTitle": "Funcionalidade Estoque Funcionalidade de adicionar equipamentos ao estoque 1- Deve exibir o botão estoque",
                  "timedOut": null,
                  "duration": 3030,
                  "state": "passed",
                  "speed": "fast",
                  "pass": true,
                  "fail": false,
                  "pending": false,
                  "context": null,
                  "code": "menuPage.estoqueButton.should('be.enabled');",
                  "err": {},
                  "uuid": "83d2ea8c-4003-4229-af78-78af36a88947",
                  "parentUUID": "75dab847-752c-4581-8d50-beafbd981fc2",
                  "isHook": false,
                  "skipped": false
                },
                {
                  "title": "2-Botão adicionar deve estar bloqueado enquanto os campos Geo, Operação e Nome Operação, não estão preenchidos.",
                  "fullTitle": "Funcionalidade Estoque Funcionalidade de adicionar equipamentos ao estoque 2-Botão adicionar deve estar bloqueado enquanto os campos Geo, Operação e Nome Operação, não estão preenchidos.",
                  "timedOut": null,
                  "duration": 1896,
                  "state": "passed",
                  "speed": "fast",
                  "pass": true,
                  "fail": false,
                  "pending": false,
                  "context": null,
                  "code": "cy.selectGeografiaOperacao(geografia.geografia, cdd.cdd);\nestoquePage.AddButton.should('be.disabled');",
                  "err": {},
                  "uuid": "2b372896-580b-416c-bd63-a830491ee557",
                  "parentUUID": "75dab847-752c-4581-8d50-beafbd981fc2",
                  "isHook": false,
                  "skipped": false
                },
                {
                  "title": "3-Deve ser possível usar o botão Adicionar quando selecionados os campos Geo, Operação e Nome Operação.",
                  "fullTitle": "Funcionalidade Estoque Funcionalidade de adicionar equipamentos ao estoque 3-Deve ser possível usar o botão Adicionar quando selecionados os campos Geo, Operação e Nome Operação.",
                  "timedOut": null,
                  "duration": 2063,
                  "state": "passed",
                  "speed": "fast",
                  "pass": true,
                  "fail": false,
                  "pending": false,
                  "context": null,
                  "code": "cy.selectGeografiaOperacaoNomeOpecarao(geografia.geografia, cdd.cdd, nomeOperacao.nomeOperacao);\nestoquePage.AddButton.click();\nestoquePage.modalTitleAddEquipamento.should('be.visible');",
                  "err": {},
                  "uuid": "4c021481-cb72-456e-90a8-8b4ea7cf765e",
                  "parentUUID": "75dab847-752c-4581-8d50-beafbd981fc2",
                  "isHook": false,
                  "skipped": false
                },
                {
                  "title": "4-Validando o botão cancelar da modal Adicionar equipamentos, se ao clicar em cancelar com campos preenchidos é exibida a modal de cancelar ação",
                  "fullTitle": "Funcionalidade Estoque Funcionalidade de adicionar equipamentos ao estoque 4-Validando o botão cancelar da modal Adicionar equipamentos, se ao clicar em cancelar com campos preenchidos é exibida a modal de cancelar ação",
                  "timedOut": null,
                  "duration": 1833,
                  "state": "passed",
                  "speed": "fast",
                  "pass": true,
                  "fail": false,
                  "pending": false,
                  "context": null,
                  "code": "cy.selectGeografiaOperacaoNomeOpecarao(geografia.geografia, cdd.cdd, nomeOperacao.nomeOperacao);\nestoquePage.AddButton.click();\nestoquePage.fieldNfNumero.type((0, _common.NfRandom)());\nestoquePage.cancelarButtonModalEquip.click();\nestoquePage.titleModalMsgsAndAlerts.should('be.visible');",
                  "err": {},
                  "uuid": "809e038b-9300-4b2d-8923-d2f29854e56d",
                  "parentUUID": "75dab847-752c-4581-8d50-beafbd981fc2",
                  "isHook": false,
                  "skipped": false
                },
                {
                  "title": "5-Validando se botão voltar da modal \"Cancelar ação\" não apaga os dados preenchidos",
                  "fullTitle": "Funcionalidade Estoque Funcionalidade de adicionar equipamentos ao estoque 5-Validando se botão voltar da modal \"Cancelar ação\" não apaga os dados preenchidos",
                  "timedOut": null,
                  "duration": 4119,
                  "state": "passed",
                  "speed": "fast",
                  "pass": true,
                  "fail": false,
                  "pending": false,
                  "context": null,
                  "code": "let NfRandomNumber = Math.floor(Math.random() * (90000000 - 10000000)) + 10000000;\ncy.selectGeografiaOperacaoNomeOpecarao(geografia.geografia, cdd.cdd, nomeOperacao.nomeOperacao);\nestoquePage.AddButton.click();\nestoquePage.fillEquipmentModalFields(NfRandomNumber, tipoDeMovimento.Tansferencia, origem.FabricaDeAgudos, dayjs().format('DD/MM/YYYY'), dadosEquipamento[0].equipamento, dadosEquipamento[0].equipamento, dadosEquipamento[0].voltagem, dadosEquipamento[0].quantidade);\nestoquePage.cancelarButtonModalEquip.click();\nestoquePage.modalButtonVoltar.click();\nestoquePage.fieldNfNumero.should('have.value', NfRandomNumber);\nestoquePage.fieldTipoDeMovimento.should('have.value', tipoDeMovimento.Tansferencia);\nestoquePage.origemField.should('have.value', origem.FabricaDeAgudos);\nestoquePage.fieldEquipamento.should('have.value', dadosEquipamento[0].equipamento);\nestoquePage.dataField.should('have.value', dayjs().format('DD/MM/YYYY'));\nestoquePage.radio127v.should('be.checked');\nestoquePage.codSapField.should('have.value', dadosEquipamento[0].codSap);\nestoquePage.codPromaxField.should('have.value', dadosEquipamento[0].codPromax);\nestoquePage.fieldQuantidade.should('have.value', dadosEquipamento[0].quantidade);",
                  "err": {},
                  "uuid": "907d908a-3bfe-465d-90c7-8697335e524d",
                  "parentUUID": "75dab847-752c-4581-8d50-beafbd981fc2",
                  "isHook": false,
                  "skipped": false
                },
                {
                  "title": "6-Validando o botão \"Cancelar mesmo assim\" na modal \"Cancelar ação\"",
                  "fullTitle": "Funcionalidade Estoque Funcionalidade de adicionar equipamentos ao estoque 6-Validando o botão \"Cancelar mesmo assim\" na modal \"Cancelar ação\"",
                  "timedOut": null,
                  "duration": 3309,
                  "state": "passed",
                  "speed": "fast",
                  "pass": true,
                  "fail": false,
                  "pending": false,
                  "context": null,
                  "code": "cy.selectGeografiaOperacaoNomeOpecarao(geografia.geografia, cdd.cdd, nomeOperacao.nomeOperacao);\nestoquePage.AddButton.click();\nestoquePage.fillEquipmentModalFields((0, _common.NfRandom)(), tipoDeMovimento.Tansferencia, origem.FabricaDeAgudos, dayjs().format('DD/MM/YYYY'), dadosEquipamento[0].equipamento, dadosEquipamento[0].equipamento, dadosEquipamento[0].voltagem, dadosEquipamento[0].quantidade);\nestoquePage.cancelarButtonModalEquip.click();\nestoquePage.buttonCancelarModalAcaoCancelar.click();\nestoquePage.modalTitleAddEquipamento.should('not.exist');",
                  "err": {},
                  "uuid": "ade145e8-9425-4ea5-b52a-e5140a99a33c",
                  "parentUUID": "75dab847-752c-4581-8d50-beafbd981fc2",
                  "isHook": false,
                  "skipped": false
                },
                {
                  "title": "7-Validando o botão \"+Adicionar equipamento\" bloqueado da modal \"Adicionar equipamento\"",
                  "fullTitle": "Funcionalidade Estoque Funcionalidade de adicionar equipamentos ao estoque 7-Validando o botão \"+Adicionar equipamento\" bloqueado da modal \"Adicionar equipamento\"",
                  "timedOut": null,
                  "duration": 5401,
                  "state": "passed",
                  "speed": "medium",
                  "pass": true,
                  "fail": false,
                  "pending": false,
                  "context": null,
                  "code": "cy.selectGeografiaOperacaoNomeOpecarao(geografia.geografia, cdd.cdd, nomeOperacao.nomeOperacao);\nestoquePage.AddButton.click();\nestoquePage.fillEquipmentModalFields((0, _common.NfRandom)(), tipoDeMovimento.Tansferencia, origem.FabricaDeAgudos, dayjs().format('DD/MM/YYYY'), dadosEquipamento[0].equipamento, dadosEquipamento[0].equipamento, dadosEquipamento[0].voltagem, dadosEquipamento[0].quantidade);\nestoquePage.fieldNfNumero.clear();\nestoquePage.addEquipmentButton.should('be.disabled');",
                  "err": {},
                  "uuid": "ac633a3b-f65d-4181-8887-d23e8c8634db",
                  "parentUUID": "75dab847-752c-4581-8d50-beafbd981fc2",
                  "isHook": false,
                  "skipped": false
                },
                {
                  "title": "8-Validar se ao clicar em adicionar equipamento o equipamento é adicionado na lista",
                  "fullTitle": "Funcionalidade Estoque Funcionalidade de adicionar equipamentos ao estoque 8-Validar se ao clicar em adicionar equipamento o equipamento é adicionado na lista",
                  "timedOut": null,
                  "duration": 3921,
                  "state": "passed",
                  "speed": "fast",
                  "pass": true,
                  "fail": false,
                  "pending": false,
                  "context": null,
                  "code": "cy.selectGeografiaOperacaoNomeOpecarao(geografia.geografia, cdd.cdd, nomeOperacao.nomeOperacao);\nestoquePage.AddButton.click();\nestoquePage.fillEquipmentModalFields((0, _common.NfRandom)(), tipoDeMovimento.Tansferencia, origem.FabricaDeAgudos, dayjs().format('DD/MM/YYYY'), dadosEquipamento[0].equipamento, dadosEquipamento[0].equipamento, dadosEquipamento[0].voltagem, dadosEquipamento[0].quantidade);\nestoquePage.addEquipmentButton.click();\nestoquePage.addEquipmentList.should('contain', dadosEquipamento[0].equipamento);",
                  "err": {},
                  "uuid": "8dfe0ad8-8c20-4650-ab95-dbb68becf60a",
                  "parentUUID": "75dab847-752c-4581-8d50-beafbd981fc2",
                  "isHook": false,
                  "skipped": false
                },
                {
                  "title": "9-Validar se ao digitar um valor no campo equipamento exibe uma lista",
                  "fullTitle": "Funcionalidade Estoque Funcionalidade de adicionar equipamentos ao estoque 9-Validar se ao digitar um valor no campo equipamento exibe uma lista",
                  "timedOut": null,
                  "duration": 3141,
                  "state": "passed",
                  "speed": "fast",
                  "pass": true,
                  "fail": false,
                  "pending": false,
                  "context": null,
                  "code": "let equipamentoLetras = 'Vis';\ncy.selectGeografiaOperacaoNomeOpecarao(geografia.geografia, cdd.cdd, nomeOperacao.nomeOperacao);\nestoquePage.AddButton.click();\nestoquePage.fieldNfNumero.type((0, _common.NfRandom)());\nestoquePage.fieldTipoDeMovimento.click();\nestoquePage.listaTipoDeMovimento.contains(tipoDeMovimento.Tansferencia).click();\nestoquePage.origemField.click();\nestoquePage.listOrigem.contains(origem.FabricaDeAgudos).click();\nestoquePage.dataField.type(dayjs().format('DD/MM/YYYY'));\nestoquePage.fieldEquipamento.type(equipamentoLetras);\nestoquePage.equipamentoOnList.should('contain', equipamentoLetras);",
                  "err": {},
                  "uuid": "26e04970-e12a-4c99-935d-f0279c321602",
                  "parentUUID": "75dab847-752c-4581-8d50-beafbd981fc2",
                  "isHook": false,
                  "skipped": false
                },
                {
                  "title": "10-Validando se dados de Número nota fiscal, Tipo de movimento, Origem, Data emissão NF, não são apagados após adicionar um equipamento.",
                  "fullTitle": "Funcionalidade Estoque Funcionalidade de adicionar equipamentos ao estoque 10-Validando se dados de Número nota fiscal, Tipo de movimento, Origem, Data emissão NF, não são apagados após adicionar um equipamento.",
                  "timedOut": null,
                  "duration": 4727,
                  "state": "passed",
                  "speed": "fast",
                  "pass": true,
                  "fail": false,
                  "pending": false,
                  "context": null,
                  "code": "let NfRandomNumber = Math.floor(Math.random() * (90000000 - 10000000)) + 10000000;\ncy.selectGeografiaOperacaoNomeOpecarao(geografia.geografia, cdd.cdd, nomeOperacao.nomeOperacao);\nestoquePage.AddButton.click();\nestoquePage.fillEquipmentModalFields(NfRandomNumber, tipoDeMovimento.Tansferencia, origem.FabricaDeAgudos, dayjs().format('DD/MM/YYYY'), dadosEquipamento[0].equipamento, dadosEquipamento[0].equipamento, dadosEquipamento[0].voltagem, dadosEquipamento[0].quantidade);\nestoquePage.addEquipmentButton.click();\nestoquePage.fieldNfNumero.should('have.value', NfRandomNumber);\nestoquePage.fieldTipoDeMovimento.should('have.value', tipoDeMovimento.Tansferencia);\nestoquePage.origemField.should('have.value', origem.FabricaDeAgudos);\nestoquePage.dataField.should('have.value', dayjs().format('DD/MM/YYYY'));",
                  "err": {},
                  "uuid": "c0ecf9dc-397e-452c-b293-ececb6ed4f93",
                  "parentUUID": "75dab847-752c-4581-8d50-beafbd981fc2",
                  "isHook": false,
                  "skipped": false
                },
                {
                  "title": "11 e 48-Validar se no preenchimento de RG exibe o loading status conforme Rgs preenchidos.",
                  "fullTitle": "Funcionalidade Estoque Funcionalidade de adicionar equipamentos ao estoque 11 e 48-Validar se no preenchimento de RG exibe o loading status conforme Rgs preenchidos.",
                  "timedOut": null,
                  "duration": 53358,
                  "state": "passed",
                  "speed": "slow",
                  "pass": true,
                  "fail": false,
                  "pending": false,
                  "context": null,
                  "code": "let progressStart = '0/99';\nlet progressEnd = '99/99';\ncy.selectGeografiaOperacaoNomeOpecarao(geografia.geografia, cdd.cdd, nomeOperacao.nomeOperacao);\nestoquePage.AddButton.click();\nestoquePage.fillEquipmentModalFields((0, _common.NfRandom)(), tipoDeMovimento.Tansferencia, origem.FabricaDeAgudos, dayjs().format('DD/MM/YYYY'), dadosEquipamento[0].equipamento, dadosEquipamento[0].equipamento, dadosEquipamento[0].voltagem, dadosEquipamento[0].quantidade);\nestoquePage.addEquipmentButton.click();\nestoquePage.proximoButton.click();\nestoquePage.progressBar.should('have.text', progressStart);\nestoquePage.add9Rgs((0, _common.RgEquipamentoRandom)(), (0, _common.RgEquipamentoRandom)(), (0, _common.RgEquipamentoRandom)(), (0, _common.RgEquipamentoRandom)(), (0, _common.RgEquipamentoRandom)(), (0, _common.RgEquipamentoRandom)(), (0, _common.RgEquipamentoRandom)(), (0, _common.RgEquipamentoRandom)(), (0, _common.RgEquipamentoRandom)());\nestoquePage.proxButtonInsideRgModal.click();\nestoquePage.add9Rgs((0, _common.RgEquipamentoRandom)(), (0, _common.RgEquipamentoRandom)(), (0, _common.RgEquipamentoRandom)(), (0, _common.RgEquipamentoRandom)(), (0, _common.RgEquipamentoRandom)(), (0, _common.RgEquipamentoRandom)(), (0, _common.RgEquipamentoRandom)(), (0, _common.RgEquipamentoRandom)(), (0, _common.RgEquipamentoRandom)());\nestoquePage.proxButtonInsideRgModal.click();\nestoquePage.add9Rgs((0, _common.RgEquipamentoRandom)(), (0, _common.RgEquipamentoRandom)(), (0, _common.RgEquipamentoRandom)(), (0, _common.RgEquipamentoRandom)(), (0, _common.RgEquipamentoRandom)(), (0, _common.RgEquipamentoRandom)(), (0, _common.RgEquipamentoRandom)(), (0, _common.RgEquipamentoRandom)(), (0, _common.RgEquipamentoRandom)());\nestoquePage.proxButtonInsideRgModal.click();\nestoquePage.add9Rgs((0, _common.RgEquipamentoRandom)(), (0, _common.RgEquipamentoRandom)(), (0, _common.RgEquipamentoRandom)(), (0, _common.RgEquipamentoRandom)(), (0, _common.RgEquipamentoRandom)(), (0, _common.RgEquipamentoRandom)(), (0, _common.RgEquipamentoRandom)(), (0, _common.RgEquipamentoRandom)(), (0, _common.RgEquipamentoRandom)());\nestoquePage.proxButtonInsideRgModal.click();\nestoquePage.add9Rgs((0, _common.RgEquipamentoRandom)(), (0, _common.RgEquipamentoRandom)(), (0, _common.RgEquipamentoRandom)(), (0, _common.RgEquipamentoRandom)(), (0, _common.RgEquipamentoRandom)(), (0, _common.RgEquipamentoRandom)(), (0, _common.RgEquipamentoRandom)(), (0, _common.RgEquipamentoRandom)(), (0, _common.RgEquipamentoRandom)());\nestoquePage.proxButtonInsideRgModal.click();\nestoquePage.add9Rgs((0, _common.RgEquipamentoRandom)(), (0, _common.RgEquipamentoRandom)(), (0, _common.RgEquipamentoRandom)(), (0, _common.RgEquipamentoRandom)(), (0, _common.RgEquipamentoRandom)(), (0, _common.RgEquipamentoRandom)(), (0, _common.RgEquipamentoRandom)(), (0, _common.RgEquipamentoRandom)(), (0, _common.RgEquipamentoRandom)());\nestoquePage.proxButtonInsideRgModal.click();\nestoquePage.add9Rgs((0, _common.RgEquipamentoRandom)(), (0, _common.RgEquipamentoRandom)(), (0, _common.RgEquipamentoRandom)(), (0, _common.RgEquipamentoRandom)(), (0, _common.RgEquipamentoRandom)(), (0, _common.RgEquipamentoRandom)(), (0, _common.RgEquipamentoRandom)(), (0, _common.RgEquipamentoRandom)(), (0, _common.RgEquipamentoRandom)());\nestoquePage.proxButtonInsideRgModal.click();\nestoquePage.add9Rgs((0, _common.RgEquipamentoRandom)(), (0, _common.RgEquipamentoRandom)(), (0, _common.RgEquipamentoRandom)(), (0, _common.RgEquipamentoRandom)(), (0, _common.RgEquipamentoRandom)(), (0, _common.RgEquipamentoRandom)(), (0, _common.RgEquipamentoRandom)(), (0, _common.RgEquipamentoRandom)(), (0, _common.RgEquipamentoRandom)());\nestoquePage.proxButtonInsideRgModal.click();\nestoquePage.add9Rgs((0, _common.RgEquipamentoRandom)(), (0, _common.RgEquipamentoRandom)(), (0, _common.RgEquipamentoRandom)(), (0, _common.RgEquipamentoRandom)(), (0, _common.RgEquipamentoRandom)(), (0, _common.RgEquipamentoRandom)(), (0, _common.RgEquipamentoRandom)(), (0, _common.RgEquipamentoRandom)(), (0, _common.RgEquipamentoRandom)());\nestoquePage.proxButtonInsideRgModal.click();\nestoquePage.add9Rgs((0, _common.RgEquipamentoRandom)(), (0, _common.RgEquipamentoRandom)(), (0, _common.RgEquipamentoRandom)(), (0, _common.RgEquipamentoRandom)(), (0, _common.RgEquipamentoRandom)(), (0, _common.RgEquipamentoRandom)(), (0, _common.RgEquipamentoRandom)(), (0, _common.RgEquipamentoRandom)(), (0, _common.RgEquipamentoRandom)());\nestoquePage.proxButtonInsideRgModal.click();\nestoquePage.add9Rgs((0, _common.RgEquipamentoRandom)(), (0, _common.RgEquipamentoRandom)(), (0, _common.RgEquipamentoRandom)(), (0, _common.RgEquipamentoRandom)(), (0, _common.RgEquipamentoRandom)(), (0, _common.RgEquipamentoRandom)(), (0, _common.RgEquipamentoRandom)(), (0, _common.RgEquipamentoRandom)(), (0, _common.RgEquipamentoRandom)());\nestoquePage.progressBar.should('have.text', progressEnd);",
                  "err": {},
                  "uuid": "97d41d34-dbbe-406f-b0ca-dc7ee9552f44",
                  "parentUUID": "75dab847-752c-4581-8d50-beafbd981fc2",
                  "isHook": false,
                  "skipped": false
                },
                {
                  "title": "12, 50 -Validar se a modal de Salvar é exibida ao salvar os equipamentos",
                  "fullTitle": "Funcionalidade Estoque Funcionalidade de adicionar equipamentos ao estoque 12, 50 -Validar se a modal de Salvar é exibida ao salvar os equipamentos",
                  "timedOut": null,
                  "duration": 9579,
                  "state": "passed",
                  "speed": "medium",
                  "pass": true,
                  "fail": false,
                  "pending": false,
                  "context": null,
                  "code": "let RgEquipamentoRandom1 = JSON.stringify(Math.floor(Math.random() * (89999999999999 - 10000000000000)) + 10000000000000);\nlet RgEquipamentoRandom2 = JSON.stringify(Math.floor(Math.random() * (89999999999999 - 10000000000000)) + 10000000000000);\nlet RgEquipamentoRandom3 = JSON.stringify(Math.floor(Math.random() * (89999999999999 - 10000000000000)) + 10000000000000);\nlet RgEquipamentoRandom4 = JSON.stringify(Math.floor(Math.random() * (89999999999999 - 10000000000000)) + 10000000000000);\nlet RgEquipamentoRandom5 = JSON.stringify(Math.floor(Math.random() * (89999999999999 - 10000000000000)) + 10000000000000);\nlet RgEquipamentoRandom6 = JSON.stringify(Math.floor(Math.random() * (89999999999999 - 10000000000000)) + 10000000000000);\nlet RgEquipamentoRandom7 = JSON.stringify(Math.floor(Math.random() * (89999999999999 - 10000000000000)) + 10000000000000);\nlet RgEquipamentoRandom8 = JSON.stringify(Math.floor(Math.random() * (89999999999999 - 10000000000000)) + 10000000000000);\nlet RgEquipamentoRandom9 = JSON.stringify(Math.floor(Math.random() * (89999999999999 - 10000000000000)) + 10000000000000);\ncy.selectGeografiaOperacaoNomeOpecarao(geografia.geografia, cdd.cdd, nomeOperacao.nomeOperacao);\nestoquePage.AddButton.click();\nestoquePage.fillEquipmentModalFields((0, _common.NfRandom)(), tipoDeMovimento.Compra, origem.MetalFrio, dayjs().format('DD/MM/YYYY'), dadosEquipamento[1].equipamento, dadosEquipamento[1].equipamento, dadosEquipamento[1].voltagem, dadosEquipamento[1].quantidade);\nestoquePage.addEquipmentButton.click();\nestoquePage.proximoButton.click();\nestoquePage.add9Rgs(RgEquipamentoRandom1, RgEquipamentoRandom2, RgEquipamentoRandom3, RgEquipamentoRandom4, RgEquipamentoRandom5, RgEquipamentoRandom6, RgEquipamentoRandom7, RgEquipamentoRandom8, RgEquipamentoRandom9);\nestoquePage.buttonSalvarModalRgs.click();\nestoquePage.titleModalMsgsAndAlerts.should('have.text', 'Estoque adicionado com sucesso');\nestoquePage.subTitleModalMsgsAndAlerts.should('contain', dadosEquipamento[1].quantidade);\ncy.task('deleteRgs', {\n  Rg1: RgEquipamentoRandom1,\n  Rg2: RgEquipamentoRandom2,\n  Rg3: RgEquipamentoRandom3,\n  Rg4: RgEquipamentoRandom4,\n  Rg5: RgEquipamentoRandom5,\n  Rg6: RgEquipamentoRandom6,\n  Rg7: RgEquipamentoRandom7,\n  Rg8: RgEquipamentoRandom8,\n  Rg9: RgEquipamentoRandom9\n});",
                  "err": {},
                  "uuid": "0d19c439-c508-43ae-9342-2b926da6d094",
                  "parentUUID": "75dab847-752c-4581-8d50-beafbd981fc2",
                  "isHook": false,
                  "skipped": false
                },
                {
                  "title": "13-Validar se a modal de erro é exibida ao tentar salvar um equipamento",
                  "fullTitle": "Funcionalidade Estoque Funcionalidade de adicionar equipamentos ao estoque 13-Validar se a modal de erro é exibida ao tentar salvar um equipamento",
                  "timedOut": null,
                  "duration": 3803,
                  "state": "passed",
                  "speed": "fast",
                  "pass": true,
                  "fail": false,
                  "pending": false,
                  "context": null,
                  "code": "cy.intercept('POST', 'https://icebev-nonprod.ambevdevs.com.br/signature-control-panel-backend/equipment/store', {\n  forceNetworkError: true\n}).as('getNetworkFailure');\nlet NfRandomNumber = Math.floor(Math.random() * (90000000 - 10000000)) + 10000000;\ncy.selectGeografiaOperacaoNomeOpecarao(geografia.geografia, cdd.cdd, nomeOperacao.nomeOperacao);\nestoquePage.AddButton.click();\nestoquePage.fillEquipmentModalFields(NfRandomNumber, tipoDeMovimento.Compra, origem.MetalFrio, dayjs().format('DD/MM/YYYY'), dadosEquipamento[1].equipamento, dadosEquipamento[1].equipamento, dadosEquipamento[1].voltagem, 1);\nestoquePage.addEquipmentButton.click();\nestoquePage.proximoButton.click();\nestoquePage.addRg.eq(0).type((0, _common.RgEquipamentoRandom)());\nestoquePage.buttonSalvarModalRgs.click();\ncy.wait('@getNetworkFailure');\nestoquePage.titleModalMsgsAndAlerts.should('have.text', 'Erro de sistema');\nestoquePage.subTitleModalMsgsAndAlerts.should('have.text', 'Por conta de um erro do sistema sua solicitação não pode ser enviada, por favor tente novamente mais tarde.');\nestoquePage.messageTextBold.should('have.text', 'Em caso de dúvidas contate o administrador do sistema.');\nestoquePage.modalButtonOk.click();\nestoquePage.titleModalMsgsAndAlerts.should('not.exist');",
                  "err": {},
                  "uuid": "a774cb17-de72-4fd9-8018-e766a432c44d",
                  "parentUUID": "75dab847-752c-4581-8d50-beafbd981fc2",
                  "isHook": false,
                  "skipped": false
                },
                {
                  "title": "14-Validar se ao clicar no \"X\" para fechar na tela de RG sem preencher algum campo RG exibe a modal de aviso",
                  "fullTitle": "Funcionalidade Estoque Funcionalidade de adicionar equipamentos ao estoque 14-Validar se ao clicar no \"X\" para fechar na tela de RG sem preencher algum campo RG exibe a modal de aviso",
                  "timedOut": null,
                  "duration": 3580,
                  "state": "passed",
                  "speed": "fast",
                  "pass": true,
                  "fail": false,
                  "pending": false,
                  "context": null,
                  "code": "cy.selectGeografiaOperacaoNomeOpecarao(geografia.geografia, cdd.cdd, nomeOperacao.nomeOperacao);\nestoquePage.AddButton.click();\nestoquePage.fillEquipmentModalFields((0, _common.NfRandom)(), tipoDeMovimento.Compra, origem.MetalFrio, dayjs().format('DD/MM/YYYY'), dadosEquipamento[1].equipamento, dadosEquipamento[1].equipamento, dadosEquipamento[1].voltagem, dadosEquipamento[1].quantidade);\nestoquePage.addEquipmentButton.click();\nestoquePage.proximoButton.click();\nestoquePage.buttonX.click();\nestoquePage.modalAcaoCancelar.should('exist');\nestoquePage.modalAcaoCancelar.should('contain', 'Se essa ação for confirmada, você perderá todos os dados informados');",
                  "err": {},
                  "uuid": "101deb4c-9130-4456-98c1-d18e0b1e992b",
                  "parentUUID": "75dab847-752c-4581-8d50-beafbd981fc2",
                  "isHook": false,
                  "skipped": false
                },
                {
                  "title": "15-Validar se ao clicar na tela de RG quando preencher algum campo RG exibe a modal de aviso",
                  "fullTitle": "Funcionalidade Estoque Funcionalidade de adicionar equipamentos ao estoque 15-Validar se ao clicar na tela de RG quando preencher algum campo RG exibe a modal de aviso",
                  "timedOut": null,
                  "duration": 3589,
                  "state": "passed",
                  "speed": "fast",
                  "pass": true,
                  "fail": false,
                  "pending": false,
                  "context": null,
                  "code": "cy.selectGeografiaOperacaoNomeOpecarao(geografia.geografia, cdd.cdd, nomeOperacao.nomeOperacao);\nestoquePage.AddButton.click();\nestoquePage.fillEquipmentModalFields((0, _common.NfRandom)(), tipoDeMovimento.Compra, origem.MetalFrio, dayjs().format('DD/MM/YYYY'), dadosEquipamento[1].equipamento, dadosEquipamento[1].equipamento, dadosEquipamento[1].voltagem, dadosEquipamento[1].quantidade);\nestoquePage.addEquipmentButton.click();\nestoquePage.proximoButton.click();\nestoquePage.addRg.eq(0).type((0, _common.RgEquipamentoRandom)());\nestoquePage.buttonX.click();\nestoquePage.modalAcaoCancelar.should('exist');\nestoquePage.modalAcaoCancelar.should('contain', 'Se essa ação for confirmada, você perderá todos os dados informados');",
                  "err": {},
                  "uuid": "0c1cd94e-57ef-404f-bb67-c4fdde4add06",
                  "parentUUID": "75dab847-752c-4581-8d50-beafbd981fc2",
                  "isHook": false,
                  "skipped": false
                },
                {
                  "title": "16-Validando se ao adicionar equipamento na lista, clicar em cancelar e no modal de cancelar ação, ao voltar para o modal Adicionar equipamentos, os equipamentos da lista permanecem",
                  "fullTitle": "Funcionalidade Estoque Funcionalidade de adicionar equipamentos ao estoque 16-Validando se ao adicionar equipamento na lista, clicar em cancelar e no modal de cancelar ação, ao voltar para o modal Adicionar equipamentos, os equipamentos da lista permanecem",
                  "timedOut": null,
                  "duration": 3206,
                  "state": "passed",
                  "speed": "fast",
                  "pass": true,
                  "fail": false,
                  "pending": false,
                  "context": null,
                  "code": "cy.selectGeografiaOperacaoNomeOpecarao(geografia.geografia, cdd.cdd, nomeOperacao.nomeOperacao);\nestoquePage.AddButton.click();\nestoquePage.fillEquipmentModalFields((0, _common.NfRandom)(), tipoDeMovimento.Tansferencia, origem.FabricaDeAgudos, dayjs().format('DD/MM/YYYY'), dadosEquipamento[0].equipamento, dadosEquipamento[0].equipamento, dadosEquipamento[0].voltagem, dadosEquipamento[0].quantidade);\nestoquePage.addEquipmentButton.click();\nestoquePage.cancelarButtonModalEquip.click();\nestoquePage.modalButtonCancela.click();\nestoquePage.fieldQuantidadeOnEquipamentoList.should('have.value', dadosEquipamento[0].quantidade);\nestoquePage.equipamentoOnAddList.should('contain', dadosEquipamento[0].equipamento);",
                  "err": {},
                  "uuid": "4adb7624-a7da-47d6-8e54-11f593ce07f5",
                  "parentUUID": "75dab847-752c-4581-8d50-beafbd981fc2",
                  "isHook": false,
                  "skipped": false
                },
                {
                  "title": "17-Validar se na lista de +Adicionar Equipamentos exibe um scroll com os equipamentos na lista",
                  "fullTitle": "Funcionalidade Estoque Funcionalidade de adicionar equipamentos ao estoque 17-Validar se na lista de +Adicionar Equipamentos exibe um scroll com os equipamentos na lista",
                  "timedOut": null,
                  "duration": 4308,
                  "state": "passed",
                  "speed": "fast",
                  "pass": true,
                  "fail": false,
                  "pending": false,
                  "context": null,
                  "code": "cy.selectGeografiaOperacaoNomeOpecarao(geografia.geografia, cdd.cdd, nomeOperacao.nomeOperacao);\nestoquePage.AddButton.click();\nestoquePage.fillEquipmentModalFields((0, _common.NfRandom)(), tipoDeMovimento.Tansferencia, origem.FabricaDeAgudos, dayjs().format('DD/MM/YYYY'), dadosEquipamento[0].equipamento, dadosEquipamento[0].equipamento, dadosEquipamento[0].voltagem, dadosEquipamento[1].quantidade);\nestoquePage.addEquipmentButton.click();\nestoquePage.fieldEquipamento.type(dadosEquipamento[0].equipamento);\nestoquePage.VoltagemRadioButton.check(dadosEquipamento[1].voltagem);\nestoquePage.fieldQuantidade.type(dadosEquipamento[1].quantidade);\nestoquePage.addEquipmentButton.click();\nestoquePage.fieldEquipamento.type(dadosEquipamento[2].equipamento);\nestoquePage.VoltagemRadioButton.check(dadosEquipamento[2].voltagem);\nestoquePage.fieldQuantidade.type(dadosEquipamento[2].quantidade);\nestoquePage.addEquipmentButton.click();\nestoquePage.scrolOnlistEquipamento.scrollTo('bottom').should('be.visible');",
                  "err": {},
                  "uuid": "a2c65993-4f36-4ded-a90e-b84c6a38d3e9",
                  "parentUUID": "75dab847-752c-4581-8d50-beafbd981fc2",
                  "isHook": false,
                  "skipped": false
                },
                {
                  "title": "20-Validar se o campo Origem não fica ativo se não preencher o campo Tipo de movimentação",
                  "fullTitle": "Funcionalidade Estoque Funcionalidade de adicionar equipamentos ao estoque 20-Validar se o campo Origem não fica ativo se não preencher o campo Tipo de movimentação",
                  "timedOut": null,
                  "duration": 2358,
                  "state": "passed",
                  "speed": "fast",
                  "pass": true,
                  "fail": false,
                  "pending": false,
                  "context": null,
                  "code": "cy.selectGeografiaOperacaoNomeOpecarao(geografia.geografia, cdd.cdd, nomeOperacao.nomeOperacao);\nestoquePage.AddButton.click();\nestoquePage.fieldNfNumero.type((0, _common.NfRandom)());\nestoquePage.origemField.should('be.disabled');",
                  "err": {},
                  "uuid": "c530e463-9c4b-4c58-af88-357fe8623c45",
                  "parentUUID": "75dab847-752c-4581-8d50-beafbd981fc2",
                  "isHook": false,
                  "skipped": false
                },
                {
                  "title": "21-Validar se o campo Origem fica ativo após preencher o campo Tipo de movimentação",
                  "fullTitle": "Funcionalidade Estoque Funcionalidade de adicionar equipamentos ao estoque 21-Validar se o campo Origem fica ativo após preencher o campo Tipo de movimentação",
                  "timedOut": null,
                  "duration": 1998,
                  "state": "passed",
                  "speed": "fast",
                  "pass": true,
                  "fail": false,
                  "pending": false,
                  "context": null,
                  "code": "cy.selectGeografiaOperacaoNomeOpecarao(geografia.geografia, cdd.cdd, nomeOperacao.nomeOperacao);\nestoquePage.AddButton.click();\nestoquePage.fieldNfNumero.type((0, _common.NfRandom)());\nestoquePage.fieldTipoDeMovimento.click();\nestoquePage.listaTipoDeMovimento.contains(tipoDeMovimento.Tansferencia).click();\nestoquePage.origemField.should('be.enabled');",
                  "err": {},
                  "uuid": "bb5a99ab-3b65-4a33-a355-fb3c346def86",
                  "parentUUID": "75dab847-752c-4581-8d50-beafbd981fc2",
                  "isHook": false,
                  "skipped": false
                },
                {
                  "title": "35-Validar se após adicionar um equipamento na lista é possível mudar a quantidade apenas usando os sinais de \"-\" e \"+\"",
                  "fullTitle": "Funcionalidade Estoque Funcionalidade de adicionar equipamentos ao estoque 35-Validar se após adicionar um equipamento na lista é possível mudar a quantidade apenas usando os sinais de \"-\" e \"+\"",
                  "timedOut": null,
                  "duration": 3086,
                  "state": "passed",
                  "speed": "fast",
                  "pass": true,
                  "fail": false,
                  "pending": false,
                  "context": null,
                  "code": "cy.selectGeografiaOperacaoNomeOpecarao(geografia.geografia, cdd.cdd, nomeOperacao.nomeOperacao);\nestoquePage.AddButton.click();\nestoquePage.fillEquipmentModalFields((0, _common.NfRandom)(), tipoDeMovimento.Tansferencia, origem.FabricaDeAgudos, dayjs().format('DD/MM/YYYY'), dadosEquipamento[0].equipamento, dadosEquipamento[0].equipamento, dadosEquipamento[0].voltagem, dadosEquipamento[0].quantidade);\nestoquePage.addEquipmentButton.click();\nestoquePage.buttonMinusListEquipment.click();\nestoquePage.fieldQuantidadeOnEquipamentoList.should('have.value', dadosEquipamento[0].quantidade - 1);\nestoquePage.buttonButtonPlusListEquipment.click();\nestoquePage.fieldQuantidadeOnEquipamentoList.should('have.value', dadosEquipamento[0].quantidade);",
                  "err": {},
                  "uuid": "b17e9f6d-9716-41e7-bb47-64fb71ceeeb4",
                  "parentUUID": "75dab847-752c-4581-8d50-beafbd981fc2",
                  "isHook": false,
                  "skipped": false
                },
                {
                  "title": "36-Validar se ao adicionar um equipamento na lista é possível mudar a quantidade digitando um valor",
                  "fullTitle": "Funcionalidade Estoque Funcionalidade de adicionar equipamentos ao estoque 36-Validar se ao adicionar um equipamento na lista é possível mudar a quantidade digitando um valor",
                  "timedOut": null,
                  "duration": 3497,
                  "state": "passed",
                  "speed": "fast",
                  "pass": true,
                  "fail": false,
                  "pending": false,
                  "context": null,
                  "code": "cy.selectGeografiaOperacaoNomeOpecarao(geografia.geografia, cdd.cdd, nomeOperacao.nomeOperacao);\nestoquePage.AddButton.click();\nestoquePage.fillEquipmentModalFields((0, _common.NfRandom)(), tipoDeMovimento.Tansferencia, origem.FabricaDeAgudos, dayjs().format('DD/MM/YYYY'), dadosEquipamento[0].equipamento, dadosEquipamento[0].equipamento, dadosEquipamento[0].voltagem, dadosEquipamento[0].quantidade);\nestoquePage.addEquipmentButton.click();\nestoquePage.fieldQuantidadeOnEquipamentoList.should('have.attr', 'readonly');",
                  "err": {},
                  "uuid": "453bc550-cee2-444c-b2f2-ec8c0513b9bf",
                  "parentUUID": "75dab847-752c-4581-8d50-beafbd981fc2",
                  "isHook": false,
                  "skipped": false
                },
                {
                  "title": "37-Validar se na modal adicionar equipamentos permite digitar a quantidade",
                  "fullTitle": "Funcionalidade Estoque Funcionalidade de adicionar equipamentos ao estoque 37-Validar se na modal adicionar equipamentos permite digitar a quantidade",
                  "timedOut": null,
                  "duration": 2522,
                  "state": "passed",
                  "speed": "fast",
                  "pass": true,
                  "fail": false,
                  "pending": false,
                  "context": null,
                  "code": "cy.selectGeografiaOperacaoNomeOpecarao(geografia.geografia, cdd.cdd, nomeOperacao.nomeOperacao);\nestoquePage.AddButton.click();\nestoquePage.fieldNfNumero.type((0, _common.NfRandom)());\nestoquePage.fieldTipoDeMovimento.click();\nestoquePage.listaTipoDeMovimento.contains(tipoDeMovimento.Tansferencia).click();\nestoquePage.origemField.click();\nestoquePage.listOrigem.contains(origem.FabricaDeAgudos).click();\nestoquePage.dataField.type(dayjs().format('DD/MM/YYYY'));\nestoquePage.fieldQuantidade.type(dadosEquipamento[0].quantidade);\nestoquePage.fieldQuantidade.should('have.value', dadosEquipamento[0].quantidade);",
                  "err": {},
                  "uuid": "f94d8e86-1d9c-4380-a0ff-4aa0d28f529b",
                  "parentUUID": "75dab847-752c-4581-8d50-beafbd981fc2",
                  "isHook": false,
                  "skipped": false
                },
                {
                  "title": "38-Validar se da modal adicionar equipamentos permite mudar a quantidade pelo botões \"-\" e \"+\"",
                  "fullTitle": "Funcionalidade Estoque Funcionalidade de adicionar equipamentos ao estoque 38-Validar se da modal adicionar equipamentos permite mudar a quantidade pelo botões \"-\" e \"+\"",
                  "timedOut": null,
                  "duration": 3024,
                  "state": "passed",
                  "speed": "fast",
                  "pass": true,
                  "fail": false,
                  "pending": false,
                  "context": null,
                  "code": "cy.selectGeografiaOperacaoNomeOpecarao(geografia.geografia, cdd.cdd, nomeOperacao.nomeOperacao);\nestoquePage.AddButton.click();\nestoquePage.fieldNfNumero.type((0, _common.NfRandom)());\nestoquePage.fieldTipoDeMovimento.click();\nestoquePage.listaTipoDeMovimento.contains(tipoDeMovimento.Tansferencia).click();\nestoquePage.origemField.click();\nestoquePage.listOrigem.contains(origem.FabricaDeAgudos).click();\nestoquePage.dataField.type(dayjs().format('DD/MM/YYYY'));\nestoquePage.buttonPlusModalEquipment.click().click();\nestoquePage.fieldQuantidade.should('have.value', 2);\nestoquePage.buttonMinusModalEquipament.click();\nestoquePage.fieldQuantidade.should('have.value', 1);",
                  "err": {},
                  "uuid": "ee7d6874-d33c-4cd2-802d-4ce0817a6f44",
                  "parentUUID": "75dab847-752c-4581-8d50-beafbd981fc2",
                  "isHook": false,
                  "skipped": false
                },
                {
                  "title": "39-Validar se da modal adicionar equipamentos não permite adicionar equipamento se quantidade for zero",
                  "fullTitle": "Funcionalidade Estoque Funcionalidade de adicionar equipamentos ao estoque 39-Validar se da modal adicionar equipamentos não permite adicionar equipamento se quantidade for zero",
                  "timedOut": null,
                  "duration": 2869,
                  "state": "passed",
                  "speed": "fast",
                  "pass": true,
                  "fail": false,
                  "pending": false,
                  "context": null,
                  "code": "cy.selectGeografiaOperacaoNomeOpecarao(geografia.geografia, cdd.cdd, nomeOperacao.nomeOperacao);\nestoquePage.AddButton.click();\nestoquePage.fieldNfNumero.type((0, _common.NfRandom)());\nestoquePage.fieldTipoDeMovimento.click();\nestoquePage.listaTipoDeMovimento.contains(tipoDeMovimento.Tansferencia).click();\nestoquePage.origemField.click();\nestoquePage.listOrigem.contains(origem.FabricaDeAgudos).click();\nestoquePage.dataField.type(dayjs().format('DD/MM/YYYY'));\nestoquePage.fieldEquipamento.type(dadosEquipamento[0].equipamento);\nestoquePage.VoltagemRadioButton.check(dadosEquipamento[0].voltagem);\nestoquePage.addEquipmentButton.should('be.disabled');",
                  "err": {},
                  "uuid": "63c83f8a-4ee8-404d-af6e-afbc5a79bd3f",
                  "parentUUID": "75dab847-752c-4581-8d50-beafbd981fc2",
                  "isHook": false,
                  "skipped": false
                },
                {
                  "title": "40-Validar se da modal adicionar equipamentos não permite adicionar equipamento se quantidade for zero, teste mudando campo",
                  "fullTitle": "Funcionalidade Estoque Funcionalidade de adicionar equipamentos ao estoque 40-Validar se da modal adicionar equipamentos não permite adicionar equipamento se quantidade for zero, teste mudando campo",
                  "timedOut": null,
                  "duration": 2933,
                  "state": "passed",
                  "speed": "fast",
                  "pass": true,
                  "fail": false,
                  "pending": false,
                  "context": null,
                  "code": "cy.selectGeografiaOperacaoNomeOpecarao(geografia.geografia, cdd.cdd, nomeOperacao.nomeOperacao);\nestoquePage.AddButton.click();\nestoquePage.fillEquipmentModalFields((0, _common.NfRandom)(), tipoDeMovimento.Tansferencia, origem.FabricaDeAgudos, dayjs().format('DD/MM/YYYY'), dadosEquipamento[0].equipamento, dadosEquipamento[0].equipamento, dadosEquipamento[0].voltagem, dadosEquipamento[0].quantidade);\nestoquePage.fieldQuantidade.clear();\nestoquePage.addEquipmentButton.should('be.disabled');",
                  "err": {},
                  "uuid": "1ead3e64-e7da-4797-9e16-1e179743abe1",
                  "parentUUID": "75dab847-752c-4581-8d50-beafbd981fc2",
                  "isHook": false,
                  "skipped": false
                },
                {
                  "title": "43-Validar se o botão próximo fica desabilitado quando não tem equipamento adicionados na lista",
                  "fullTitle": "Funcionalidade Estoque Funcionalidade de adicionar equipamentos ao estoque 43-Validar se o botão próximo fica desabilitado quando não tem equipamento adicionados na lista",
                  "timedOut": null,
                  "duration": 1248,
                  "state": "passed",
                  "speed": "fast",
                  "pass": true,
                  "fail": false,
                  "pending": false,
                  "context": null,
                  "code": "cy.selectGeografiaOperacaoNomeOpecarao(geografia.geografia, cdd.cdd, nomeOperacao.nomeOperacao);\nestoquePage.AddButton.click();\nestoquePage.proximoButton.should('be.disabled');",
                  "err": {},
                  "uuid": "eb8d3f7f-e948-4546-9f3e-8851e328f1ed",
                  "parentUUID": "75dab847-752c-4581-8d50-beafbd981fc2",
                  "isHook": false,
                  "skipped": false
                },
                {
                  "title": "44-Validar se clicar no botão \"+Adicionar Equipamento\" os campos que são apagados bloqueiam novamente o botão \"+Adicionar Equipamentos\"",
                  "fullTitle": "Funcionalidade Estoque Funcionalidade de adicionar equipamentos ao estoque 44-Validar se clicar no botão \"+Adicionar Equipamento\" os campos que são apagados bloqueiam novamente o botão \"+Adicionar Equipamentos\"",
                  "timedOut": null,
                  "duration": 2855,
                  "state": "passed",
                  "speed": "fast",
                  "pass": true,
                  "fail": false,
                  "pending": false,
                  "context": null,
                  "code": "cy.selectGeografiaOperacaoNomeOpecarao(geografia.geografia, cdd.cdd, nomeOperacao.nomeOperacao);\nestoquePage.AddButton.click();\nestoquePage.fillEquipmentModalFields((0, _common.NfRandom)(), tipoDeMovimento.Tansferencia, origem.FabricaDeAgudos, dayjs().format('DD/MM/YYYY'), dadosEquipamento[1].equipamento, dadosEquipamento[1].equipamento, dadosEquipamento[1].voltagem, dadosEquipamento[1].quantidade);\nestoquePage.addEquipmentButton.click();\nestoquePage.addEquipmentButton.should('be.disabled');",
                  "err": {},
                  "uuid": "8bae7f01-ef49-4fef-a10d-87c79978c383",
                  "parentUUID": "75dab847-752c-4581-8d50-beafbd981fc2",
                  "isHook": false,
                  "skipped": false
                },
                {
                  "title": "47-Validar se ao adicionar as duas voltagens possíveis de um mesmo equipamento, ele não deve mais aparecer na lista de equipamentos",
                  "fullTitle": "Funcionalidade Estoque Funcionalidade de adicionar equipamentos ao estoque 47-Validar se ao adicionar as duas voltagens possíveis de um mesmo equipamento, ele não deve mais aparecer na lista de equipamentos",
                  "timedOut": null,
                  "duration": 3615,
                  "state": "passed",
                  "speed": "fast",
                  "pass": true,
                  "fail": false,
                  "pending": false,
                  "context": null,
                  "code": "cy.selectGeografiaOperacaoNomeOpecarao(geografia.geografia, cdd.cdd, nomeOperacao.nomeOperacao);\nestoquePage.AddButton.click();\nestoquePage.fillEquipmentModalFields((0, _common.NfRandom)(), tipoDeMovimento.Compra, origem.MetalFrio, dayjs().format('DD/MM/YYYY'), dadosEquipamento[2].equipamento, dadosEquipamento[2].equipamento, dadosEquipamento[2].voltagem, dadosEquipamento[2].quantidade);\nestoquePage.addEquipmentButton.click();\nestoquePage.fieldEquipamento.type(dadosEquipamento[3].equipamento);\nestoquePage.VoltagemRadioButton.check(dadosEquipamento[3].voltagem);\nestoquePage.fieldQuantidade.type(dadosEquipamento[3].quantidade);\nestoquePage.addEquipmentButton.click();\nestoquePage.fieldEquipamento.click();\nestoquePage.equipamentoOnList.should('not.have.text', dadosEquipamento[2].equipamento);",
                  "err": {},
                  "uuid": "9cfec378-5b4d-4cba-9e35-c74867d20fb8",
                  "parentUUID": "75dab847-752c-4581-8d50-beafbd981fc2",
                  "isHook": false,
                  "skipped": false
                },
                {
                  "title": "49-Validar se o botão voltar nas telas de RG volta para a tela anterior",
                  "fullTitle": "Funcionalidade Estoque Funcionalidade de adicionar equipamentos ao estoque 49-Validar se o botão voltar nas telas de RG volta para a tela anterior",
                  "timedOut": null,
                  "duration": 6296,
                  "state": "passed",
                  "speed": "medium",
                  "pass": true,
                  "fail": false,
                  "pending": false,
                  "context": null,
                  "code": "cy.selectGeografiaOperacaoNomeOpecarao(geografia.geografia, cdd.cdd, nomeOperacao.nomeOperacao);\nestoquePage.AddButton.click();\nestoquePage.fillEquipmentModalFields((0, _common.NfRandom)(), tipoDeMovimento.Compra, origem.MetalFrio, dayjs().format('DD/MM/YYYY'), dadosEquipamento[1].equipamento, dadosEquipamento[1].equipamento, dadosEquipamento[1].voltagem, 10);\nestoquePage.addEquipmentButton.click();\nestoquePage.proximoButton.click();\nestoquePage.add9Rgs((0, _common.RgEquipamentoRandom)(), (0, _common.RgEquipamentoRandom)(), (0, _common.RgEquipamentoRandom)(), (0, _common.RgEquipamentoRandom)(), (0, _common.RgEquipamentoRandom)(), (0, _common.RgEquipamentoRandom)(), (0, _common.RgEquipamentoRandom)(), (0, _common.RgEquipamentoRandom)(), (0, _common.RgEquipamentoRandom)());\nestoquePage.proxButtonInsideRgModal.click();\nestoquePage.voltarButttonInsideRgModal.click();\nestoquePage.voltarButttonInsideRgModal.click();\nestoquePage.addEquipmentButton.should('be.visible');",
                  "err": {},
                  "uuid": "8eb55159-97ee-43ff-9b19-a07a276c9f8c",
                  "parentUUID": "75dab847-752c-4581-8d50-beafbd981fc2",
                  "isHook": false,
                  "skipped": false
                },
                {
                  "title": "51-Validar a regra do campo RG com menos que 14 caracteres",
                  "fullTitle": "Funcionalidade Estoque Funcionalidade de adicionar equipamentos ao estoque 51-Validar a regra do campo RG com menos que 14 caracteres",
                  "timedOut": null,
                  "duration": 3514,
                  "state": "passed",
                  "speed": "fast",
                  "pass": true,
                  "fail": false,
                  "pending": false,
                  "context": null,
                  "code": "cy.selectGeografiaOperacaoNomeOpecarao(geografia.geografia, cdd.cdd, nomeOperacao.nomeOperacao);\nestoquePage.AddButton.click();\nestoquePage.fillEquipmentModalFields((0, _common.NfRandom)(), tipoDeMovimento.Compra, origem.MetalFrio, dayjs().format('DD/MM/YYYY'), dadosEquipamento[1].equipamento, dadosEquipamento[1].equipamento, dadosEquipamento[1].voltagem, 1);\nestoquePage.addEquipmentButton.click();\nestoquePage.proximoButton.click();\nestoquePage.addRg.eq(0).type(1234567890123);\nestoquePage.buttonSalvarModalRgs.click();\nestoquePage.messageFieldInsideRgModal.should('contain', 'O campo deve conter 14 caracteres.');",
                  "err": {},
                  "uuid": "eadd758b-ba2a-4f9b-b49a-377ab15cda6a",
                  "parentUUID": "75dab847-752c-4581-8d50-beafbd981fc2",
                  "isHook": false,
                  "skipped": false
                },
                {
                  "title": "52-Validar a regra do campo RG para preencher o próximo RG",
                  "fullTitle": "Funcionalidade Estoque Funcionalidade de adicionar equipamentos ao estoque 52-Validar a regra do campo RG para preencher o próximo RG",
                  "timedOut": null,
                  "duration": 5155,
                  "state": "passed",
                  "speed": "medium",
                  "pass": true,
                  "fail": false,
                  "pending": false,
                  "context": null,
                  "code": "cy.selectGeografiaOperacaoNomeOpecarao(geografia.geografia, cdd.cdd, nomeOperacao.nomeOperacao);\nestoquePage.AddButton.click();\nestoquePage.fillEquipmentModalFields((0, _common.NfRandom)(), tipoDeMovimento.Compra, origem.MetalFrio, dayjs().format('DD/MM/YYYY'), dadosEquipamento[1].equipamento, dadosEquipamento[1].equipamento, dadosEquipamento[1].voltagem, 2);\nestoquePage.addEquipmentButton.click();\nestoquePage.proximoButton.click();\nestoquePage.addRg.eq(0).type(1234567890123);\nestoquePage.buttonSalvarModalRgs.click();\nestoquePage.addRg.eq(1).should('be.disabled');",
                  "err": {},
                  "uuid": "fb7ede9e-48a4-4a7b-8708-4e5857837eee",
                  "parentUUID": "75dab847-752c-4581-8d50-beafbd981fc2",
                  "isHook": false,
                  "skipped": false
                },
                {
                  "title": "53-Validar a regra do campo RG para RG duplicado bloqueio",
                  "fullTitle": "Funcionalidade Estoque Funcionalidade de adicionar equipamentos ao estoque 53-Validar a regra do campo RG para RG duplicado bloqueio",
                  "timedOut": null,
                  "duration": 4047,
                  "state": "passed",
                  "speed": "fast",
                  "pass": true,
                  "fail": false,
                  "pending": false,
                  "context": null,
                  "code": "cy.selectGeografiaOperacaoNomeOpecarao(geografia.geografia, cdd.cdd, nomeOperacao.nomeOperacao);\nestoquePage.AddButton.click();\nestoquePage.fillEquipmentModalFields((0, _common.NfRandom)(), tipoDeMovimento.Compra, origem.MetalFrio, dayjs().format('DD/MM/YYYY'), dadosEquipamento[1].equipamento, dadosEquipamento[1].equipamento, dadosEquipamento[1].voltagem, 3);\nestoquePage.addEquipmentButton.click();\nestoquePage.proximoButton.click();\nestoquePage.addRg.eq(0).type(12345678901231);\nestoquePage.addRg.eq(1).type(12345678901231);\nestoquePage.buttonSalvarModalRgs.click();\nestoquePage.addRg.eq(2).should('be.disabled');",
                  "err": {},
                  "uuid": "2e9a1a41-bcbd-4d09-95cb-48f4b8cf66f2",
                  "parentUUID": "75dab847-752c-4581-8d50-beafbd981fc2",
                  "isHook": false,
                  "skipped": false
                },
                {
                  "title": "54-Validar se o sistema impede usar uma NF já existente no banco",
                  "fullTitle": "Funcionalidade Estoque Funcionalidade de adicionar equipamentos ao estoque 54-Validar se o sistema impede usar uma NF já existente no banco",
                  "timedOut": null,
                  "duration": 1892,
                  "state": "passed",
                  "speed": "fast",
                  "pass": true,
                  "fail": false,
                  "pending": false,
                  "context": null,
                  "code": "cy.selectGeografiaOperacaoNomeOpecarao(geografia.geografia, cdd.cdd, nomeOperacao.nomeOperacao);\nestoquePage.AddButton.click();\nestoquePage.fieldNfNumero.type('123456 / 123');\nestoquePage.fieldTipoDeMovimento.click();\nestoquePage.titleModalMsgsAndAlerts.should('have.text', 'Nota fiscal existente');\nestoquePage.subTitleModalMsgsAndAlerts.should('have.text', 'O número informado já está cadastrado emnosso sistema.');",
                  "err": {},
                  "uuid": "d0b0fde5-0078-47ef-b4c5-4b40e5cd5c9c",
                  "parentUUID": "75dab847-752c-4581-8d50-beafbd981fc2",
                  "isHook": false,
                  "skipped": false
                },
                {
                  "title": "55-Validar se o sistema não permite salva RGs já existentes na base",
                  "fullTitle": "Funcionalidade Estoque Funcionalidade de adicionar equipamentos ao estoque 55-Validar se o sistema não permite salva RGs já existentes na base",
                  "timedOut": null,
                  "duration": 4190,
                  "state": "passed",
                  "speed": "fast",
                  "pass": true,
                  "fail": false,
                  "pending": false,
                  "context": null,
                  "code": "const Rg1 = '2210777425120-8';\nconst Rg2 = '2210037447597-4';\nconst Rg3 = '2211037447593-1';\ncy.selectGeografiaOperacaoNomeOpecarao(geografia.geografia, cdd.cdd, nomeOperacao.nomeOperacao);\nestoquePage.AddButton.click();\nestoquePage.fillEquipmentModalFields((0, _common.NfRandom)(), tipoDeMovimento.Compra, origem.MetalFrio, dayjs().format('DD/MM/YYYY'), dadosEquipamento[1].equipamento, dadosEquipamento[1].equipamento, dadosEquipamento[1].voltagem, 3);\nestoquePage.addEquipmentButton.click();\nestoquePage.proximoButton.click();\nestoquePage.addRg.eq(0).type(Rg1);\nestoquePage.addRg.eq(1).type(Rg2);\nestoquePage.addRg.eq(2).type(Rg3);\nestoquePage.buttonSalvarModalRgs.click();\nestoquePage.titleModalMsgsAndAlerts.should('have.text', 'RG já existente');\nestoquePage.subTitleModalMsgsAndAlerts.should('have.text', 'Alguns RG’s já estão cadastrados em nossa base,verifique os dados e tente novamente.');\nestoquePage.listAlertRgs.should('contain', Rg1);\nestoquePage.listAlertRgs.should('contain', Rg2);\nestoquePage.listAlertRgs.should('contain', Rg3);",
                  "err": {},
                  "uuid": "66c82f50-7a54-404b-8960-2099a859f27a",
                  "parentUUID": "75dab847-752c-4581-8d50-beafbd981fc2",
                  "isHook": false,
                  "skipped": false
                },
                {
                  "title": "56-Valida se o modal cancelar não é exibida quando a modal de adicionar equipamentos é fechada sem preencher algum campo",
                  "fullTitle": "Funcionalidade Estoque Funcionalidade de adicionar equipamentos ao estoque 56-Valida se o modal cancelar não é exibida quando a modal de adicionar equipamentos é fechada sem preencher algum campo",
                  "timedOut": null,
                  "duration": 2318,
                  "state": "passed",
                  "speed": "fast",
                  "pass": true,
                  "fail": false,
                  "pending": false,
                  "context": null,
                  "code": "cy.selectGeografiaOperacaoNomeOpecarao(geografia.geografia, cdd.cdd, nomeOperacao.nomeOperacao);\nestoquePage.AddButton.click();\nestoquePage.cancelarButtonModalEquip.click();\nestoquePage.modalAcaoCancelar.should('not.exist');",
                  "err": {},
                  "uuid": "4a7ff5f3-b220-474c-9be1-acb588bed859",
                  "parentUUID": "75dab847-752c-4581-8d50-beafbd981fc2",
                  "isHook": false,
                  "skipped": false
                },
                {
                  "title": "57-Validar a regra do campo RG para RG duplicado mensagem",
                  "fullTitle": "Funcionalidade Estoque Funcionalidade de adicionar equipamentos ao estoque 57-Validar a regra do campo RG para RG duplicado mensagem",
                  "timedOut": null,
                  "duration": 5188,
                  "state": "passed",
                  "speed": "medium",
                  "pass": true,
                  "fail": false,
                  "pending": false,
                  "context": null,
                  "code": "cy.selectGeografiaOperacaoNomeOpecarao(geografia.geografia, cdd.cdd, nomeOperacao.nomeOperacao);\nestoquePage.AddButton.click();\nestoquePage.fillEquipmentModalFields((0, _common.NfRandom)(), tipoDeMovimento.Compra, origem.MetalFrio, dayjs().format('DD/MM/YYYY'), dadosEquipamento[1].equipamento, dadosEquipamento[1].equipamento, dadosEquipamento[1].voltagem, 2);\nestoquePage.addEquipmentButton.click();\nestoquePage.proximoButton.click();\nestoquePage.addRg.eq(0).type(12345678901231);\nestoquePage.addRg.eq(1).type(12345678901231);\nestoquePage.buttonSalvarModalRgs.click();\nestoquePage.messageFieldInsideRgModal.should('contain', 'RG duplicado.');",
                  "err": {},
                  "uuid": "c5b8055d-fc7b-4402-85e7-46d24f9bde71",
                  "parentUUID": "75dab847-752c-4581-8d50-beafbd981fc2",
                  "isHook": false,
                  "skipped": false
                }
              ],
              "suites": [
                {
                  "uuid": "e7189460-e3dd-475c-8632-9b2a3af96fb6",
                  "title": "Valida o preenchimento automatico de todos os códigos Promax e Sap de todos os equipamentos",
                  "fullFile": "",
                  "file": "",
                  "beforeHooks": [],
                  "afterHooks": [],
                  "tests": [
                    {
                      "title": "19-Validar se ao selecionar a voltagem os campos código Promax e código Sap são preenchidos automaticamente",
                      "fullTitle": "Funcionalidade Estoque Funcionalidade de adicionar equipamentos ao estoque Valida o preenchimento automatico de todos os códigos Promax e Sap de todos os equipamentos 19-Validar se ao selecionar a voltagem os campos código Promax e código Sap são preenchidos automaticamente",
                      "timedOut": null,
                      "duration": 2932,
                      "state": "passed",
                      "speed": "fast",
                      "pass": true,
                      "fail": false,
                      "pending": false,
                      "context": null,
                      "code": "cy.selectGeografiaOperacaoNomeOpecarao(geografia.geografia, cdd.cdd, nomeOperacao.nomeOperacao);\nestoquePage.AddButton.click();\nestoquePage.fillEquipmentModalFields((0, _common.NfRandom)(), tipoDeMovimento.Compra, origem.MetalFrio, dayjs().format('DD/MM/YYYY'), dadosEquipamento[0].equipamento, dadosEquipamento[0].equipamento, dadosEquipamento[0].voltagem, dadosEquipamento[0].quantidade);\nestoquePage.codSapField.should('have.value', dadosEquipamento[0].codSap);\nestoquePage.codPromaxField.should('have.value', dadosEquipamento[0].codPromax);",
                      "err": {},
                      "uuid": "2feb9069-ec1f-47b5-8821-9a29a3affa2b",
                      "parentUUID": "e7189460-e3dd-475c-8632-9b2a3af96fb6",
                      "isHook": false,
                      "skipped": false
                    },
                    {
                      "title": "19.1-Validar se ao selecionar a voltagem os campos código Promax e código Sap são preenchidos automaticamente",
                      "fullTitle": "Funcionalidade Estoque Funcionalidade de adicionar equipamentos ao estoque Valida o preenchimento automatico de todos os códigos Promax e Sap de todos os equipamentos 19.1-Validar se ao selecionar a voltagem os campos código Promax e código Sap são preenchidos automaticamente",
                      "timedOut": null,
                      "duration": 3356,
                      "state": "passed",
                      "speed": "fast",
                      "pass": true,
                      "fail": false,
                      "pending": false,
                      "context": null,
                      "code": "cy.selectGeografiaOperacaoNomeOpecarao(geografia.geografia, cdd.cdd, nomeOperacao.nomeOperacao);\nestoquePage.AddButton.click();\nestoquePage.fillEquipmentModalFields((0, _common.NfRandom)(), tipoDeMovimento.Compra, origem.MetalFrio, dayjs().format('DD/MM/YYYY'), dadosEquipamento[1].equipamento, dadosEquipamento[1].equipamento, dadosEquipamento[1].voltagem, dadosEquipamento[1].quantidade);\nestoquePage.codSapField.should('have.value', dadosEquipamento[1].codSap);\nestoquePage.codPromaxField.should('have.value', dadosEquipamento[1].codPromax);",
                      "err": {},
                      "uuid": "1ca16fcb-b1d0-4843-9b85-d66bc6497e7d",
                      "parentUUID": "e7189460-e3dd-475c-8632-9b2a3af96fb6",
                      "isHook": false,
                      "skipped": false
                    },
                    {
                      "title": "19.2-Validar se ao selecionar a voltagem os campos código Promax e código Sap são preenchidos automaticamente",
                      "fullTitle": "Funcionalidade Estoque Funcionalidade de adicionar equipamentos ao estoque Valida o preenchimento automatico de todos os códigos Promax e Sap de todos os equipamentos 19.2-Validar se ao selecionar a voltagem os campos código Promax e código Sap são preenchidos automaticamente",
                      "timedOut": null,
                      "duration": 2833,
                      "state": "passed",
                      "speed": "fast",
                      "pass": true,
                      "fail": false,
                      "pending": false,
                      "context": null,
                      "code": "cy.selectGeografiaOperacaoNomeOpecarao(geografia.geografia, cdd.cdd, nomeOperacao.nomeOperacao);\nestoquePage.AddButton.click();\nestoquePage.fillEquipmentModalFields((0, _common.NfRandom)(), tipoDeMovimento.Compra, origem.MetalFrio, dayjs().format('DD/MM/YYYY'), dadosEquipamento[2].equipamento, dadosEquipamento[2].equipamento, dadosEquipamento[2].voltagem, dadosEquipamento[2].quantidade);\nestoquePage.codSapField.should('have.value', dadosEquipamento[2].codSap);\nestoquePage.codPromaxField.should('have.value', dadosEquipamento[2].codPromax);",
                      "err": {},
                      "uuid": "d506ceff-6f10-4d2d-9a9c-d488e9fadd11",
                      "parentUUID": "e7189460-e3dd-475c-8632-9b2a3af96fb6",
                      "isHook": false,
                      "skipped": false
                    },
                    {
                      "title": "19.3-Validar se ao selecionar a voltagem os campos código Promax e código Sap são preenchidos automaticamente",
                      "fullTitle": "Funcionalidade Estoque Funcionalidade de adicionar equipamentos ao estoque Valida o preenchimento automatico de todos os códigos Promax e Sap de todos os equipamentos 19.3-Validar se ao selecionar a voltagem os campos código Promax e código Sap são preenchidos automaticamente",
                      "timedOut": null,
                      "duration": 3372,
                      "state": "passed",
                      "speed": "fast",
                      "pass": true,
                      "fail": false,
                      "pending": false,
                      "context": null,
                      "code": "cy.selectGeografiaOperacaoNomeOpecarao(geografia.geografia, cdd.cdd, nomeOperacao.nomeOperacao);\nestoquePage.AddButton.click();\nestoquePage.fillEquipmentModalFields((0, _common.NfRandom)(), tipoDeMovimento.Compra, origem.MetalFrio, dayjs().format('DD/MM/YYYY'), dadosEquipamento[3].equipamento, dadosEquipamento[3].equipamento, dadosEquipamento[3].voltagem, dadosEquipamento[3].quantidade);\nestoquePage.codSapField.should('have.value', dadosEquipamento[3].codSap);\nestoquePage.codPromaxField.should('have.value', dadosEquipamento[3].codPromax);",
                      "err": {},
                      "uuid": "aff59a72-b4ce-4ae2-a088-38276e76121d",
                      "parentUUID": "e7189460-e3dd-475c-8632-9b2a3af96fb6",
                      "isHook": false,
                      "skipped": false
                    },
                    {
                      "title": "19.4-Validar se ao selecionar a voltagem os campos código Promax e código Sap são preenchidos automaticamente",
                      "fullTitle": "Funcionalidade Estoque Funcionalidade de adicionar equipamentos ao estoque Valida o preenchimento automatico de todos os códigos Promax e Sap de todos os equipamentos 19.4-Validar se ao selecionar a voltagem os campos código Promax e código Sap são preenchidos automaticamente",
                      "timedOut": null,
                      "duration": 2989,
                      "state": "passed",
                      "speed": "fast",
                      "pass": true,
                      "fail": false,
                      "pending": false,
                      "context": null,
                      "code": "cy.selectGeografiaOperacaoNomeOpecarao(geografia.geografia, cdd.cdd, nomeOperacao.nomeOperacao);\nestoquePage.AddButton.click();\nestoquePage.fillEquipmentModalFields((0, _common.NfRandom)(), tipoDeMovimento.Compra, origem.MetalFrio, dayjs().format('DD/MM/YYYY'), dadosEquipamento[4].equipamento, dadosEquipamento[4].equipamento, dadosEquipamento[4].voltagem, dadosEquipamento[4].quantidade);\nestoquePage.codSapField.should('have.value', dadosEquipamento[4].codSap);\nestoquePage.codPromaxField.should('have.value', dadosEquipamento[4].codPromax);",
                      "err": {},
                      "uuid": "c1c2fd72-bb6e-486c-a073-a3c0215006c4",
                      "parentUUID": "e7189460-e3dd-475c-8632-9b2a3af96fb6",
                      "isHook": false,
                      "skipped": false
                    },
                    {
                      "title": "19.5-Validar se ao selecionar a voltagem os campos código Promax e código Sap são preenchidos automaticamente",
                      "fullTitle": "Funcionalidade Estoque Funcionalidade de adicionar equipamentos ao estoque Valida o preenchimento automatico de todos os códigos Promax e Sap de todos os equipamentos 19.5-Validar se ao selecionar a voltagem os campos código Promax e código Sap são preenchidos automaticamente",
                      "timedOut": null,
                      "duration": 2946,
                      "state": "passed",
                      "speed": "fast",
                      "pass": true,
                      "fail": false,
                      "pending": false,
                      "context": null,
                      "code": "cy.selectGeografiaOperacaoNomeOpecarao(geografia.geografia, cdd.cdd, nomeOperacao.nomeOperacao);\nestoquePage.AddButton.click();\nestoquePage.fillEquipmentModalFields((0, _common.NfRandom)(), tipoDeMovimento.Compra, origem.MetalFrio, dayjs().format('DD/MM/YYYY'), dadosEquipamento[5].equipamento, dadosEquipamento[5].equipamento, dadosEquipamento[5].voltagem, dadosEquipamento[5].quantidade);\nestoquePage.codSapField.should('have.value', dadosEquipamento[5].codSap);\nestoquePage.codPromaxField.should('have.value', dadosEquipamento[5].codPromax);",
                      "err": {},
                      "uuid": "83314155-6859-406c-acf9-31a7981df3be",
                      "parentUUID": "e7189460-e3dd-475c-8632-9b2a3af96fb6",
                      "isHook": false,
                      "skipped": false
                    },
                    {
                      "title": "19.6-Validar se ao selecionar a voltagem os campos código Promax e código Sap são preenchidos automaticamente",
                      "fullTitle": "Funcionalidade Estoque Funcionalidade de adicionar equipamentos ao estoque Valida o preenchimento automatico de todos os códigos Promax e Sap de todos os equipamentos 19.6-Validar se ao selecionar a voltagem os campos código Promax e código Sap são preenchidos automaticamente",
                      "timedOut": null,
                      "duration": 2802,
                      "state": "passed",
                      "speed": "fast",
                      "pass": true,
                      "fail": false,
                      "pending": false,
                      "context": null,
                      "code": "cy.selectGeografiaOperacaoNomeOpecarao(geografia.geografia, cdd.cdd, nomeOperacao.nomeOperacao);\nestoquePage.AddButton.click();\nestoquePage.fillEquipmentModalFields((0, _common.NfRandom)(), tipoDeMovimento.Compra, origem.MetalFrio, dayjs().format('DD/MM/YYYY'), dadosEquipamento[6].equipamento, dadosEquipamento[6].equipamento, dadosEquipamento[6].voltagem, dadosEquipamento[6].quantidade);\nestoquePage.codSapField.should('have.value', dadosEquipamento[6].codSap);\nestoquePage.codPromaxField.should('have.value', dadosEquipamento[6].codPromax);",
                      "err": {},
                      "uuid": "d3575757-679a-4749-b2ee-b134363896d7",
                      "parentUUID": "e7189460-e3dd-475c-8632-9b2a3af96fb6",
                      "isHook": false,
                      "skipped": false
                    },
                    {
                      "title": "19.7-Validar se ao selecionar a voltagem os campos código Promax e código Sap são preenchidos automaticamente",
                      "fullTitle": "Funcionalidade Estoque Funcionalidade de adicionar equipamentos ao estoque Valida o preenchimento automatico de todos os códigos Promax e Sap de todos os equipamentos 19.7-Validar se ao selecionar a voltagem os campos código Promax e código Sap são preenchidos automaticamente",
                      "timedOut": null,
                      "duration": 2879,
                      "state": "passed",
                      "speed": "fast",
                      "pass": true,
                      "fail": false,
                      "pending": false,
                      "context": null,
                      "code": "cy.selectGeografiaOperacaoNomeOpecarao(geografia.geografia, cdd.cdd, nomeOperacao.nomeOperacao);\nestoquePage.AddButton.click();\nestoquePage.fillEquipmentModalFields((0, _common.NfRandom)(), tipoDeMovimento.Compra, origem.MetalFrio, dayjs().format('DD/MM/YYYY'), dadosEquipamento[7].equipamento, dadosEquipamento[7].equipamento, dadosEquipamento[7].voltagem, dadosEquipamento[7].quantidade);\nestoquePage.codSapField.should('have.value', dadosEquipamento[7].codSap);\nestoquePage.codPromaxField.should('have.value', dadosEquipamento[7].codPromax);",
                      "err": {},
                      "uuid": "bba8c22a-075a-4a42-a2d9-b3e7a6dedf6b",
                      "parentUUID": "e7189460-e3dd-475c-8632-9b2a3af96fb6",
                      "isHook": false,
                      "skipped": false
                    }
                  ],
                  "suites": [],
                  "passes": [
                    "2feb9069-ec1f-47b5-8821-9a29a3affa2b",
                    "1ca16fcb-b1d0-4843-9b85-d66bc6497e7d",
                    "d506ceff-6f10-4d2d-9a9c-d488e9fadd11",
                    "aff59a72-b4ce-4ae2-a088-38276e76121d",
                    "c1c2fd72-bb6e-486c-a073-a3c0215006c4",
                    "83314155-6859-406c-acf9-31a7981df3be",
                    "d3575757-679a-4749-b2ee-b134363896d7",
                    "bba8c22a-075a-4a42-a2d9-b3e7a6dedf6b"
                  ],
                  "failures": [],
                  "pending": [],
                  "skipped": [],
                  "duration": 24109,
                  "root": false,
                  "rootEmpty": false,
                  "_timeout": 2000
                },
                {
                  "uuid": "8b2dc392-36e0-4f16-9a50-ee46d237aba9",
                  "title": "Valida se as combinações de tipo movimento e origem estão corretas",
                  "fullFile": "",
                  "file": "",
                  "beforeHooks": [],
                  "afterHooks": [],
                  "tests": [
                    {
                      "title": "22-Validar as opções e combinações dos campos Tipo de movimentação e Origem",
                      "fullTitle": "Funcionalidade Estoque Funcionalidade de adicionar equipamentos ao estoque Valida se as combinações de tipo movimento e origem estão corretas 22-Validar as opções e combinações dos campos Tipo de movimentação e Origem",
                      "timedOut": null,
                      "duration": 1893,
                      "state": "passed",
                      "speed": "fast",
                      "pass": true,
                      "fail": false,
                      "pending": false,
                      "context": null,
                      "code": "cy.selectGeografiaOperacaoNomeOpecarao(geografia.geografia, cdd.cdd, nomeOperacao.nomeOperacao);\nestoquePage.AddButton.click();\nestoquePage.fieldNfNumero.type((0, _common.NfRandom)());\nestoquePage.fieldTipoDeMovimento.click();\nestoquePage.listaTipoDeMovimento.contains(tipoDeMovimento.Tansferencia).click();\nestoquePage.origemField.click();\nestoquePage.listOrigem.should('contain', origem.FabricaDeAgudos);\nestoquePage.listOrigem.should('contain', origem.FabricaDeAguasClaras);",
                      "err": {},
                      "uuid": "93793425-288f-46c5-aac1-5c8bc58114b5",
                      "parentUUID": "8b2dc392-36e0-4f16-9a50-ee46d237aba9",
                      "isHook": false,
                      "skipped": false
                    },
                    {
                      "title": "22.1-Validar as opções e combinações dos campos Tipo de movimentação e Origem",
                      "fullTitle": "Funcionalidade Estoque Funcionalidade de adicionar equipamentos ao estoque Valida se as combinações de tipo movimento e origem estão corretas 22.1-Validar as opções e combinações dos campos Tipo de movimentação e Origem",
                      "timedOut": null,
                      "duration": 1957,
                      "state": "passed",
                      "speed": "fast",
                      "pass": true,
                      "fail": false,
                      "pending": false,
                      "context": null,
                      "code": "cy.selectGeografiaOperacaoNomeOpecarao(geografia.geografia, cdd.cdd, nomeOperacao.nomeOperacao);\nestoquePage.AddButton.click();\nestoquePage.fieldNfNumero.type((0, _common.NfRandom)());\nestoquePage.fieldTipoDeMovimento.click();\nestoquePage.listaTipoDeMovimento.contains(tipoDeMovimento.Compra).click();\nestoquePage.origemField.click();\nestoquePage.listOrigem.should('contain', origem.MetalFrio);\nestoquePage.listOrigem.should('contain', origem.Imbera);",
                      "err": {},
                      "uuid": "0ca54e21-0a07-4d14-9c37-e7ef0c63b66b",
                      "parentUUID": "8b2dc392-36e0-4f16-9a50-ee46d237aba9",
                      "isHook": false,
                      "skipped": false
                    },
                    {
                      "title": "22.2-Validar as opções e combinações dos campos Tipo de movimentação e Origem",
                      "fullTitle": "Funcionalidade Estoque Funcionalidade de adicionar equipamentos ao estoque Valida se as combinações de tipo movimento e origem estão corretas 22.2-Validar as opções e combinações dos campos Tipo de movimentação e Origem",
                      "timedOut": null,
                      "duration": 1737,
                      "state": "passed",
                      "speed": "fast",
                      "pass": true,
                      "fail": false,
[...]
                      "timedOut": null,
                      "duration": 3123,
                      "state": "passed",
                      "speed": "fast",
                      "pass": true,
                      "fail": false,
                      "pending": false,
                      "context": null,
                      "code": "cy.selectGeografiaOperacaoNomeOpecarao(geografia.geografia, cdd.cdd, nomeOperacao.nomeOperacao);\nestoquePage.AddButton.click();\nestoquePage.fillEquipmentModalFields((0, _common.NfRandom)(), tipoDeMovimento.Compra, origem.MetalFrio, dayjs().format('DD/MM/YYYY'), dadosEquipamento[0].equipamento, dadosEquipamento[0].equipamento, dadosEquipamento[0].voltagem, dadosEquipamento[0].quantidade);\nestoquePage.addEquipmentButton.click();\nestoquePage.addEquipmentList.should('contain', dadosEquipamento[0].equipamento);",
                      "err": {},
                      "uuid": "cc73f29e-0bec-487f-88de-abcb6dc7c842",
                      "parentUUID": "15eac39c-a60e-40b1-9442-29295ca29162",
                      "isHook": false,
                      "skipped": false
                    },
                    {
                      "title": "45.2-Validar se permite incluir todos os equipamentos disponíveis",
                      "fullTitle": "Funcionalidade Estoque Funcionalidade de adicionar equipamentos ao estoque Validar se é possível inserir todos os tipos de equipamentos disponíveis 45.2-Validar se permite incluir todos os equipamentos disponíveis",
                      "timedOut": null,
                      "duration": 3485,
                      "state": "passed",
                      "speed": "fast",
                      "pass": true,
                      "fail": false,
                      "pending": false,
                      "context": null,
                      "code": "cy.selectGeografiaOperacaoNomeOpecarao(geografia.geografia, cdd.cdd, nomeOperacao.nomeOperacao);\nestoquePage.AddButton.click();\nestoquePage.fillEquipmentModalFields((0, _common.NfRandom)(), tipoDeMovimento.Compra, origem.MetalFrio, dayjs().format('DD/MM/YYYY'), dadosEquipamento[1].equipamento, dadosEquipamento[1].equipamento, dadosEquipamento[1].voltagem, dadosEquipamento[1].quantidade);\nestoquePage.addEquipmentButton.click();\nestoquePage.addEquipmentList.should('contain', dadosEquipamento[1].equipamento);",
                      "err": {},
                      "uuid": "2a1af19c-8f93-4551-a0ea-3bc6e7f98e1e",
                      "parentUUID": "15eac39c-a60e-40b1-9442-29295ca29162",
                      "isHook": false,
                      "skipped": false
                    },
                    {
                      "title": "45.3-Validar se permite incluir todos os equipamentos disponíveis",
                      "fullTitle": "Funcionalidade Estoque Funcionalidade de adicionar equipamentos ao estoque Validar se é possível inserir todos os tipos de equipamentos disponíveis 45.3-Validar se permite incluir todos os equipamentos disponíveis",
                      "timedOut": null,
                      "duration": 2882,
                      "state": "passed",
                      "speed": "fast",
                      "pass": true,
                      "fail": false,
                      "pending": false,
                      "context": null,
                      "code": "cy.selectGeografiaOperacaoNomeOpecarao(geografia.geografia, cdd.cdd, nomeOperacao.nomeOperacao);\nestoquePage.AddButton.click();\nestoquePage.fillEquipmentModalFields((0, _common.NfRandom)(), tipoDeMovimento.Compra, origem.MetalFrio, dayjs().format('DD/MM/YYYY'), dadosEquipamento[2].equipamento, dadosEquipamento[2].equipamento, dadosEquipamento[2].voltagem, dadosEquipamento[2].quantidade);\nestoquePage.addEquipmentButton.click();\nestoquePage.addEquipmentList.should('contain', dadosEquipamento[2].equipamento);",
                      "err": {},
                      "uuid": "8e12931e-3592-4a75-be79-e05253732350",
                      "parentUUID": "15eac39c-a60e-40b1-9442-29295ca29162",
                      "isHook": false,
                      "skipped": false
                    },
                    {
                      "title": "45.4-Validar se permite incluir todos os equipamentos disponíveis",
                      "fullTitle": "Funcionalidade Estoque Funcionalidade de adicionar equipamentos ao estoque Validar se é possível inserir todos os tipos de equipamentos disponíveis 45.4-Validar se permite incluir todos os equipamentos disponíveis",
                      "timedOut": null,
                      "duration": 6860,
                      "state": "passed",
                      "speed": "medium",
                      "pass": true,
                      "fail": false,
                      "pending": false,
                      "context": null,
                      "code": "cy.selectGeografiaOperacaoNomeOpecarao(geografia.geografia, cdd.cdd, nomeOperacao.nomeOperacao);\nestoquePage.AddButton.click();\nestoquePage.fillEquipmentModalFields((0, _common.NfRandom)(), tipoDeMovimento.Compra, origem.MetalFrio, dayjs().format('DD/MM/YYYY'), dadosEquipamento[3].equipamento, dadosEquipamento[3].equipamento, dadosEquipamento[3].voltagem, dadosEquipamento[3].quantidade);\nestoquePage.addEquipmentButton.click();\nestoquePage.addEquipmentList.should('contain', dadosEquipamento[3].equipamento);",
                      "err": {},
                      "uuid": "d54e121d-57d2-4bab-a74a-7793c558150e",
                      "parentUUID": "15eac39c-a60e-40b1-9442-29295ca29162",
                      "isHook": false,
                      "skipped": false
                    },
                    {
                      "title": "45.5-Validar se permite incluir todos os equipamentos disponíveis",
                      "fullTitle": "Funcionalidade Estoque Funcionalidade de adicionar equipamentos ao estoque Validar se é possível inserir todos os tipos de equipamentos disponíveis 45.5-Validar se permite incluir todos os equipamentos disponíveis",
                      "timedOut": null,
                      "duration": 3148,
                      "state": "passed",
                      "speed": "fast",
                      "pass": true,
                      "fail": false,
                      "pending": false,
                      "context": null,
                      "code": "cy.selectGeografiaOperacaoNomeOpecarao(geografia.geografia, cdd.cdd, nomeOperacao.nomeOperacao);\nestoquePage.AddButton.click();\nestoquePage.fillEquipmentModalFields((0, _common.NfRandom)(), tipoDeMovimento.Compra, origem.MetalFrio, dayjs().format('DD/MM/YYYY'), dadosEquipamento[4].equipamento, dadosEquipamento[4].equipamento, dadosEquipamento[4].voltagem, dadosEquipamento[4].quantidade);\nestoquePage.addEquipmentButton.click();\nestoquePage.addEquipmentList.should('contain', dadosEquipamento[4].equipamento);",
                      "err": {},
                      "uuid": "1b351372-1791-445e-958f-5cbf1a714b0c",
                      "parentUUID": "15eac39c-a60e-40b1-9442-29295ca29162",
                      "isHook": false,
                      "skipped": false
                    },
                    {
                      "title": "45.6-Validar se permite incluir todos os equipamentos disponíveis",
                      "fullTitle": "Funcionalidade Estoque Funcionalidade de adicionar equipamentos ao estoque Validar se é possível inserir todos os tipos de equipamentos disponíveis 45.6-Validar se permite incluir todos os equipamentos disponíveis",
                      "timedOut": null,
                      "duration": 3680,
                      "state": "passed",
                      "speed": "fast",
                      "pass": true,
                      "fail": false,
                      "pending": false,
                      "context": null,
                      "code": "cy.selectGeografiaOperacaoNomeOpecarao(geografia.geografia, cdd.cdd, nomeOperacao.nomeOperacao);\nestoquePage.AddButton.click();\nestoquePage.fillEquipmentModalFields((0, _common.NfRandom)(), tipoDeMovimento.Compra, origem.MetalFrio, dayjs().format('DD/MM/YYYY'), dadosEquipamento[5].equipamento, dadosEquipamento[5].equipamento, dadosEquipamento[5].voltagem, dadosEquipamento[5].quantidade);\nestoquePage.addEquipmentButton.click();\nestoquePage.addEquipmentList.should('contain', dadosEquipamento[5].equipamento);",
                      "err": {},
                      "uuid": "3d031f39-ff77-4c54-b41b-bcc21dc31319",
                      "parentUUID": "15eac39c-a60e-40b1-9442-29295ca29162",
                      "isHook": false,
                      "skipped": false
                    },
                    {
                      "title": "45.7-Validar se permite incluir todos os equipamentos disponíveis",
                      "fullTitle": "Funcionalidade Estoque Funcionalidade de adicionar equipamentos ao estoque Validar se é possível inserir todos os tipos de equipamentos disponíveis 45.7-Validar se permite incluir todos os equipamentos disponíveis",
                      "timedOut": null,
                      "duration": 2841,
                      "state": "passed",
                      "speed": "fast",
                      "pass": true,
                      "fail": false,
                      "pending": false,
                      "context": null,
                      "code": "cy.selectGeografiaOperacaoNomeOpecarao(geografia.geografia, cdd.cdd, nomeOperacao.nomeOperacao);\nestoquePage.AddButton.click();\nestoquePage.fillEquipmentModalFields((0, _common.NfRandom)(), tipoDeMovimento.Compra, origem.MetalFrio, dayjs().format('DD/MM/YYYY'), dadosEquipamento[6].equipamento, dadosEquipamento[6].equipamento, dadosEquipamento[6].voltagem, dadosEquipamento[6].quantidade);\nestoquePage.addEquipmentButton.click();\nestoquePage.addEquipmentList.should('contain', dadosEquipamento[6].equipamento);",
                      "err": {},
                      "uuid": "cfdf0127-fd3f-426e-9d5d-73090fb7e8ef",
                      "parentUUID": "15eac39c-a60e-40b1-9442-29295ca29162",
                      "isHook": false,
                      "skipped": false
                    },
                    {
                      "title": "45.8-Validar se permite incluir todos os equipamentos disponíveis",
                      "fullTitle": "Funcionalidade Estoque Funcionalidade de adicionar equipamentos ao estoque Validar se é possível inserir todos os tipos de equipamentos disponíveis 45.8-Validar se permite incluir todos os equipamentos disponíveis",
                      "timedOut": null,
                      "duration": 2883,
                      "state": "passed",
                      "speed": "fast",
                      "pass": true,
                      "fail": false,
                      "pending": false,
                      "context": null,
                      "code": "cy.selectGeografiaOperacaoNomeOpecarao(geografia.geografia, cdd.cdd, nomeOperacao.nomeOperacao);\nestoquePage.AddButton.click();\nestoquePage.fillEquipmentModalFields((0, _common.NfRandom)(), tipoDeMovimento.Compra, origem.MetalFrio, dayjs().format('DD/MM/YYYY'), dadosEquipamento[7].equipamento, dadosEquipamento[7].equipamento, dadosEquipamento[7].voltagem, dadosEquipamento[7].quantidade);\nestoquePage.addEquipmentButton.click();\nestoquePage.addEquipmentList.should('contain', dadosEquipamento[7].equipamento);",
                      "err": {},
                      "uuid": "a7d2edd3-1d1b-49a0-bd58-788b52a81fcb",
                      "parentUUID": "15eac39c-a60e-40b1-9442-29295ca29162",
                      "isHook": false,
                      "skipped": false
                    }
                  ],
                  "suites": [],
                  "passes": [
                    "cc73f29e-0bec-487f-88de-abcb6dc7c842",
                    "2a1af19c-8f93-4551-a0ea-3bc6e7f98e1e",
                    "8e12931e-3592-4a75-be79-e05253732350",
                    "d54e121d-57d2-4bab-a74a-7793c558150e",
                    "1b351372-1791-445e-958f-5cbf1a714b0c",
                    "3d031f39-ff77-4c54-b41b-bcc21dc31319",
                    "cfdf0127-fd3f-426e-9d5d-73090fb7e8ef",
                    "a7d2edd3-1d1b-49a0-bd58-788b52a81fcb"
                  ],
                  "failures": [],
                  "pending": [],
                  "skipped": [],
                  "duration": 28902,
                  "root": false,
                  "rootEmpty": false,
                  "_timeout": 2000
                },
                {
                  "uuid": "1068e40c-86e0-4432-89c9-5c851e3323ed",
                  "title": "Valida se não permite a inclusão do mesmo equipamento com voltagem repitida",
                  "fullFile": "",
                  "file": "",
                  "beforeHooks": [],
                  "afterHooks": [],
                  "tests": [
                    {
                      "title": "46-Validar se não permite incluir equipamentos com a mesma voltagem mais de uma vez",
                      "fullTitle": "Funcionalidade Estoque Funcionalidade de adicionar equipamentos ao estoque Valida se não permite a inclusão do mesmo equipamento com voltagem repitida 46-Validar se não permite incluir equipamentos com a mesma voltagem mais de uma vez",
                      "timedOut": null,
                      "duration": 3401,
                      "state": "passed",
                      "speed": "fast",
                      "pass": true,
                      "fail": false,
                      "pending": false,
                      "context": null,
                      "code": "cy.selectGeografiaOperacaoNomeOpecarao(geografia.geografia, cdd.cdd, nomeOperacao.nomeOperacao);\nestoquePage.AddButton.click();\nestoquePage.fillEquipmentModalFields((0, _common.NfRandom)(), tipoDeMovimento.Compra, origem.MetalFrio, dayjs().format('DD/MM/YYYY'), dadosEquipamento[2].equipamento, dadosEquipamento[2].equipamento, dadosEquipamento[2].voltagem, dadosEquipamento[2].quantidade);\nestoquePage.addEquipmentButton.click();\nestoquePage.fieldEquipamento.type(dadosEquipamento[2].equipamento);\nestoquePage.radio127v.should('be.disabled');",
                      "err": {},
                      "uuid": "de34ceef-5541-40a2-bb2a-03b49d709715",
                      "parentUUID": "1068e40c-86e0-4432-89c9-5c851e3323ed",
                      "isHook": false,
                      "skipped": false
                    },
                    {
                      "title": "46.1-Validar se não permite incluir equipamentos com a mesma voltagem mais de uma vez",
                      "fullTitle": "Funcionalidade Estoque Funcionalidade de adicionar equipamentos ao estoque Valida se não permite a inclusão do mesmo equipamento com voltagem repitida 46.1-Validar se não permite incluir equipamentos com a mesma voltagem mais de uma vez",
                      "timedOut": null,
                      "duration": 3223,
                      "state": "passed",
                      "speed": "fast",
                      "pass": true,
                      "fail": false,
                      "pending": false,
                      "context": null,
                      "code": "cy.selectGeografiaOperacaoNomeOpecarao(geografia.geografia, cdd.cdd, nomeOperacao.nomeOperacao);\nestoquePage.AddButton.click();\nestoquePage.fillEquipmentModalFields((0, _common.NfRandom)(), tipoDeMovimento.Compra, origem.MetalFrio, dayjs().format('DD/MM/YYYY'), dadosEquipamento[3].equipamento, dadosEquipamento[3].equipamento, dadosEquipamento[3].voltagem, dadosEquipamento[3].quantidade);\nestoquePage.addEquipmentButton.click();\nestoquePage.fieldEquipamento.type(dadosEquipamento[3].equipamento);\nestoquePage.radio220v.should('be.disabled');",
                      "err": {},
                      "uuid": "1e1557b2-4e09-45f7-a47d-64f250782743",
                      "parentUUID": "1068e40c-86e0-4432-89c9-5c851e3323ed",
                      "isHook": false,
                      "skipped": false
                    }
                  ],
                  "suites": [],
                  "passes": [
                    "de34ceef-5541-40a2-bb2a-03b49d709715",
                    "1e1557b2-4e09-45f7-a47d-64f250782743"
                  ],
                  "failures": [],
                  "pending": [],
                  "skipped": [],
                  "duration": 6624,
                  "root": false,
                  "rootEmpty": false,
                  "_timeout": 2000
                }
              ],
              "passes": [
                "83d2ea8c-4003-4229-af78-78af36a88947",
                "2b372896-580b-416c-bd63-a830491ee557",
                "4c021481-cb72-456e-90a8-8b4ea7cf765e",
                "809e038b-9300-4b2d-8923-d2f29854e56d",
                "907d908a-3bfe-465d-90c7-8697335e524d",
                "ade145e8-9425-4ea5-b52a-e5140a99a33c",
                "ac633a3b-f65d-4181-8887-d23e8c8634db",
                "8dfe0ad8-8c20-4650-ab95-dbb68becf60a",
                "26e04970-e12a-4c99-935d-f0279c321602",
                "c0ecf9dc-397e-452c-b293-ececb6ed4f93",
                "97d41d34-dbbe-406f-b0ca-dc7ee9552f44",
                "0d19c439-c508-43ae-9342-2b926da6d094",
                "a774cb17-de72-4fd9-8018-e766a432c44d",
                "101deb4c-9130-4456-98c1-d18e0b1e992b",
                "0c1cd94e-57ef-404f-bb67-c4fdde4add06",
                "4adb7624-a7da-47d6-8e54-11f593ce07f5",
                "a2c65993-4f36-4ded-a90e-b84c6a38d3e9",
                "c530e463-9c4b-4c58-af88-357fe8623c45",
                "bb5a99ab-3b65-4a33-a355-fb3c346def86",
                "b17e9f6d-9716-41e7-bb47-64fb71ceeeb4",
                "453bc550-cee2-444c-b2f2-ec8c0513b9bf",
                "f94d8e86-1d9c-4380-a0ff-4aa0d28f529b",
                "ee7d6874-d33c-4cd2-802d-4ce0817a6f44",
                "63c83f8a-4ee8-404d-af6e-afbc5a79bd3f",
                "1ead3e64-e7da-4797-9e16-1e179743abe1",
                "eb8d3f7f-e948-4546-9f3e-8851e328f1ed",
                "8bae7f01-ef49-4fef-a10d-87c79978c383",
                "9cfec378-5b4d-4cba-9e35-c74867d20fb8",
                "8eb55159-97ee-43ff-9b19-a07a276c9f8c",
                "eadd758b-ba2a-4f9b-b49a-377ab15cda6a",
                "fb7ede9e-48a4-4a7b-8708-4e5857837eee",
                "2e9a1a41-bcbd-4d09-95cb-48f4b8cf66f2",
                "d0b0fde5-0078-47ef-b4c5-4b40e5cd5c9c",
                "66c82f50-7a54-404b-8960-2099a859f27a",
                "4a7ff5f3-b220-474c-9be1-acb588bed859",
                "c5b8055d-fc7b-4402-85e7-46d24f9bde71"
              ],
              "failures": [],
              "pending": [],
              "skipped": [],
              "duration": 177468,
              "root": false,
              "rootEmpty": false,
              "_timeout": 2000
            }
          ],
          "passes": [],
          "failures": [],
          "pending": [],
          "skipped": [],
          "duration": 0,
          "root": false,
          "rootEmpty": false,
          "_timeout": 2000
        }
      ],
      "passes": [],
      "failures": [],
      "pending": [],
      "skipped": [],
      "duration": 0,
      "root": true,
      "rootEmpty": true,
      "_timeout": 2000
    }
  ],
  "meta": {
    "mocha": {
      "version": "7.0.1"
    },
    "mochawesome": {
      "options": {
        "quiet": false,
        "reportFilename": "[status]_[datetime]-[name]-report",
        "saveHtml": false,
        "saveJson": true,
        "consoleReporter": "spec",
        "useInlineDiffs": false,
        "code": true
      },
      "version": "7.1.3"
    },
    "marge": {
      "options": {
        "reportDir": "cypress/results",
        "overwrite": true,
        "html": false,
        "json": true,
        "reportFilename": "[status]_[datetime]-[name]-report",
        "timestamp": "longDate"
      },
      "version": "6.2.0"
    }
  }
}