{
  "stats": {
    "suites": 8,
    "tests": 68,
    "passes": 68,
    "pending": 0,
    "failures": 0,
    "start": "2022-06-29T13:23:47.843Z",
    "end": "2022-06-29T13:28:56.873Z",
    "duration": 309030,
    "testsRegistered": 68,
    "passPercent": 100,
    "pendingPercent": 0,
    "other": 0,
    "hasOther": false,
    "skipped": 0,
    "hasSkipped": false
  },
  "results": [
    {
      "uuid": "fbb3043c-7db3-4387-b6bb-5ed25a2eb3d3",
      "title": "",
      "fullFile": "cypress/e2e/estoque.cy.js",
      "file": "cypress/e2e/estoque.cy.js",
      "beforeHooks": [],
      "afterHooks": [],
      "tests": [],
      "suites": [
        {
          "uuid": "0b19b173-8660-42c4-b409-d957468a72f0",
          "title": "Funcionalidade Estoque",
          "fullFile": "",
          "file": "",
          "beforeHooks": [],
          "afterHooks": [],
          "tests": [],
          "suites": [
            {
              "uuid": "df3862bc-b02e-45e3-a56b-94b670294511",
              "title": "Funcionalidade de adicionar equipamentos ao estoque",
              "fullFile": "",
              "file": "",
              "beforeHooks": [],
              "afterHooks": [],
              "tests": [
                {
                  "title": "1- Deve exibir o botão estoque",
                  "fullTitle": "Funcionalidade Estoque Funcionalidade de adicionar equipamentos ao estoque 1- Deve exibir o botão estoque",
                  "timedOut": null,
                  "duration": 3057,
                  "state": "passed",
                  "speed": "fast",
                  "pass": true,
                  "fail": false,
                  "pending": false,
                  "context": null,
                  "code": "estoquePage.estoqueButton.should('be.enabled');",
                  "err": {},
                  "uuid": "ac59b3d1-0f2e-44b8-8e7b-7b927a290865",
                  "parentUUID": "df3862bc-b02e-45e3-a56b-94b670294511",
                  "isHook": false,
                  "skipped": false
                },
                {
                  "title": "2-Botão adicionar deve estar bloqueado enquanto os campos Geo, Operação e Nome Operação, não estão preenchidos.",
                  "fullTitle": "Funcionalidade Estoque Funcionalidade de adicionar equipamentos ao estoque 2-Botão adicionar deve estar bloqueado enquanto os campos Geo, Operação e Nome Operação, não estão preenchidos.",
                  "timedOut": null,
                  "duration": 1733,
                  "state": "passed",
                  "speed": "fast",
                  "pass": true,
                  "fail": false,
                  "pending": false,
                  "context": null,
                  "code": "cy.selectGeografiaOperacao(geografia.geografia, cdd.cdd);\nestoquePage.AddButton.should('be.disabled');",
                  "err": {},
                  "uuid": "0ce86973-9235-43d1-8675-b3d72e522c65",
                  "parentUUID": "df3862bc-b02e-45e3-a56b-94b670294511",
                  "isHook": false,
                  "skipped": false
                },
                {
                  "title": "3-Deve ser possível usar o botão Adicionar quando selecionados os campos Geo, Operação e Nome Operação.",
                  "fullTitle": "Funcionalidade Estoque Funcionalidade de adicionar equipamentos ao estoque 3-Deve ser possível usar o botão Adicionar quando selecionados os campos Geo, Operação e Nome Operação.",
                  "timedOut": null,
                  "duration": 2033,
                  "state": "passed",
                  "speed": "fast",
                  "pass": true,
                  "fail": false,
                  "pending": false,
                  "context": null,
                  "code": "cy.selectGeografiaOperacaoNomeOpecarao(geografia.geografia, cdd.cdd, nomeOperacao.nomeOperacao);\nestoquePage.AddButton.click();\nestoquePage.modalTitleAddEquipamento.should('be.visible');",
                  "err": {},
                  "uuid": "cf143c77-3a47-47b8-8993-df8011c9679f",
                  "parentUUID": "df3862bc-b02e-45e3-a56b-94b670294511",
                  "isHook": false,
                  "skipped": false
                },
                {
                  "title": "4-Validando o botão cancelar da modal Adicionar equipamentos, se ao clicar em cancelar com campos preenchidos é exibida a modal de cancelar ação",
                  "fullTitle": "Funcionalidade Estoque Funcionalidade de adicionar equipamentos ao estoque 4-Validando o botão cancelar da modal Adicionar equipamentos, se ao clicar em cancelar com campos preenchidos é exibida a modal de cancelar ação",
                  "timedOut": null,
                  "duration": 2148,
                  "state": "passed",
                  "speed": "fast",
                  "pass": true,
                  "fail": false,
                  "pending": false,
                  "context": null,
                  "code": "cy.selectGeografiaOperacaoNomeOpecarao(geografia.geografia, cdd.cdd, nomeOperacao.nomeOperacao);\nestoquePage.AddButton.click();\nestoquePage.fieldNfNumero.type((0, _common.NfRandom)());\nestoquePage.cancelarButtonModalEquip.click();\nestoquePage.titleModalMsgsAndAlerts.should('be.visible');",
                  "err": {},
                  "uuid": "b013ae8a-7017-43d8-b47f-2726f945a71d",
                  "parentUUID": "df3862bc-b02e-45e3-a56b-94b670294511",
                  "isHook": false,
                  "skipped": false
                },
                {
                  "title": "5-Validando se botão voltar da modal \"Cancelar ação\" não apaga os dados preenchidos",
                  "fullTitle": "Funcionalidade Estoque Funcionalidade de adicionar equipamentos ao estoque 5-Validando se botão voltar da modal \"Cancelar ação\" não apaga os dados preenchidos",
                  "timedOut": null,
                  "duration": 4487,
                  "state": "passed",
                  "speed": "fast",
                  "pass": true,
                  "fail": false,
                  "pending": false,
                  "context": null,
                  "code": "let NfRandomNumber = Math.floor(Math.random() * (90000000 - 10000000)) + 10000000;\ncy.selectGeografiaOperacaoNomeOpecarao(geografia.geografia, cdd.cdd, nomeOperacao.nomeOperacao);\nestoquePage.AddButton.click();\nestoquePage.fillEquipmentModalFields(NfRandomNumber, tipoDeMovimento.Tansferencia, origem.FabricaDeAgudos, dayjs().format('DD/MM/YYYY'), dadosEquipamento[0].equipamento, dadosEquipamento[0].equipamento, dadosEquipamento[0].voltagem, dadosEquipamento[0].quantidade);\nestoquePage.cancelarButtonModalEquip.click();\nestoquePage.modalButtonVoltar.click();\nestoquePage.fieldNfNumero.should('have.value', NfRandomNumber);\nestoquePage.fieldTipoDeMovimento.should('have.value', tipoDeMovimento.Tansferencia);\nestoquePage.origemField.should('have.value', origem.FabricaDeAgudos);\nestoquePage.fieldEquipamento.should('have.value', dadosEquipamento[0].equipamento);\nestoquePage.dataField.should('have.value', dayjs().format('DD/MM/YYYY'));\nestoquePage.radio127v.should('be.checked');\nestoquePage.codSapField.should('have.value', dadosEquipamento[0].codSap);\nestoquePage.codPromaxField.should('have.value', dadosEquipamento[0].codPromax);\nestoquePage.fieldQuantidade.should('have.value', dadosEquipamento[0].quantidade);",
                  "err": {},
                  "uuid": "4fa3100a-3ec1-4e9a-8d1c-4191ab8d41f2",
                  "parentUUID": "df3862bc-b02e-45e3-a56b-94b670294511",
                  "isHook": false,
                  "skipped": false
                },
                {
                  "title": "6-Validando o botão \"Cancelar mesmo assim\" na modal \"Cancelar ação\"",
                  "fullTitle": "Funcionalidade Estoque Funcionalidade de adicionar equipamentos ao estoque 6-Validando o botão \"Cancelar mesmo assim\" na modal \"Cancelar ação\"",
                  "timedOut": null,
                  "duration": 4903,
                  "state": "passed",
                  "speed": "fast",
                  "pass": true,
                  "fail": false,
                  "pending": false,
                  "context": null,
                  "code": "cy.selectGeografiaOperacaoNomeOpecarao(geografia.geografia, cdd.cdd, nomeOperacao.nomeOperacao);\nestoquePage.AddButton.click();\nestoquePage.fillEquipmentModalFields((0, _common.NfRandom)(), tipoDeMovimento.Tansferencia, origem.FabricaDeAgudos, dayjs().format('DD/MM/YYYY'), dadosEquipamento[0].equipamento, dadosEquipamento[0].equipamento, dadosEquipamento[0].voltagem, dadosEquipamento[0].quantidade);\nestoquePage.cancelarButtonModalEquip.click();\nestoquePage.buttonCancelarModalAcaoCancelar.click();\nestoquePage.modalTitleAddEquipamento.should('not.exist');",
                  "err": {},
                  "uuid": "f7421ed6-d2de-433a-80cd-775e0045a41b",
                  "parentUUID": "df3862bc-b02e-45e3-a56b-94b670294511",
                  "isHook": false,
                  "skipped": false
                },
                {
                  "title": "7-Validando o botão \"+Adicionar equipamento\" bloqueado da modal \"Adicionar equipamento\"",
                  "fullTitle": "Funcionalidade Estoque Funcionalidade de adicionar equipamentos ao estoque 7-Validando o botão \"+Adicionar equipamento\" bloqueado da modal \"Adicionar equipamento\"",
                  "timedOut": null,
                  "duration": 4010,
                  "state": "passed",
                  "speed": "fast",
                  "pass": true,
                  "fail": false,
                  "pending": false,
                  "context": null,
                  "code": "cy.selectGeografiaOperacaoNomeOpecarao(geografia.geografia, cdd.cdd, nomeOperacao.nomeOperacao);\nestoquePage.AddButton.click();\nestoquePage.fillEquipmentModalFields((0, _common.NfRandom)(), tipoDeMovimento.Tansferencia, origem.FabricaDeAgudos, dayjs().format('DD/MM/YYYY'), dadosEquipamento[0].equipamento, dadosEquipamento[0].equipamento, dadosEquipamento[0].voltagem, dadosEquipamento[0].quantidade);\nestoquePage.fieldNfNumero.clear();\nestoquePage.addEquipmentButton.should('be.disabled');",
                  "err": {},
                  "uuid": "129d3458-0c7b-4c57-a011-038b87f0db6e",
                  "parentUUID": "df3862bc-b02e-45e3-a56b-94b670294511",
                  "isHook": false,
                  "skipped": false
                },
                {
                  "title": "8-Validar se ao clicar em adicionar equipamento o equipamento é adicionado na lista",
                  "fullTitle": "Funcionalidade Estoque Funcionalidade de adicionar equipamentos ao estoque 8-Validar se ao clicar em adicionar equipamento o equipamento é adicionado na lista",
                  "timedOut": null,
                  "duration": 3519,
                  "state": "passed",
                  "speed": "fast",
                  "pass": true,
                  "fail": false,
                  "pending": false,
                  "context": null,
                  "code": "cy.selectGeografiaOperacaoNomeOpecarao(geografia.geografia, cdd.cdd, nomeOperacao.nomeOperacao);\nestoquePage.AddButton.click();\nestoquePage.fillEquipmentModalFields((0, _common.NfRandom)(), tipoDeMovimento.Tansferencia, origem.FabricaDeAgudos, dayjs().format('DD/MM/YYYY'), dadosEquipamento[0].equipamento, dadosEquipamento[0].equipamento, dadosEquipamento[0].voltagem, dadosEquipamento[0].quantidade);\nestoquePage.addEquipmentButton.click();\nestoquePage.addEquipmentList.should('contain', dadosEquipamento[0].equipamento);",
                  "err": {},
                  "uuid": "362ab37e-fe00-4c91-9f63-c22a16910482",
                  "parentUUID": "df3862bc-b02e-45e3-a56b-94b670294511",
                  "isHook": false,
                  "skipped": false
                },
                {
                  "title": "9-Validar se ao digitar um valor no campo equipamento exibe uma lista",
                  "fullTitle": "Funcionalidade Estoque Funcionalidade de adicionar equipamentos ao estoque 9-Validar se ao digitar um valor no campo equipamento exibe uma lista",
                  "timedOut": null,
                  "duration": 2920,
                  "state": "passed",
                  "speed": "fast",
                  "pass": true,
                  "fail": false,
                  "pending": false,
                  "context": null,
                  "code": "let equipamentoLetras = 'Vis';\ncy.selectGeografiaOperacaoNomeOpecarao(geografia.geografia, cdd.cdd, nomeOperacao.nomeOperacao);\nestoquePage.AddButton.click();\nestoquePage.fieldNfNumero.type((0, _common.NfRandom)());\nestoquePage.fieldTipoDeMovimento.click();\nestoquePage.listaTipoDeMovimento.contains(tipoDeMovimento.Tansferencia).click();\nestoquePage.origemField.click();\nestoquePage.listOrigem.contains(origem.FabricaDeAgudos).click();\nestoquePage.dataField.type(dayjs().format('DD/MM/YYYY'));\nestoquePage.fieldEquipamento.type(equipamentoLetras);\nestoquePage.equipamentoOnList.should('contain', equipamentoLetras);",
                  "err": {},
                  "uuid": "9853730e-5d43-4067-a057-b8a038cccf7f",
                  "parentUUID": "df3862bc-b02e-45e3-a56b-94b670294511",
                  "isHook": false,
                  "skipped": false
                },
                {
                  "title": "10-Validando se dados de Número nota fiscal, Tipo de movimento, Origem, Data emissão NF, não são apagados após adicionar um equipamento.",
                  "fullTitle": "Funcionalidade Estoque Funcionalidade de adicionar equipamentos ao estoque 10-Validando se dados de Número nota fiscal, Tipo de movimento, Origem, Data emissão NF, não são apagados após adicionar um equipamento.",
                  "timedOut": null,
                  "duration": 3874,
                  "state": "passed",
                  "speed": "fast",
                  "pass": true,
                  "fail": false,
                  "pending": false,
                  "context": null,
                  "code": "let NfRandomNumber = Math.floor(Math.random() * (90000000 - 10000000)) + 10000000;\ncy.selectGeografiaOperacaoNomeOpecarao(geografia.geografia, cdd.cdd, nomeOperacao.nomeOperacao);\nestoquePage.AddButton.click();\nestoquePage.fillEquipmentModalFields(NfRandomNumber, tipoDeMovimento.Tansferencia, origem.FabricaDeAgudos, dayjs().format('DD/MM/YYYY'), dadosEquipamento[0].equipamento, dadosEquipamento[0].equipamento, dadosEquipamento[0].voltagem, dadosEquipamento[0].quantidade);\nestoquePage.addEquipmentButton.click();\nestoquePage.fieldNfNumero.should('have.value', NfRandomNumber);\nestoquePage.fieldTipoDeMovimento.should('have.value', tipoDeMovimento.Tansferencia);\nestoquePage.origemField.should('have.value', origem.FabricaDeAgudos);\nestoquePage.dataField.should('have.value', dayjs().format('DD/MM/YYYY'));",
                  "err": {},
                  "uuid": "f4dbf1ba-361f-4f23-87af-4a52e2e9d410",
                  "parentUUID": "df3862bc-b02e-45e3-a56b-94b670294511",
                  "isHook": false,
                  "skipped": false
                },
                {
                  "title": "11 e 48-Validar se no preenchimento de RG exibe o loading status conforme Rgs preenchidos.",
                  "fullTitle": "Funcionalidade Estoque Funcionalidade de adicionar equipamentos ao estoque 11 e 48-Validar se no preenchimento de RG exibe o loading status conforme Rgs preenchidos.",
                  "timedOut": null,
                  "duration": 54450,
                  "state": "passed",
                  "speed": "slow",
                  "pass": true,
                  "fail": false,
                  "pending": false,
                  "context": null,
                  "code": "let progressStart = '0/99';\nlet progressEnd = '99/99';\ncy.selectGeografiaOperacaoNomeOpecarao(geografia.geografia, cdd.cdd, nomeOperacao.nomeOperacao);\nestoquePage.AddButton.click();\nestoquePage.fillEquipmentModalFields((0, _common.NfRandom)(), tipoDeMovimento.Tansferencia, origem.FabricaDeAgudos, dayjs().format('DD/MM/YYYY'), dadosEquipamento[0].equipamento, dadosEquipamento[0].equipamento, dadosEquipamento[0].voltagem, dadosEquipamento[0].quantidade);\nestoquePage.addEquipmentButton.click();\nestoquePage.proximoButton.click();\nestoquePage.progressBar.should('have.text', progressStart);\nestoquePage.add9Rgs((0, _common.RgEquipamentoRandom)(), (0, _common.RgEquipamentoRandom)(), (0, _common.RgEquipamentoRandom)(), (0, _common.RgEquipamentoRandom)(), (0, _common.RgEquipamentoRandom)(), (0, _common.RgEquipamentoRandom)(), (0, _common.RgEquipamentoRandom)(), (0, _common.RgEquipamentoRandom)(), (0, _common.RgEquipamentoRandom)());\nestoquePage.proxButtonInsideRgModal.click();\nestoquePage.add9Rgs((0, _common.RgEquipamentoRandom)(), (0, _common.RgEquipamentoRandom)(), (0, _common.RgEquipamentoRandom)(), (0, _common.RgEquipamentoRandom)(), (0, _common.RgEquipamentoRandom)(), (0, _common.RgEquipamentoRandom)(), (0, _common.RgEquipamentoRandom)(), (0, _common.RgEquipamentoRandom)(), (0, _common.RgEquipamentoRandom)());\nestoquePage.proxButtonInsideRgModal.click();\nestoquePage.add9Rgs((0, _common.RgEquipamentoRandom)(), (0, _common.RgEquipamentoRandom)(), (0, _common.RgEquipamentoRandom)(), (0, _common.RgEquipamentoRandom)(), (0, _common.RgEquipamentoRandom)(), (0, _common.RgEquipamentoRandom)(), (0, _common.RgEquipamentoRandom)(), (0, _common.RgEquipamentoRandom)(), (0, _common.RgEquipamentoRandom)());\nestoquePage.proxButtonInsideRgModal.click();\nestoquePage.add9Rgs((0, _common.RgEquipamentoRandom)(), (0, _common.RgEquipamentoRandom)(), (0, _common.RgEquipamentoRandom)(), (0, _common.RgEquipamentoRandom)(), (0, _common.RgEquipamentoRandom)(), (0, _common.RgEquipamentoRandom)(), (0, _common.RgEquipamentoRandom)(), (0, _common.RgEquipamentoRandom)(), (0, _common.RgEquipamentoRandom)());\nestoquePage.proxButtonInsideRgModal.click();\nestoquePage.add9Rgs((0, _common.RgEquipamentoRandom)(), (0, _common.RgEquipamentoRandom)(), (0, _common.RgEquipamentoRandom)(), (0, _common.RgEquipamentoRandom)(), (0, _common.RgEquipamentoRandom)(), (0, _common.RgEquipamentoRandom)(), (0, _common.RgEquipamentoRandom)(), (0, _common.RgEquipamentoRandom)(), (0, _common.RgEquipamentoRandom)());\nestoquePage.proxButtonInsideRgModal.click();\nestoquePage.add9Rgs((0, _common.RgEquipamentoRandom)(), (0, _common.RgEquipamentoRandom)(), (0, _common.RgEquipamentoRandom)(), (0, _common.RgEquipamentoRandom)(), (0, _common.RgEquipamentoRandom)(), (0, _common.RgEquipamentoRandom)(), (0, _common.RgEquipamentoRandom)(), (0, _common.RgEquipamentoRandom)(), (0, _common.RgEquipamentoRandom)());\nestoquePage.proxButtonInsideRgModal.click();\nestoquePage.add9Rgs((0, _common.RgEquipamentoRandom)(), (0, _common.RgEquipamentoRandom)(), (0, _common.RgEquipamentoRandom)(), (0, _common.RgEquipamentoRandom)(), (0, _common.RgEquipamentoRandom)(), (0, _common.RgEquipamentoRandom)(), (0, _common.RgEquipamentoRandom)(), (0, _common.RgEquipamentoRandom)(), (0, _common.RgEquipamentoRandom)());\nestoquePage.proxButtonInsideRgModal.click();\nestoquePage.add9Rgs((0, _common.RgEquipamentoRandom)(), (0, _common.RgEquipamentoRandom)(), (0, _common.RgEquipamentoRandom)(), (0, _common.RgEquipamentoRandom)(), (0, _common.RgEquipamentoRandom)(), (0, _common.RgEquipamentoRandom)(), (0, _common.RgEquipamentoRandom)(), (0, _common.RgEquipamentoRandom)(), (0, _common.RgEquipamentoRandom)());\nestoquePage.proxButtonInsideRgModal.click();\nestoquePage.add9Rgs((0, _common.RgEquipamentoRandom)(), (0, _common.RgEquipamentoRandom)(), (0, _common.RgEquipamentoRandom)(), (0, _common.RgEquipamentoRandom)(), (0, _common.RgEquipamentoRandom)(), (0, _common.RgEquipamentoRandom)(), (0, _common.RgEquipamentoRandom)(), (0, _common.RgEquipamentoRandom)(), (0, _common.RgEquipamentoRandom)());\nestoquePage.proxButtonInsideRgModal.click();\nestoquePage.add9Rgs((0, _common.RgEquipamentoRandom)(), (0, _common.RgEquipamentoRandom)(), (0, _common.RgEquipamentoRandom)(), (0, _common.RgEquipamentoRandom)(), (0, _common.RgEquipamentoRandom)(), (0, _common.RgEquipamentoRandom)(), (0, _common.RgEquipamentoRandom)(), (0, _common.RgEquipamentoRandom)(), (0, _common.RgEquipamentoRandom)());\nestoquePage.proxButtonInsideRgModal.click();\nestoquePage.add9Rgs((0, _common.RgEquipamentoRandom)(), (0, _common.RgEquipamentoRandom)(), (0, _common.RgEquipamentoRandom)(), (0, _common.RgEquipamentoRandom)(), (0, _common.RgEquipamentoRandom)(), (0, _common.RgEquipamentoRandom)(), (0, _common.RgEquipamentoRandom)(), (0, _common.RgEquipamentoRandom)(), (0, _common.RgEquipamentoRandom)());\nestoquePage.progressBar.should('have.text', progressEnd);",
                  "err": {},
                  "uuid": "d7bee16c-a0f2-4c35-928c-4d49afb413a7",
                  "parentUUID": "df3862bc-b02e-45e3-a56b-94b670294511",
                  "isHook": false,
                  "skipped": false
                },
                {
                  "title": "12, 50 -Validar se a modal de Salvar é exibida ao salvar os equipamentos",
                  "fullTitle": "Funcionalidade Estoque Funcionalidade de adicionar equipamentos ao estoque 12, 50 -Validar se a modal de Salvar é exibida ao salvar os equipamentos",
                  "timedOut": null,
                  "duration": 10750,
                  "state": "passed",
                  "speed": "slow",
                  "pass": true,
                  "fail": false,
                  "pending": false,
                  "context": null,
                  "code": "let RgEquipamentoRandom1 = JSON.stringify(Math.floor(Math.random() * (89999999999999 - 10000000000000)) + 10000000000000);\nlet RgEquipamentoRandom2 = JSON.stringify(Math.floor(Math.random() * (89999999999999 - 10000000000000)) + 10000000000000);\nlet RgEquipamentoRandom3 = JSON.stringify(Math.floor(Math.random() * (89999999999999 - 10000000000000)) + 10000000000000);\nlet RgEquipamentoRandom4 = JSON.stringify(Math.floor(Math.random() * (89999999999999 - 10000000000000)) + 10000000000000);\nlet RgEquipamentoRandom5 = JSON.stringify(Math.floor(Math.random() * (89999999999999 - 10000000000000)) + 10000000000000);\nlet RgEquipamentoRandom6 = JSON.stringify(Math.floor(Math.random() * (89999999999999 - 10000000000000)) + 10000000000000);\nlet RgEquipamentoRandom7 = JSON.stringify(Math.floor(Math.random() * (89999999999999 - 10000000000000)) + 10000000000000);\nlet RgEquipamentoRandom8 = JSON.stringify(Math.floor(Math.random() * (89999999999999 - 10000000000000)) + 10000000000000);\nlet RgEquipamentoRandom9 = JSON.stringify(Math.floor(Math.random() * (89999999999999 - 10000000000000)) + 10000000000000);\ncy.selectGeografiaOperacaoNomeOpecarao(geografia.geografia, cdd.cdd, nomeOperacao.nomeOperacao);\nestoquePage.AddButton.click();\nestoquePage.fillEquipmentModalFields((0, _common.NfRandom)(), tipoDeMovimento.Compra, origem.MetalFrio, dayjs().format('DD/MM/YYYY'), dadosEquipamento[1].equipamento, dadosEquipamento[1].equipamento, dadosEquipamento[1].voltagem, dadosEquipamento[1].quantidade);\nestoquePage.addEquipmentButton.click();\nestoquePage.proximoButton.click();\nestoquePage.add9Rgs(RgEquipamentoRandom1, RgEquipamentoRandom2, RgEquipamentoRandom3, RgEquipamentoRandom4, RgEquipamentoRandom5, RgEquipamentoRandom6, RgEquipamentoRandom7, RgEquipamentoRandom8, RgEquipamentoRandom9);\nestoquePage.buttonSalvarModalRgs.click();\nestoquePage.titleModalMsgsAndAlerts.should('have.text', 'Estoque adicionado com sucesso');\nestoquePage.subTitleModalMsgsAndAlerts.should('contain', dadosEquipamento[1].quantidade);\ncy.task('deleteRgs', {\n  Rg1: RgEquipamentoRandom1,\n  Rg2: RgEquipamentoRandom2,\n  Rg3: RgEquipamentoRandom3,\n  Rg4: RgEquipamentoRandom4,\n  Rg5: RgEquipamentoRandom5,\n  Rg6: RgEquipamentoRandom6,\n  Rg7: RgEquipamentoRandom7,\n  Rg8: RgEquipamentoRandom8,\n  Rg9: RgEquipamentoRandom9\n});",
                  "err": {},
                  "uuid": "50c89a3d-fdd6-48f5-8fd9-3e5ea15094f8",
                  "parentUUID": "df3862bc-b02e-45e3-a56b-94b670294511",
                  "isHook": false,
                  "skipped": false
                },
                {
                  "title": "13-Validar se a modal de erro é exibida ao tentar salvar um equipamento",
                  "fullTitle": "Funcionalidade Estoque Funcionalidade de adicionar equipamentos ao estoque 13-Validar se a modal de erro é exibida ao tentar salvar um equipamento",
                  "timedOut": null,
                  "duration": 6268,
                  "state": "passed",
                  "speed": "medium",
                  "pass": true,
                  "fail": false,
                  "pending": false,
                  "context": null,
                  "code": "cy.intercept('POST', 'https://icebev-nonprod.ambevdevs.com.br/signature-control-panel-backend/equipment/store', {\n  forceNetworkError: true\n}).as('getNetworkFailure');\nlet NfRandomNumber = Math.floor(Math.random() * (90000000 - 10000000)) + 10000000;\ncy.selectGeografiaOperacaoNomeOpecarao(geografia.geografia, cdd.cdd, nomeOperacao.nomeOperacao);\nestoquePage.AddButton.click();\nestoquePage.fillEquipmentModalFields(NfRandomNumber, tipoDeMovimento.Compra, origem.MetalFrio, dayjs().format('DD/MM/YYYY'), dadosEquipamento[1].equipamento, dadosEquipamento[1].equipamento, dadosEquipamento[1].voltagem, 1);\nestoquePage.addEquipmentButton.click();\nestoquePage.proximoButton.click();\nestoquePage.addRg.eq(0).type((0, _common.RgEquipamentoRandom)());\nestoquePage.buttonSalvarModalRgs.click();\ncy.wait('@getNetworkFailure');\nestoquePage.titleModalMsgsAndAlerts.should('have.text', 'Erro de sistema');\nestoquePage.subTitleModalMsgsAndAlerts.should('have.text', 'Por conta de um erro do sistema sua solicitação não pode ser enviada, por favor tente novamente mais tarde.');\nestoquePage.messageTextBold.should('have.text', 'Em caso de dúvidas contate o administrador do sistema.');\nestoquePage.modalButtonOk.click();\nestoquePage.titleModalMsgsAndAlerts.should('not.exist');",
                  "err": {},
                  "uuid": "e4738b03-b83c-4d9f-961d-91188edae9bd",
                  "parentUUID": "df3862bc-b02e-45e3-a56b-94b670294511",
                  "isHook": false,
                  "skipped": false
                },
                {
                  "title": "14-Validar se ao clicar no \"X\" para fechar na tela de RG sem preencher algum campo RG exibe a modal de aviso",
                  "fullTitle": "Funcionalidade Estoque Funcionalidade de adicionar equipamentos ao estoque 14-Validar se ao clicar no \"X\" para fechar na tela de RG sem preencher algum campo RG exibe a modal de aviso",
                  "timedOut": null,
                  "duration": 13775,
                  "state": "passed",
                  "speed": "slow",
                  "pass": true,
                  "fail": false,
                  "pending": false,
                  "context": null,
                  "code": "cy.selectGeografiaOperacaoNomeOpecarao(geografia.geografia, cdd.cdd, nomeOperacao.nomeOperacao);\nestoquePage.AddButton.click();\nestoquePage.fillEquipmentModalFields((0, _common.NfRandom)(), tipoDeMovimento.Compra, origem.MetalFrio, dayjs().format('DD/MM/YYYY'), dadosEquipamento[1].equipamento, dadosEquipamento[1].equipamento, dadosEquipamento[1].voltagem, dadosEquipamento[1].quantidade);\nestoquePage.addEquipmentButton.click();\nestoquePage.proximoButton.click();\nestoquePage.buttonX.click();\nestoquePage.modalAcaoCancelar.should('exist');\nestoquePage.modalAcaoCancelar.should('contain', 'Se essa ação for confirmada, você perderá todos os dados informados');",
                  "err": {},
                  "uuid": "4153d62a-a8f9-4ad4-a66d-8cad80605586",
                  "parentUUID": "df3862bc-b02e-45e3-a56b-94b670294511",
                  "isHook": false,
                  "skipped": false
                },
                {
                  "title": "15-Validar se ao clicar na tela de RG quando preencher algum campo RG exibe a modal de aviso",
                  "fullTitle": "Funcionalidade Estoque Funcionalidade de adicionar equipamentos ao estoque 15-Validar se ao clicar na tela de RG quando preencher algum campo RG exibe a modal de aviso",
                  "timedOut": null,
                  "duration": 4422,
                  "state": "passed",
                  "speed": "fast",
                  "pass": true,
                  "fail": false,
                  "pending": false,
                  "context": null,
                  "code": "cy.selectGeografiaOperacaoNomeOpecarao(geografia.geografia, cdd.cdd, nomeOperacao.nomeOperacao);\nestoquePage.AddButton.click();\nestoquePage.fillEquipmentModalFields((0, _common.NfRandom)(), tipoDeMovimento.Compra, origem.MetalFrio, dayjs().format('DD/MM/YYYY'), dadosEquipamento[1].equipamento, dadosEquipamento[1].equipamento, dadosEquipamento[1].voltagem, dadosEquipamento[1].quantidade);\nestoquePage.addEquipmentButton.click();\nestoquePage.proximoButton.click();\nestoquePage.addRg.eq(0).type((0, _common.RgEquipamentoRandom)());\nestoquePage.buttonX.click();\nestoquePage.modalAcaoCancelar.should('exist');\nestoquePage.modalAcaoCancelar.should('contain', 'Se essa ação for confirmada, você perderá todos os dados informados');",
                  "err": {},
                  "uuid": "b889d810-f808-4b0b-aaa4-d14ce021038b",
                  "parentUUID": "df3862bc-b02e-45e3-a56b-94b670294511",
                  "isHook": false,
                  "skipped": false
                },
                {
                  "title": "16-Validando se ao adicionar equipamento na lista, clicar em cancelar e no modal de cancelar ação, ao voltar para o modal Adicionar equipamentos, os equipamentos da lista permanecem",
                  "fullTitle": "Funcionalidade Estoque Funcionalidade de adicionar equipamentos ao estoque 16-Validando se ao adicionar equipamento na lista, clicar em cancelar e no modal de cancelar ação, ao voltar para o modal Adicionar equipamentos, os equipamentos da lista permanecem",
                  "timedOut": null,
                  "duration": 3807,
                  "state": "passed",
                  "speed": "fast",
                  "pass": true,
                  "fail": false,
                  "pending": false,
                  "context": null,
                  "code": "cy.selectGeografiaOperacaoNomeOpecarao(geografia.geografia, cdd.cdd, nomeOperacao.nomeOperacao);\nestoquePage.AddButton.click();\nestoquePage.fillEquipmentModalFields((0, _common.NfRandom)(), tipoDeMovimento.Tansferencia, origem.FabricaDeAgudos, dayjs().format('DD/MM/YYYY'), dadosEquipamento[0].equipamento, dadosEquipamento[0].equipamento, dadosEquipamento[0].voltagem, dadosEquipamento[0].quantidade);\nestoquePage.addEquipmentButton.click();\nestoquePage.cancelarButtonModalEquip.click();\nestoquePage.modalButtonCancela.click();\nestoquePage.fieldQuantidadeOnEquipamentoList.should('have.value', dadosEquipamento[0].quantidade);\nestoquePage.equipamentoOnAddList.should('contain', dadosEquipamento[0].equipamento);",
                  "err": {},
                  "uuid": "a8993168-14c5-4f8f-95e9-21f503114eb7",
                  "parentUUID": "df3862bc-b02e-45e3-a56b-94b670294511",
                  "isHook": false,
                  "skipped": false
                },
                {
                  "title": "17-Validar se na lista de +Adicionar Equipamentos exibe um scroll com os equipamentos na lista",
                  "fullTitle": "Funcionalidade Estoque Funcionalidade de adicionar equipamentos ao estoque 17-Validar se na lista de +Adicionar Equipamentos exibe um scroll com os equipamentos na lista",
                  "timedOut": null,
                  "duration": 4804,
                  "state": "passed",
                  "speed": "fast",
                  "pass": true,
                  "fail": false,
                  "pending": false,
                  "context": null,
                  "code": "cy.selectGeografiaOperacaoNomeOpecarao(geografia.geografia, cdd.cdd, nomeOperacao.nomeOperacao);\nestoquePage.AddButton.click();\nestoquePage.fillEquipmentModalFields((0, _common.NfRandom)(), tipoDeMovimento.Tansferencia, origem.FabricaDeAgudos, dayjs().format('DD/MM/YYYY'), dadosEquipamento[0].equipamento, dadosEquipamento[0].equipamento, dadosEquipamento[0].voltagem, dadosEquipamento[1].quantidade);\nestoquePage.addEquipmentButton.click();\nestoquePage.fieldEquipamento.type(dadosEquipamento[0].equipamento);\nestoquePage.VoltagemRadioButton.check(dadosEquipamento[1].voltagem);\nestoquePage.fieldQuantidade.type(dadosEquipamento[1].quantidade);\nestoquePage.addEquipmentButton.click();\nestoquePage.fieldEquipamento.type(dadosEquipamento[2].equipamento);\nestoquePage.VoltagemRadioButton.check(dadosEquipamento[2].voltagem);\nestoquePage.fieldQuantidade.type(dadosEquipamento[2].quantidade);\nestoquePage.addEquipmentButton.click();\nestoquePage.scrolOnlistEquipamento.scrollTo('bottom').should('be.visible');",
                  "err": {},
                  "uuid": "ddd20019-4d3b-47b1-8ae1-3393b290a3ba",
                  "parentUUID": "df3862bc-b02e-45e3-a56b-94b670294511",
                  "isHook": false,
                  "skipped": false
                },
                {
                  "title": "20-Validar se o campo Origem não fica ativo se não preencher o campo Tipo de movimentação",
                  "fullTitle": "Funcionalidade Estoque Funcionalidade de adicionar equipamentos ao estoque 20-Validar se o campo Origem não fica ativo se não preencher o campo Tipo de movimentação",
                  "timedOut": null,
                  "duration": 2271,
                  "state": "passed",
                  "speed": "fast",
                  "pass": true,
                  "fail": false,
                  "pending": false,
                  "context": null,
                  "code": "cy.selectGeografiaOperacaoNomeOpecarao(geografia.geografia, cdd.cdd, nomeOperacao.nomeOperacao);\nestoquePage.AddButton.click();\nestoquePage.fieldNfNumero.type((0, _common.NfRandom)());\nestoquePage.origemField.should('be.disabled');",
                  "err": {},
                  "uuid": "45571463-a525-4829-954a-e13ea50133bc",
                  "parentUUID": "df3862bc-b02e-45e3-a56b-94b670294511",
                  "isHook": false,
                  "skipped": false
                },
                {
                  "title": "21-Validar se o campo Origem fica ativo após preencher o campo Tipo de movimentação",
                  "fullTitle": "Funcionalidade Estoque Funcionalidade de adicionar equipamentos ao estoque 21-Validar se o campo Origem fica ativo após preencher o campo Tipo de movimentação",
                  "timedOut": null,
                  "duration": 2015,
                  "state": "passed",
                  "speed": "fast",
                  "pass": true,
                  "fail": false,
                  "pending": false,
                  "context": null,
                  "code": "cy.selectGeografiaOperacaoNomeOpecarao(geografia.geografia, cdd.cdd, nomeOperacao.nomeOperacao);\nestoquePage.AddButton.click();\nestoquePage.fieldNfNumero.type((0, _common.NfRandom)());\nestoquePage.fieldTipoDeMovimento.click();\nestoquePage.listaTipoDeMovimento.contains(tipoDeMovimento.Tansferencia).click();\nestoquePage.origemField.should('be.enabled');",
                  "err": {},
                  "uuid": "0b5ac797-b4a5-40e1-b66a-59d2569b4737",
                  "parentUUID": "df3862bc-b02e-45e3-a56b-94b670294511",
                  "isHook": false,
                  "skipped": false
                },
                {
                  "title": "35-Validar se após adicionar um equipamento na lista é possível mudar a quantidade apenas usando os sinais de \"-\" e \"+\"",
                  "fullTitle": "Funcionalidade Estoque Funcionalidade de adicionar equipamentos ao estoque 35-Validar se após adicionar um equipamento na lista é possível mudar a quantidade apenas usando os sinais de \"-\" e \"+\"",
                  "timedOut": null,
                  "duration": 4766,
                  "state": "passed",
                  "speed": "fast",
                  "pass": true,
                  "fail": false,
                  "pending": false,
                  "context": null,
                  "code": "cy.selectGeografiaOperacaoNomeOpecarao(geografia.geografia, cdd.cdd, nomeOperacao.nomeOperacao);\nestoquePage.AddButton.click();\nestoquePage.fillEquipmentModalFields((0, _common.NfRandom)(), tipoDeMovimento.Tansferencia, origem.FabricaDeAgudos, dayjs().format('DD/MM/YYYY'), dadosEquipamento[0].equipamento, dadosEquipamento[0].equipamento, dadosEquipamento[0].voltagem, dadosEquipamento[0].quantidade);\nestoquePage.addEquipmentButton.click();\nestoquePage.buttonMinusListEquipment.click();\nestoquePage.fieldQuantidadeOnEquipamentoList.should('have.value', dadosEquipamento[0].quantidade - 1);\nestoquePage.buttonButtonPlusListEquipment.click();\nestoquePage.fieldQuantidadeOnEquipamentoList.should('have.value', dadosEquipamento[0].quantidade);",
                  "err": {},
                  "uuid": "fdc7f574-9f19-4660-908e-1c42cb053428",
                  "parentUUID": "df3862bc-b02e-45e3-a56b-94b670294511",
                  "isHook": false,
                  "skipped": false
                },
                {
                  "title": "36-Validar se ao adicionar um equipamento na lista é possível mudar a quantidade digitando um valor",
                  "fullTitle": "Funcionalidade Estoque Funcionalidade de adicionar equipamentos ao estoque 36-Validar se ao adicionar um equipamento na lista é possível mudar a quantidade digitando um valor",
                  "timedOut": null,
                  "duration": 3541,
                  "state": "passed",
                  "speed": "fast",
                  "pass": true,
                  "fail": false,
                  "pending": false,
                  "context": null,
                  "code": "cy.selectGeografiaOperacaoNomeOpecarao(geografia.geografia, cdd.cdd, nomeOperacao.nomeOperacao);\nestoquePage.AddButton.click();\nestoquePage.fillEquipmentModalFields((0, _common.NfRandom)(), tipoDeMovimento.Tansferencia, origem.FabricaDeAgudos, dayjs().format('DD/MM/YYYY'), dadosEquipamento[0].equipamento, dadosEquipamento[0].equipamento, dadosEquipamento[0].voltagem, dadosEquipamento[0].quantidade);\nestoquePage.addEquipmentButton.click();\nestoquePage.fieldQuantidadeOnEquipamentoList.should('have.attr', 'readonly');",
                  "err": {},
                  "uuid": "ad2e7aef-bffd-4f2d-8371-42c2d56c6a66",
                  "parentUUID": "df3862bc-b02e-45e3-a56b-94b670294511",
                  "isHook": false,
                  "skipped": false
                },
                {
                  "title": "37-Validar se na modal adicionar equipamentos permite digitar a quantidade",
                  "fullTitle": "Funcionalidade Estoque Funcionalidade de adicionar equipamentos ao estoque 37-Validar se na modal adicionar equipamentos permite digitar a quantidade",
                  "timedOut": null,
                  "duration": 2902,
                  "state": "passed",
                  "speed": "fast",
                  "pass": true,
                  "fail": false,
                  "pending": false,
                  "context": null,
                  "code": "cy.selectGeografiaOperacaoNomeOpecarao(geografia.geografia, cdd.cdd, nomeOperacao.nomeOperacao);\nestoquePage.AddButton.click();\nestoquePage.fieldNfNumero.type((0, _common.NfRandom)());\nestoquePage.fieldTipoDeMovimento.click();\nestoquePage.listaTipoDeMovimento.contains(tipoDeMovimento.Tansferencia).click();\nestoquePage.origemField.click();\nestoquePage.listOrigem.contains(origem.FabricaDeAgudos).click();\nestoquePage.dataField.type(dayjs().format('DD/MM/YYYY'));\nestoquePage.fieldQuantidade.type(dadosEquipamento[0].quantidade);\nestoquePage.fieldQuantidade.should('have.value', dadosEquipamento[0].quantidade);",
                  "err": {},
                  "uuid": "84d6f78f-e957-4fdb-bde0-22cdbdc3b12f",
                  "parentUUID": "df3862bc-b02e-45e3-a56b-94b670294511",
                  "isHook": false,
                  "skipped": false
                },
                {
                  "title": "38-Validar se da modal adicionar equipamentos permite mudar a quantidade pelo botões \"-\" e \"+\"",
                  "fullTitle": "Funcionalidade Estoque Funcionalidade de adicionar equipamentos ao estoque 38-Validar se da modal adicionar equipamentos permite mudar a quantidade pelo botões \"-\" e \"+\"",
                  "timedOut": null,
                  "duration": 2783,
                  "state": "passed",
                  "speed": "fast",
                  "pass": true,
                  "fail": false,
                  "pending": false,
                  "context": null,
                  "code": "cy.selectGeografiaOperacaoNomeOpecarao(geografia.geografia, cdd.cdd, nomeOperacao.nomeOperacao);\nestoquePage.AddButton.click();\nestoquePage.fieldNfNumero.type((0, _common.NfRandom)());\nestoquePage.fieldTipoDeMovimento.click();\nestoquePage.listaTipoDeMovimento.contains(tipoDeMovimento.Tansferencia).click();\nestoquePage.origemField.click();\nestoquePage.listOrigem.contains(origem.FabricaDeAgudos).click();\nestoquePage.dataField.type(dayjs().format('DD/MM/YYYY'));\nestoquePage.buttonPlusModalEquipment.click().click();\nestoquePage.fieldQuantidade.should('have.value', 2);\nestoquePage.buttonMinusModalEquipament.click();\nestoquePage.fieldQuantidade.should('have.value', 1);",
                  "err": {},
                  "uuid": "fb35b7d5-d2cf-487c-8614-03a414af982a",
                  "parentUUID": "df3862bc-b02e-45e3-a56b-94b670294511",
                  "isHook": false,
                  "skipped": false
                },
                {
                  "title": "39-Validar se da modal adicionar equipamentos não permite adicionar equipamento se quantidade for zero",
                  "fullTitle": "Funcionalidade Estoque Funcionalidade de adicionar equipamentos ao estoque 39-Validar se da modal adicionar equipamentos não permite adicionar equipamento se quantidade for zero",
                  "timedOut": null,
                  "duration": 2796,
                  "state": "passed",
                  "speed": "fast",
                  "pass": true,
                  "fail": false,
                  "pending": false,
                  "context": null,
                  "code": "cy.selectGeografiaOperacaoNomeOpecarao(geografia.geografia, cdd.cdd, nomeOperacao.nomeOperacao);\nestoquePage.AddButton.click();\nestoquePage.fieldNfNumero.type((0, _common.NfRandom)());\nestoquePage.fieldTipoDeMovimento.click();\nestoquePage.listaTipoDeMovimento.contains(tipoDeMovimento.Tansferencia).click();\nestoquePage.origemField.click();\nestoquePage.listOrigem.contains(origem.FabricaDeAgudos).click();\nestoquePage.dataField.type(dayjs().format('DD/MM/YYYY'));\nestoquePage.fieldEquipamento.type(dadosEquipamento[0].equipamento);\nestoquePage.VoltagemRadioButton.check(dadosEquipamento[0].voltagem);\nestoquePage.addEquipmentButton.should('be.disabled');",
                  "err": {},
                  "uuid": "8b9e9cc3-247c-4319-a0a6-fde2a928fa6d",
                  "parentUUID": "df3862bc-b02e-45e3-a56b-94b670294511",
                  "isHook": false,
                  "skipped": false
                },
                {
                  "title": "40-Validar se da modal adicionar equipamentos não permite adicionar equipamento se quantidade for zero, teste mudando campo",
                  "fullTitle": "Funcionalidade Estoque Funcionalidade de adicionar equipamentos ao estoque 40-Validar se da modal adicionar equipamentos não permite adicionar equipamento se quantidade for zero, teste mudando campo",
                  "timedOut": null,
                  "duration": 4722,
                  "state": "passed",
                  "speed": "fast",
                  "pass": true,
                  "fail": false,
                  "pending": false,
                  "context": null,
                  "code": "cy.selectGeografiaOperacaoNomeOpecarao(geografia.geografia, cdd.cdd, nomeOperacao.nomeOperacao);\nestoquePage.AddButton.click();\nestoquePage.fillEquipmentModalFields((0, _common.NfRandom)(), tipoDeMovimento.Tansferencia, origem.FabricaDeAgudos, dayjs().format('DD/MM/YYYY'), dadosEquipamento[0].equipamento, dadosEquipamento[0].equipamento, dadosEquipamento[0].voltagem, dadosEquipamento[0].quantidade);\nestoquePage.fieldQuantidade.clear();\nestoquePage.addEquipmentButton.should('be.disabled');",
                  "err": {},
                  "uuid": "97228d43-1711-41d8-a253-c3467375c854",
                  "parentUUID": "df3862bc-b02e-45e3-a56b-94b670294511",
                  "isHook": false,
                  "skipped": false
                },
                {
                  "title": "43-Validar se o botão próximo fica desabilitado quando não tem equipamento adicionados na lista",
                  "fullTitle": "Funcionalidade Estoque Funcionalidade de adicionar equipamentos ao estoque 43-Validar se o botão próximo fica desabilitado quando não tem equipamento adicionados na lista",
                  "timedOut": null,
                  "duration": 1582,
                  "state": "passed",
                  "speed": "fast",
                  "pass": true,
                  "fail": false,
                  "pending": false,
                  "context": null,
                  "code": "cy.selectGeografiaOperacaoNomeOpecarao(geografia.geografia, cdd.cdd, nomeOperacao.nomeOperacao);\nestoquePage.AddButton.click();\nestoquePage.proximoButton.should('be.disabled');",
                  "err": {},
                  "uuid": "c4763a0b-9fee-4c88-b2af-db09fe674c8c",
                  "parentUUID": "df3862bc-b02e-45e3-a56b-94b670294511",
                  "isHook": false,
                  "skipped": false
                },
                {
                  "title": "44-Validar se clicar no botão \"+Adicionar Equipamento\" os campos que são apagados bloqueiam novamente o botão \"+Adicionar Equipamentos\"",
                  "fullTitle": "Funcionalidade Estoque Funcionalidade de adicionar equipamentos ao estoque 44-Validar se clicar no botão \"+Adicionar Equipamento\" os campos que são apagados bloqueiam novamente o botão \"+Adicionar Equipamentos\"",
                  "timedOut": null,
                  "duration": 3554,
                  "state": "passed",
                  "speed": "fast",
                  "pass": true,
                  "fail": false,
                  "pending": false,
                  "context": null,
                  "code": "cy.selectGeografiaOperacaoNomeOpecarao(geografia.geografia, cdd.cdd, nomeOperacao.nomeOperacao);\nestoquePage.AddButton.click();\nestoquePage.fillEquipmentModalFields((0, _common.NfRandom)(), tipoDeMovimento.Tansferencia, origem.FabricaDeAgudos, dayjs().format('DD/MM/YYYY'), dadosEquipamento[1].equipamento, dadosEquipamento[1].equipamento, dadosEquipamento[1].voltagem, dadosEquipamento[1].quantidade);\nestoquePage.addEquipmentButton.click();\nestoquePage.addEquipmentButton.should('be.disabled');",
                  "err": {},
                  "uuid": "4c11ac3a-d906-43a9-a580-df2117c9453e",
                  "parentUUID": "df3862bc-b02e-45e3-a56b-94b670294511",
                  "isHook": false,
                  "skipped": false
                },
                {
                  "title": "47-Validar se ao adicionar as duas voltagens possíveis de um mesmo equipamento, ele não deve mais aparecer na lista de equipamentos",
                  "fullTitle": "Funcionalidade Estoque Funcionalidade de adicionar equipamentos ao estoque 47-Validar se ao adicionar as duas voltagens possíveis de um mesmo equipamento, ele não deve mais aparecer na lista de equipamentos",
                  "timedOut": null,
                  "duration": 3864,
                  "state": "passed",
                  "speed": "fast",
                  "pass": true,
                  "fail": false,
                  "pending": false,
                  "context": null,
                  "code": "cy.selectGeografiaOperacaoNomeOpecarao(geografia.geografia, cdd.cdd, nomeOperacao.nomeOperacao);\nestoquePage.AddButton.click();\nestoquePage.fillEquipmentModalFields((0, _common.NfRandom)(), tipoDeMovimento.Compra, origem.MetalFrio, dayjs().format('DD/MM/YYYY'), dadosEquipamento[2].equipamento, dadosEquipamento[2].equipamento, dadosEquipamento[2].voltagem, dadosEquipamento[2].quantidade);\nestoquePage.addEquipmentButton.click();\nestoquePage.fieldEquipamento.type(dadosEquipamento[3].equipamento);\nestoquePage.VoltagemRadioButton.check(dadosEquipamento[3].voltagem);\nestoquePage.fieldQuantidade.type(dadosEquipamento[3].quantidade);\nestoquePage.addEquipmentButton.click();\nestoquePage.fieldEquipamento.click();\nestoquePage.equipamentoOnList.should('not.have.text', dadosEquipamento[2].equipamento);",
                  "err": {},
                  "uuid": "ec5c06de-8bd1-487d-a136-f15e6818ea91",
                  "parentUUID": "df3862bc-b02e-45e3-a56b-94b670294511",
                  "isHook": false,
                  "skipped": false
                },
                {
                  "title": "49-Validar se o botão voltar nas telas de RG volta para a tela anterior",
                  "fullTitle": "Funcionalidade Estoque Funcionalidade de adicionar equipamentos ao estoque 49-Validar se o botão voltar nas telas de RG volta para a tela anterior",
                  "timedOut": null,
                  "duration": 8965,
                  "state": "passed",
                  "speed": "medium",
                  "pass": true,
                  "fail": false,
                  "pending": false,
                  "context": null,
                  "code": "cy.selectGeografiaOperacaoNomeOpecarao(geografia.geografia, cdd.cdd, nomeOperacao.nomeOperacao);\nestoquePage.AddButton.click();\nestoquePage.fillEquipmentModalFields((0, _common.NfRandom)(), tipoDeMovimento.Compra, origem.MetalFrio, dayjs().format('DD/MM/YYYY'), dadosEquipamento[1].equipamento, dadosEquipamento[1].equipamento, dadosEquipamento[1].voltagem, 10);\nestoquePage.addEquipmentButton.click();\nestoquePage.proximoButton.click();\nestoquePage.add9Rgs((0, _common.RgEquipamentoRandom)(), (0, _common.RgEquipamentoRandom)(), (0, _common.RgEquipamentoRandom)(), (0, _common.RgEquipamentoRandom)(), (0, _common.RgEquipamentoRandom)(), (0, _common.RgEquipamentoRandom)(), (0, _common.RgEquipamentoRandom)(), (0, _common.RgEquipamentoRandom)(), (0, _common.RgEquipamentoRandom)());\nestoquePage.proxButtonInsideRgModal.click();\nestoquePage.voltarButttonInsideRgModal.click();\nestoquePage.voltarButttonInsideRgModal.click();\nestoquePage.addEquipmentButton.should('be.visible');",
                  "err": {},
                  "uuid": "4a804e6d-19b7-4b8a-bfea-122d5113f608",
                  "parentUUID": "df3862bc-b02e-45e3-a56b-94b670294511",
                  "isHook": false,
                  "skipped": false
                },
                {
                  "title": "51-Validar a regra do campo RG com menos que 14 caracteres",
                  "fullTitle": "Funcionalidade Estoque Funcionalidade de adicionar equipamentos ao estoque 51-Validar a regra do campo RG com menos que 14 caracteres",
                  "timedOut": null,
                  "duration": 5724,
                  "state": "passed",
                  "speed": "medium",
                  "pass": true,
                  "fail": false,
                  "pending": false,
                  "context": null,
                  "code": "cy.selectGeografiaOperacaoNomeOpecarao(geografia.geografia, cdd.cdd, nomeOperacao.nomeOperacao);\nestoquePage.AddButton.click();\nestoquePage.fillEquipmentModalFields((0, _common.NfRandom)(), tipoDeMovimento.Compra, origem.MetalFrio, dayjs().format('DD/MM/YYYY'), dadosEquipamento[1].equipamento, dadosEquipamento[1].equipamento, dadosEquipamento[1].voltagem, 1);\nestoquePage.addEquipmentButton.click();\nestoquePage.proximoButton.click();\nestoquePage.addRg.eq(0).type(1234567890123);\nestoquePage.buttonSalvarModalRgs.click();\nestoquePage.messageFieldInsideRgModal.should('contain', 'O campo deve conter 14 caracteres.');",
                  "err": {},
                  "uuid": "2e5a381a-9b1c-476e-86bc-f3f5c83bc3c0",
                  "parentUUID": "df3862bc-b02e-45e3-a56b-94b670294511",
                  "isHook": false,
                  "skipped": false
                },
                {
                  "title": "52-Validar a regra do campo RG para preencher o próximo RG",
                  "fullTitle": "Funcionalidade Estoque Funcionalidade de adicionar equipamentos ao estoque 52-Validar a regra do campo RG para preencher o próximo RG",
                  "timedOut": null,
                  "duration": 3819,
                  "state": "passed",
                  "speed": "fast",
                  "pass": true,
                  "fail": false,
                  "pending": false,
                  "context": null,
                  "code": "cy.selectGeografiaOperacaoNomeOpecarao(geografia.geografia, cdd.cdd, nomeOperacao.nomeOperacao);\nestoquePage.AddButton.click();\nestoquePage.fillEquipmentModalFields((0, _common.NfRandom)(), tipoDeMovimento.Compra, origem.MetalFrio, dayjs().format('DD/MM/YYYY'), dadosEquipamento[1].equipamento, dadosEquipamento[1].equipamento, dadosEquipamento[1].voltagem, 2);\nestoquePage.addEquipmentButton.click();\nestoquePage.proximoButton.click();\nestoquePage.addRg.eq(0).type(1234567890123);\nestoquePage.buttonSalvarModalRgs.click();\nestoquePage.addRg.eq(1).should('be.disabled');",
                  "err": {},
                  "uuid": "86bab6d4-01a7-41cc-b7f8-a86bdcfc5d96",
                  "parentUUID": "df3862bc-b02e-45e3-a56b-94b670294511",
                  "isHook": false,
                  "skipped": false
                },
                {
                  "title": "53-Validar a regra do campo RG para RG duplicado bloqueio",
                  "fullTitle": "Funcionalidade Estoque Funcionalidade de adicionar equipamentos ao estoque 53-Validar a regra do campo RG para RG duplicado bloqueio",
                  "timedOut": null,
                  "duration": 4140,
                  "state": "passed",
                  "speed": "fast",
                  "pass": true,
                  "fail": false,
                  "pending": false,
                  "context": null,
                  "code": "cy.selectGeografiaOperacaoNomeOpecarao(geografia.geografia, cdd.cdd, nomeOperacao.nomeOperacao);\nestoquePage.AddButton.click();\nestoquePage.fillEquipmentModalFields((0, _common.NfRandom)(), tipoDeMovimento.Compra, origem.MetalFrio, dayjs().format('DD/MM/YYYY'), dadosEquipamento[1].equipamento, dadosEquipamento[1].equipamento, dadosEquipamento[1].voltagem, 3);\nestoquePage.addEquipmentButton.click();\nestoquePage.proximoButton.click();\nestoquePage.addRg.eq(0).type(12345678901231);\nestoquePage.addRg.eq(1).type(12345678901231);\nestoquePage.buttonSalvarModalRgs.click();\nestoquePage.addRg.eq(2).should('be.disabled');",
                  "err": {},
                  "uuid": "30931eb0-1b0d-4881-ba0a-0369bf01a232",
                  "parentUUID": "df3862bc-b02e-45e3-a56b-94b670294511",
                  "isHook": false,
                  "skipped": false
                },
                {
                  "title": "54-Validar se o sistema impede usar uma NF já existente no banco",
                  "fullTitle": "Funcionalidade Estoque Funcionalidade de adicionar equipamentos ao estoque 54-Validar se o sistema impede usar uma NF já existente no banco",
                  "timedOut": null,
                  "duration": 1840,
                  "state": "passed",
                  "speed": "fast",
                  "pass": true,
                  "fail": false,
                  "pending": false,
                  "context": null,
                  "code": "cy.selectGeografiaOperacaoNomeOpecarao(geografia.geografia, cdd.cdd, nomeOperacao.nomeOperacao);\nestoquePage.AddButton.click();\nestoquePage.fieldNfNumero.type('123456 / 123');\nestoquePage.fieldTipoDeMovimento.click();\nestoquePage.titleModalMsgsAndAlerts.should('have.text', 'Nota fiscal existente');\nestoquePage.subTitleModalMsgsAndAlerts.should('have.text', 'O número informado já está cadastrado emnosso sistema.');",
                  "err": {},
                  "uuid": "0797aa4e-e9c1-4385-84e3-23285ef16e75",
                  "parentUUID": "df3862bc-b02e-45e3-a56b-94b670294511",
                  "isHook": false,
                  "skipped": false
                },
                {
                  "title": "55-Validar se o sistema não permite salva RGs já existentes na base",
                  "fullTitle": "Funcionalidade Estoque Funcionalidade de adicionar equipamentos ao estoque 55-Validar se o sistema não permite salva RGs já existentes na base",
                  "timedOut": null,
                  "duration": 4465,
                  "state": "passed",
                  "speed": "fast",
                  "pass": true,
                  "fail": false,
                  "pending": false,
                  "context": null,
                  "code": "const Rg1 = '2210777425120-8';\nconst Rg2 = '2210037447597-4';\nconst Rg3 = '2211037447593-1';\ncy.selectGeografiaOperacaoNomeOpecarao(geografia.geografia, cdd.cdd, nomeOperacao.nomeOperacao);\nestoquePage.AddButton.click();\nestoquePage.fillEquipmentModalFields((0, _common.NfRandom)(), tipoDeMovimento.Compra, origem.MetalFrio, dayjs().format('DD/MM/YYYY'), dadosEquipamento[1].equipamento, dadosEquipamento[1].equipamento, dadosEquipamento[1].voltagem, 3);\nestoquePage.addEquipmentButton.click();\nestoquePage.proximoButton.click();\nestoquePage.addRg.eq(0).type(Rg1);\nestoquePage.addRg.eq(1).type(Rg2);\nestoquePage.addRg.eq(2).type(Rg3);\nestoquePage.buttonSalvarModalRgs.click();\nestoquePage.titleModalMsgsAndAlerts.should('have.text', 'RG já existente');\nestoquePage.subTitleModalMsgsAndAlerts.should('have.text', 'Alguns RG’s já estão cadastrados em nossa base,verifique os dados e tente novamente.');\nestoquePage.listAlertRgs.should('contain', Rg1);\nestoquePage.listAlertRgs.should('contain', Rg2);\nestoquePage.listAlertRgs.should('contain', Rg3);",
                  "err": {},
                  "uuid": "ae14a027-1fdc-4e03-9fc4-a8cdc52c00ed",
                  "parentUUID": "df3862bc-b02e-45e3-a56b-94b670294511",
                  "isHook": false,
                  "skipped": false
                },
                {
                  "title": "56-Valida se o modal cancelar não é exibida quando a modal de adicionar equipamentos é fechada sem preencher algum campo",
                  "fullTitle": "Funcionalidade Estoque Funcionalidade de adicionar equipamentos ao estoque 56-Valida se o modal cancelar não é exibida quando a modal de adicionar equipamentos é fechada sem preencher algum campo",
                  "timedOut": null,
                  "duration": 1524,
                  "state": "passed",
                  "speed": "fast",
                  "pass": true,
                  "fail": false,
                  "pending": false,
                  "context": null,
                  "code": "cy.selectGeografiaOperacaoNomeOpecarao(geografia.geografia, cdd.cdd, nomeOperacao.nomeOperacao);\nestoquePage.AddButton.click();\nestoquePage.cancelarButtonModalEquip.click();\nestoquePage.modalAcaoCancelar.should('not.exist');",
                  "err": {},
                  "uuid": "c3fd23a3-e987-49d3-a93a-649c153c8db3",
                  "parentUUID": "df3862bc-b02e-45e3-a56b-94b670294511",
                  "isHook": false,
                  "skipped": false
                },
                {
                  "title": "57-Validar a regra do campo RG para RG duplicado mensagem",
                  "fullTitle": "Funcionalidade Estoque Funcionalidade de adicionar equipamentos ao estoque 57-Validar a regra do campo RG para RG duplicado mensagem",
                  "timedOut": null,
                  "duration": 4204,
                  "state": "passed",
                  "speed": "fast",
                  "pass": true,
                  "fail": false,
                  "pending": false,
                  "context": null,
                  "code": "cy.selectGeografiaOperacaoNomeOpecarao(geografia.geografia, cdd.cdd, nomeOperacao.nomeOperacao);\nestoquePage.AddButton.click();\nestoquePage.fillEquipmentModalFields((0, _common.NfRandom)(), tipoDeMovimento.Compra, origem.MetalFrio, dayjs().format('DD/MM/YYYY'), dadosEquipamento[1].equipamento, dadosEquipamento[1].equipamento, dadosEquipamento[1].voltagem, 2);\nestoquePage.addEquipmentButton.click();\nestoquePage.proximoButton.click();\nestoquePage.addRg.eq(0).type(12345678901231);\nestoquePage.addRg.eq(1).type(12345678901231);\nestoquePage.buttonSalvarModalRgs.click();\nestoquePage.messageFieldInsideRgModal.should('contain', 'RG duplicado.');",
                  "err": {},
                  "uuid": "f19e2e30-f218-4891-90c6-7d9dabe82745",
                  "parentUUID": "df3862bc-b02e-45e3-a56b-94b670294511",
                  "isHook": false,
                  "skipped": false
                }
              ],
              "suites": [
                {
                  "uuid": "fbb2ff5b-2b2a-4d4d-ae74-685df8093150",
                  "title": "Valida o preenchimento automatico de todos os códigos Promax e Sap de todos os equipamentos",
                  "fullFile": "",
                  "file": "",
                  "beforeHooks": [],
                  "afterHooks": [],
                  "tests": [
                    {
                      "title": "19-Validar se ao selecionar a voltagem os campos código Promax e código Sap são preenchidos automaticamente",
                      "fullTitle": "Funcionalidade Estoque Funcionalidade de adicionar equipamentos ao estoque Valida o preenchimento automatico de todos os códigos Promax e Sap de todos os equipamentos 19-Validar se ao selecionar a voltagem os campos código Promax e código Sap são preenchidos automaticamente",
                      "timedOut": null,
                      "duration": 3162,
                      "state": "passed",
                      "speed": "fast",
                      "pass": true,
                      "fail": false,
                      "pending": false,
                      "context": null,
                      "code": "cy.selectGeografiaOperacaoNomeOpecarao(geografia.geografia, cdd.cdd, nomeOperacao.nomeOperacao);\nestoquePage.AddButton.click();\nestoquePage.fillEquipmentModalFields((0, _common.NfRandom)(), tipoDeMovimento.Compra, origem.MetalFrio, dayjs().format('DD/MM/YYYY'), dadosEquipamento[0].equipamento, dadosEquipamento[0].equipamento, dadosEquipamento[0].voltagem, dadosEquipamento[0].quantidade);\nestoquePage.codSapField.should('have.value', dadosEquipamento[0].codSap);\nestoquePage.codPromaxField.should('have.value', dadosEquipamento[0].codPromax);",
                      "err": {},
                      "uuid": "63b98a6b-9906-4468-a1a4-e46768a0cd47",
                      "parentUUID": "fbb2ff5b-2b2a-4d4d-ae74-685df8093150",
                      "isHook": false,
                      "skipped": false
                    },
                    {
                      "title": "19.1-Validar se ao selecionar a voltagem os campos código Promax e código Sap são preenchidos automaticamente",
                      "fullTitle": "Funcionalidade Estoque Funcionalidade de adicionar equipamentos ao estoque Valida o preenchimento automatico de todos os códigos Promax e Sap de todos os equipamentos 19.1-Validar se ao selecionar a voltagem os campos código Promax e código Sap são preenchidos automaticamente",
                      "timedOut": null,
                      "duration": 3404,
                      "state": "passed",
                      "speed": "fast",
                      "pass": true,
                      "fail": false,
                      "pending": false,
                      "context": null,
                      "code": "cy.selectGeografiaOperacaoNomeOpecarao(geografia.geografia, cdd.cdd, nomeOperacao.nomeOperacao);\nestoquePage.AddButton.click();\nestoquePage.fillEquipmentModalFields((0, _common.NfRandom)(), tipoDeMovimento.Compra, origem.MetalFrio, dayjs().format('DD/MM/YYYY'), dadosEquipamento[1].equipamento, dadosEquipamento[1].equipamento, dadosEquipamento[1].voltagem, dadosEquipamento[1].quantidade);\nestoquePage.codSapField.should('have.value', dadosEquipamento[1].codSap);\nestoquePage.codPromaxField.should('have.value', dadosEquipamento[1].codPromax);",
                      "err": {},
                      "uuid": "faf837fb-78ff-4414-8dfb-9fa72c0bddf4",
                      "parentUUID": "fbb2ff5b-2b2a-4d4d-ae74-685df8093150",
                      "isHook": false,
                      "skipped": false
                    },
                    {
                      "title": "19.2-Validar se ao selecionar a voltagem os campos código Promax e código Sap são preenchidos automaticamente",
                      "fullTitle": "Funcionalidade Estoque Funcionalidade de adicionar equipamentos ao estoque Valida o preenchimento automatico de todos os códigos Promax e Sap de todos os equipamentos 19.2-Validar se ao selecionar a voltagem os campos código Promax e código Sap são preenchidos automaticamente",
                      "timedOut": null,
                      "duration": 3027,
                      "state": "passed",
                      "speed": "fast",
                      "pass": true,
                      "fail": false,
                      "pending": false,
                      "context": null,
                      "code": "cy.selectGeografiaOperacaoNomeOpecarao(geografia.geografia, cdd.cdd, nomeOperacao.nomeOperacao);\nestoquePage.AddButton.click();\nestoquePage.fillEquipmentModalFields((0, _common.NfRandom)(), tipoDeMovimento.Compra, origem.MetalFrio, dayjs().format('DD/MM/YYYY'), dadosEquipamento[2].equipamento, dadosEquipamento[2].equipamento, dadosEquipamento[2].voltagem, dadosEquipamento[2].quantidade);\nestoquePage.codSapField.should('have.value', dadosEquipamento[2].codSap);\nestoquePage.codPromaxField.should('have.value', dadosEquipamento[2].codPromax);",
                      "err": {},
                      "uuid": "4226fea6-0625-4ba2-be41-6633650f6256",
                      "parentUUID": "fbb2ff5b-2b2a-4d4d-ae74-685df8093150",
                      "isHook": false,
                      "skipped": false
                    },
                    {
                      "title": "19.3-Validar se ao selecionar a voltagem os campos código Promax e código Sap são preenchidos automaticamente",
                      "fullTitle": "Funcionalidade Estoque Funcionalidade de adicionar equipamentos ao estoque Valida o preenchimento automatico de todos os códigos Promax e Sap de todos os equipamentos 19.3-Validar se ao selecionar a voltagem os campos código Promax e código Sap são preenchidos automaticamente",
                      "timedOut": null,
                      "duration": 3224,
                      "state": "passed",
                      "speed": "fast",
                      "pass": true,
                      "fail": false,
                      "pending": false,
                      "context": null,
                      "code": "cy.selectGeografiaOperacaoNomeOpecarao(geografia.geografia, cdd.cdd, nomeOperacao.nomeOperacao);\nestoquePage.AddButton.click();\nestoquePage.fillEquipmentModalFields((0, _common.NfRandom)(), tipoDeMovimento.Compra, origem.MetalFrio, dayjs().format('DD/MM/YYYY'), dadosEquipamento[3].equipamento, dadosEquipamento[3].equipamento, dadosEquipamento[3].voltagem, dadosEquipamento[3].quantidade);\nestoquePage.codSapField.should('have.value', dadosEquipamento[3].codSap);\nestoquePage.codPromaxField.should('have.value', dadosEquipamento[3].codPromax);",
                      "err": {},
                      "uuid": "33008b84-f2cf-4a13-8903-90ff3192fe31",
                      "parentUUID": "fbb2ff5b-2b2a-4d4d-ae74-685df8093150",
                      "isHook": false,
                      "skipped": false
                    },
                    {
                      "title": "19.4-Validar se ao selecionar a voltagem os campos código Promax e código Sap são preenchidos automaticamente",
                      "fullTitle": "Funcionalidade Estoque Funcionalidade de adicionar equipamentos ao estoque Valida o preenchimento automatico de todos os códigos Promax e Sap de todos os equipamentos 19.4-Validar se ao selecionar a voltagem os campos código Promax e código Sap são preenchidos automaticamente",
                      "timedOut": null,
                      "duration": 3397,
                      "state": "passed",
                      "speed": "fast",
                      "pass": true,
                      "fail": false,
                      "pending": false,
                      "context": null,
                      "code": "cy.selectGeografiaOperacaoNomeOpecarao(geografia.geografia, cdd.cdd, nomeOperacao.nomeOperacao);\nestoquePage.AddButton.click();\nestoquePage.fillEquipmentModalFields((0, _common.NfRandom)(), tipoDeMovimento.Compra, origem.MetalFrio, dayjs().format('DD/MM/YYYY'), dadosEquipamento[4].equipamento, dadosEquipamento[4].equipamento, dadosEquipamento[4].voltagem, dadosEquipamento[4].quantidade);\nestoquePage.codSapField.should('have.value', dadosEquipamento[4].codSap);\nestoquePage.codPromaxField.should('have.value', dadosEquipamento[4].codPromax);",
                      "err": {},
                      "uuid": "b3549e5c-cb39-4a0a-9a4d-7f04fd432cb9",
                      "parentUUID": "fbb2ff5b-2b2a-4d4d-ae74-685df8093150",
                      "isHook": false,
                      "skipped": false
                    },
                    {
                      "title": "19.5-Validar se ao selecionar a voltagem os campos código Promax e código Sap são preenchidos automaticamente",
                      "fullTitle": "Funcionalidade Estoque Funcionalidade de adicionar equipamentos ao estoque Valida o preenchimento automatico de todos os códigos Promax e Sap de todos os equipamentos 19.5-Validar se ao selecionar a voltagem os campos código Promax e código Sap são preenchidos automaticamente",
                      "timedOut": null,
                      "duration": 3143,
                      "state": "passed",
                      "speed": "fast",
                      "pass": true,
                      "fail": false,
                      "pending": false,
                      "context": null,
                      "code": "cy.selectGeografiaOperacaoNomeOpecarao(geografia.geografia, cdd.cdd, nomeOperacao.nomeOperacao);\nestoquePage.AddButton.click();\nestoquePage.fillEquipmentModalFields((0, _common.NfRandom)(), tipoDeMovimento.Compra, origem.MetalFrio, dayjs().format('DD/MM/YYYY'), dadosEquipamento[5].equipamento, dadosEquipamento[5].equipamento, dadosEquipamento[5].voltagem, dadosEquipamento[5].quantidade);\nestoquePage.codSapField.should('have.value', dadosEquipamento[5].codSap);\nestoquePage.codPromaxField.should('have.value', dadosEquipamento[5].codPromax);",
                      "err": {},
                      "uuid": "8d04f9d9-21d4-4493-82b8-6d9abf9b56d7",
                      "parentUUID": "fbb2ff5b-2b2a-4d4d-ae74-685df8093150",
                      "isHook": false,
                      "skipped": false
                    },
                    {
                      "title": "19.6-Validar se ao selecionar a voltagem os campos código Promax e código Sap são preenchidos automaticamente",
                      "fullTitle": "Funcionalidade Estoque Funcionalidade de adicionar equipamentos ao estoque Valida o preenchimento automatico de todos os códigos Promax e Sap de todos os equipamentos 19.6-Validar se ao selecionar a voltagem os campos código Promax e código Sap são preenchidos automaticamente",
                      "timedOut": null,
                      "duration": 3072,
                      "state": "passed",
                      "speed": "fast",
                      "pass": true,
                      "fail": false,
                      "pending": false,
                      "context": null,
                      "code": "cy.selectGeografiaOperacaoNomeOpecarao(geografia.geografia, cdd.cdd, nomeOperacao.nomeOperacao);\nestoquePage.AddButton.click();\nestoquePage.fillEquipmentModalFields((0, _common.NfRandom)(), tipoDeMovimento.Compra, origem.MetalFrio, dayjs().format('DD/MM/YYYY'), dadosEquipamento[6].equipamento, dadosEquipamento[6].equipamento, dadosEquipamento[6].voltagem, dadosEquipamento[6].quantidade);\nestoquePage.codSapField.should('have.value', dadosEquipamento[6].codSap);\nestoquePage.codPromaxField.should('have.value', dadosEquipamento[6].codPromax);",
                      "err": {},
                      "uuid": "364c4802-a9c0-4755-80b0-0ac5c3c13ea6",
                      "parentUUID": "fbb2ff5b-2b2a-4d4d-ae74-685df8093150",
                      "isHook": false,
                      "skipped": false
                    },
                    {
                      "title": "19.7-Validar se ao selecionar a voltagem os campos código Promax e código Sap são preenchidos automaticamente",
                      "fullTitle": "Funcionalidade Estoque Funcionalidade de adicionar equipamentos ao estoque Valida o preenchimento automatico de todos os códigos Promax e Sap de todos os equipamentos 19.7-Validar se ao selecionar a voltagem os campos código Promax e código Sap são preenchidos automaticamente",
                      "timedOut": null,
                      "duration": 3227,
                      "state": "passed",
                      "speed": "fast",
                      "pass": true,
                      "fail": false,
                      "pending": false,
                      "context": null,
                      "code": "cy.selectGeografiaOperacaoNomeOpecarao(geografia.geografia, cdd.cdd, nomeOperacao.nomeOperacao);\nestoquePage.AddButton.click();\nestoquePage.fillEquipmentModalFields((0, _common.NfRandom)(), tipoDeMovimento.Compra, origem.MetalFrio, dayjs().format('DD/MM/YYYY'), dadosEquipamento[7].equipamento, dadosEquipamento[7].equipamento, dadosEquipamento[7].voltagem, dadosEquipamento[7].quantidade);\nestoquePage.codSapField.should('have.value', dadosEquipamento[7].codSap);\nestoquePage.codPromaxField.should('have.value', dadosEquipamento[7].codPromax);",
                      "err": {},
                      "uuid": "d730fc1d-113c-4bc6-bcde-ca93475b9430",
                      "parentUUID": "fbb2ff5b-2b2a-4d4d-ae74-685df8093150",
                      "isHook": false,
                      "skipped": false
                    }
                  ],
                  "suites": [],
                  "passes": [
                    "63b98a6b-9906-4468-a1a4-e46768a0cd47",
                    "faf837fb-78ff-4414-8dfb-9fa72c0bddf4",
                    "4226fea6-0625-4ba2-be41-6633650f6256",
                    "33008b84-f2cf-4a13-8903-90ff3192fe31",
                    "b3549e5c-cb39-4a0a-9a4d-7f04fd432cb9",
                    "8d04f9d9-21d4-4493-82b8-6d9abf9b56d7",
                    "364c4802-a9c0-4755-80b0-0ac5c3c13ea6",
                    "d730fc1d-113c-4bc6-bcde-ca93475b9430"
                  ],
                  "failures": [],
                  "pending": [],
                  "skipped": [],
                  "duration": 25656,
                  "root": false,
                  "rootEmpty": false,
                  "_timeout": 2000
                },
                {
                  "uuid": "2fbc652c-7a63-4246-95b2-421d0d3f329b",
                  "title": "Valida se as combinações de tipo movimento e origem estão corretas",
                  "fullFile": "",
                  "file": "",
                  "beforeHooks": [],
                  "afterHooks": [],
                  "tests": [
                    {
                      "title": "22-Validar as opções e combinações dos campos Tipo de movimentação e Origem",
                      "fullTitle": "Funcionalidade Estoque Funcionalidade de adicionar equipamentos ao estoque Valida se as combinações de tipo movimento e origem estão corretas 22-Validar as opções e combinações dos campos Tipo de movimentação e Origem",
                      "timedOut": null,
                      "duration": 3357,
                      "state": "passed",
                      "speed": "fast",
                      "pass": true,
                      "fail": false,
                      "pending": false,
                      "context": null,
                      "code": "cy.selectGeografiaOperacaoNomeOpecarao(geografia.geografia, cdd.cdd, nomeOperacao.nomeOperacao);\nestoquePage.AddButton.click();\nestoquePage.fieldNfNumero.type((0, _common.NfRandom)());\nestoquePage.fieldTipoDeMovimento.click();\nestoquePage.listaTipoDeMovimento.contains(tipoDeMovimento.Tansferencia).click();\nestoquePage.origemField.click();\nestoquePage.listOrigem.should('contain', origem.FabricaDeAgudos);\nestoquePage.listOrigem.should('contain', origem.FabricaDeAguasClaras);",
                      "err": {},
                      "uuid": "d9b469c8-b4f9-4717-b835-ff76ec718432",
                      "parentUUID": "2fbc652c-7a63-4246-95b2-421d0d3f329b",
                      "isHook": false,
                      "skipped": false
                    },
                    {
                      "title": "22.1-Validar as opções e combinações dos campos Tipo de movimentação e Origem",
                      "fullTitle": "Funcionalidade Estoque Funcionalidade de adicionar equipamentos ao estoque Valida se as combinações de tipo movimento e origem estão corretas 22.1-Validar as opções e combinações dos campos Tipo de movimentação e Origem",
                      "timedOut": null,
                      "duration": 1918,
                      "state": "passed",
                      "speed": "fast",
                      "pass": true,
                      "fail": false,
                      "pending": false,
                      "context": null,
                      "code": "cy.selectGeografiaOperacaoNomeOpecarao(geografia.geografia, cdd.cdd, nomeOperacao.nomeOperacao);\nestoquePage.AddButton.click();\nestoquePage.fieldNfNumero.type((0, _common.NfRandom)());\nestoquePage.fieldTipoDeMovimento.click();\nestoquePage.listaTipoDeMovimento.contains(tipoDeMovimento.Compra).click();\nestoquePage.origemField.click();\nestoquePage.listOrigem.should('contain', origem.MetalFrio);\nestoquePage.listOrigem.should('contain', origem.Imbera);",
                      "err": {},
                      "uuid": "e5527b4c-f975-460e-8918-92cec013b26b",
                      "parentUUID": "2fbc652c-7a63-4246-95b2-421d0d3f329b",
                      "isHook": false,
                      "skipped": false
                    },
                    {
                      "title": "22.2-Validar as opções e combinações dos campos Tipo de movimentação e Origem",
                      "fullTitle": "Funcionalidade Estoque Funcionalidade de adicionar equipamentos ao estoque Valida se as combinações de tipo movimento e origem estão corretas 22.2-Validar as opções e combinações dos campos Tipo de movimentação e Origem",
                      "timedOut": null,
                      "duration": 2061,
                      "state": "passed",
                      "speed": "fast",
                      "pass": true,
                      "fail": false,
[...]
                      "timedOut": null,
                      "duration": 4089,
                      "state": "passed",
                      "speed": "fast",
                      "pass": true,
                      "fail": false,
                      "pending": false,
                      "context": null,
                      "code": "cy.selectGeografiaOperacaoNomeOpecarao(geografia.geografia, cdd.cdd, nomeOperacao.nomeOperacao);\nestoquePage.AddButton.click();\nestoquePage.fillEquipmentModalFields((0, _common.NfRandom)(), tipoDeMovimento.Compra, origem.MetalFrio, dayjs().format('DD/MM/YYYY'), dadosEquipamento[0].equipamento, dadosEquipamento[0].equipamento, dadosEquipamento[0].voltagem, dadosEquipamento[0].quantidade);\nestoquePage.addEquipmentButton.click();\nestoquePage.addEquipmentList.should('contain', dadosEquipamento[0].equipamento);",
                      "err": {},
                      "uuid": "591861f3-fda3-4bc0-a915-a0643d3da7f5",
                      "parentUUID": "ef972342-b773-431b-ae0e-f4bc79a1e829",
                      "isHook": false,
                      "skipped": false
                    },
                    {
                      "title": "45.2-Validar se permite incluir todos os equipamentos disponíveis",
                      "fullTitle": "Funcionalidade Estoque Funcionalidade de adicionar equipamentos ao estoque Validar se é possível inserir todos os tipos de equipamentos disponíveis 45.2-Validar se permite incluir todos os equipamentos disponíveis",
                      "timedOut": null,
                      "duration": 3200,
                      "state": "passed",
                      "speed": "fast",
                      "pass": true,
                      "fail": false,
                      "pending": false,
                      "context": null,
                      "code": "cy.selectGeografiaOperacaoNomeOpecarao(geografia.geografia, cdd.cdd, nomeOperacao.nomeOperacao);\nestoquePage.AddButton.click();\nestoquePage.fillEquipmentModalFields((0, _common.NfRandom)(), tipoDeMovimento.Compra, origem.MetalFrio, dayjs().format('DD/MM/YYYY'), dadosEquipamento[1].equipamento, dadosEquipamento[1].equipamento, dadosEquipamento[1].voltagem, dadosEquipamento[1].quantidade);\nestoquePage.addEquipmentButton.click();\nestoquePage.addEquipmentList.should('contain', dadosEquipamento[1].equipamento);",
                      "err": {},
                      "uuid": "79c424a5-1789-43bb-a2df-f8974b007d5e",
                      "parentUUID": "ef972342-b773-431b-ae0e-f4bc79a1e829",
                      "isHook": false,
                      "skipped": false
                    },
                    {
                      "title": "45.3-Validar se permite incluir todos os equipamentos disponíveis",
                      "fullTitle": "Funcionalidade Estoque Funcionalidade de adicionar equipamentos ao estoque Validar se é possível inserir todos os tipos de equipamentos disponíveis 45.3-Validar se permite incluir todos os equipamentos disponíveis",
                      "timedOut": null,
                      "duration": 4962,
                      "state": "passed",
                      "speed": "fast",
                      "pass": true,
                      "fail": false,
                      "pending": false,
                      "context": null,
                      "code": "cy.selectGeografiaOperacaoNomeOpecarao(geografia.geografia, cdd.cdd, nomeOperacao.nomeOperacao);\nestoquePage.AddButton.click();\nestoquePage.fillEquipmentModalFields((0, _common.NfRandom)(), tipoDeMovimento.Compra, origem.MetalFrio, dayjs().format('DD/MM/YYYY'), dadosEquipamento[2].equipamento, dadosEquipamento[2].equipamento, dadosEquipamento[2].voltagem, dadosEquipamento[2].quantidade);\nestoquePage.addEquipmentButton.click();\nestoquePage.addEquipmentList.should('contain', dadosEquipamento[2].equipamento);",
                      "err": {},
                      "uuid": "0840d7d5-ea3f-4fbd-8af5-c81998d73241",
                      "parentUUID": "ef972342-b773-431b-ae0e-f4bc79a1e829",
                      "isHook": false,
                      "skipped": false
                    },
                    {
                      "title": "45.4-Validar se permite incluir todos os equipamentos disponíveis",
                      "fullTitle": "Funcionalidade Estoque Funcionalidade de adicionar equipamentos ao estoque Validar se é possível inserir todos os tipos de equipamentos disponíveis 45.4-Validar se permite incluir todos os equipamentos disponíveis",
                      "timedOut": null,
                      "duration": 3289,
                      "state": "passed",
                      "speed": "fast",
                      "pass": true,
                      "fail": false,
                      "pending": false,
                      "context": null,
                      "code": "cy.selectGeografiaOperacaoNomeOpecarao(geografia.geografia, cdd.cdd, nomeOperacao.nomeOperacao);\nestoquePage.AddButton.click();\nestoquePage.fillEquipmentModalFields((0, _common.NfRandom)(), tipoDeMovimento.Compra, origem.MetalFrio, dayjs().format('DD/MM/YYYY'), dadosEquipamento[3].equipamento, dadosEquipamento[3].equipamento, dadosEquipamento[3].voltagem, dadosEquipamento[3].quantidade);\nestoquePage.addEquipmentButton.click();\nestoquePage.addEquipmentList.should('contain', dadosEquipamento[3].equipamento);",
                      "err": {},
                      "uuid": "7a5fd3bd-1446-4748-ac9e-35d5fa6e8065",
                      "parentUUID": "ef972342-b773-431b-ae0e-f4bc79a1e829",
                      "isHook": false,
                      "skipped": false
                    },
                    {
                      "title": "45.5-Validar se permite incluir todos os equipamentos disponíveis",
                      "fullTitle": "Funcionalidade Estoque Funcionalidade de adicionar equipamentos ao estoque Validar se é possível inserir todos os tipos de equipamentos disponíveis 45.5-Validar se permite incluir todos os equipamentos disponíveis",
                      "timedOut": null,
                      "duration": 3380,
                      "state": "passed",
                      "speed": "fast",
                      "pass": true,
                      "fail": false,
                      "pending": false,
                      "context": null,
                      "code": "cy.selectGeografiaOperacaoNomeOpecarao(geografia.geografia, cdd.cdd, nomeOperacao.nomeOperacao);\nestoquePage.AddButton.click();\nestoquePage.fillEquipmentModalFields((0, _common.NfRandom)(), tipoDeMovimento.Compra, origem.MetalFrio, dayjs().format('DD/MM/YYYY'), dadosEquipamento[4].equipamento, dadosEquipamento[4].equipamento, dadosEquipamento[4].voltagem, dadosEquipamento[4].quantidade);\nestoquePage.addEquipmentButton.click();\nestoquePage.addEquipmentList.should('contain', dadosEquipamento[4].equipamento);",
                      "err": {},
                      "uuid": "369e1c82-1f3c-4893-a519-d865e8cda5b9",
                      "parentUUID": "ef972342-b773-431b-ae0e-f4bc79a1e829",
                      "isHook": false,
                      "skipped": false
                    },
                    {
                      "title": "45.6-Validar se permite incluir todos os equipamentos disponíveis",
                      "fullTitle": "Funcionalidade Estoque Funcionalidade de adicionar equipamentos ao estoque Validar se é possível inserir todos os tipos de equipamentos disponíveis 45.6-Validar se permite incluir todos os equipamentos disponíveis",
                      "timedOut": null,
                      "duration": 3473,
                      "state": "passed",
                      "speed": "fast",
                      "pass": true,
                      "fail": false,
                      "pending": false,
                      "context": null,
                      "code": "cy.selectGeografiaOperacaoNomeOpecarao(geografia.geografia, cdd.cdd, nomeOperacao.nomeOperacao);\nestoquePage.AddButton.click();\nestoquePage.fillEquipmentModalFields((0, _common.NfRandom)(), tipoDeMovimento.Compra, origem.MetalFrio, dayjs().format('DD/MM/YYYY'), dadosEquipamento[5].equipamento, dadosEquipamento[5].equipamento, dadosEquipamento[5].voltagem, dadosEquipamento[5].quantidade);\nestoquePage.addEquipmentButton.click();\nestoquePage.addEquipmentList.should('contain', dadosEquipamento[5].equipamento);",
                      "err": {},
                      "uuid": "312cc154-3473-425a-894f-3943129f5b9f",
                      "parentUUID": "ef972342-b773-431b-ae0e-f4bc79a1e829",
                      "isHook": false,
                      "skipped": false
                    },
                    {
                      "title": "45.7-Validar se permite incluir todos os equipamentos disponíveis",
                      "fullTitle": "Funcionalidade Estoque Funcionalidade de adicionar equipamentos ao estoque Validar se é possível inserir todos os tipos de equipamentos disponíveis 45.7-Validar se permite incluir todos os equipamentos disponíveis",
                      "timedOut": null,
                      "duration": 3125,
                      "state": "passed",
                      "speed": "fast",
                      "pass": true,
                      "fail": false,
                      "pending": false,
                      "context": null,
                      "code": "cy.selectGeografiaOperacaoNomeOpecarao(geografia.geografia, cdd.cdd, nomeOperacao.nomeOperacao);\nestoquePage.AddButton.click();\nestoquePage.fillEquipmentModalFields((0, _common.NfRandom)(), tipoDeMovimento.Compra, origem.MetalFrio, dayjs().format('DD/MM/YYYY'), dadosEquipamento[6].equipamento, dadosEquipamento[6].equipamento, dadosEquipamento[6].voltagem, dadosEquipamento[6].quantidade);\nestoquePage.addEquipmentButton.click();\nestoquePage.addEquipmentList.should('contain', dadosEquipamento[6].equipamento);",
                      "err": {},
                      "uuid": "b02e6f37-1ec0-4b84-bdc9-a6a1431550cb",
                      "parentUUID": "ef972342-b773-431b-ae0e-f4bc79a1e829",
                      "isHook": false,
                      "skipped": false
                    },
                    {
                      "title": "45.8-Validar se permite incluir todos os equipamentos disponíveis",
                      "fullTitle": "Funcionalidade Estoque Funcionalidade de adicionar equipamentos ao estoque Validar se é possível inserir todos os tipos de equipamentos disponíveis 45.8-Validar se permite incluir todos os equipamentos disponíveis",
                      "timedOut": null,
                      "duration": 3474,
                      "state": "passed",
                      "speed": "fast",
                      "pass": true,
                      "fail": false,
                      "pending": false,
                      "context": null,
                      "code": "cy.selectGeografiaOperacaoNomeOpecarao(geografia.geografia, cdd.cdd, nomeOperacao.nomeOperacao);\nestoquePage.AddButton.click();\nestoquePage.fillEquipmentModalFields((0, _common.NfRandom)(), tipoDeMovimento.Compra, origem.MetalFrio, dayjs().format('DD/MM/YYYY'), dadosEquipamento[7].equipamento, dadosEquipamento[7].equipamento, dadosEquipamento[7].voltagem, dadosEquipamento[7].quantidade);\nestoquePage.addEquipmentButton.click();\nestoquePage.addEquipmentList.should('contain', dadosEquipamento[7].equipamento);",
                      "err": {},
                      "uuid": "af14fb76-82fe-4194-a4c5-88c2fa6d0227",
                      "parentUUID": "ef972342-b773-431b-ae0e-f4bc79a1e829",
                      "isHook": false,
                      "skipped": false
                    }
                  ],
                  "suites": [],
                  "passes": [
                    "591861f3-fda3-4bc0-a915-a0643d3da7f5",
                    "79c424a5-1789-43bb-a2df-f8974b007d5e",
                    "0840d7d5-ea3f-4fbd-8af5-c81998d73241",
                    "7a5fd3bd-1446-4748-ac9e-35d5fa6e8065",
                    "369e1c82-1f3c-4893-a519-d865e8cda5b9",
                    "312cc154-3473-425a-894f-3943129f5b9f",
                    "b02e6f37-1ec0-4b84-bdc9-a6a1431550cb",
                    "af14fb76-82fe-4194-a4c5-88c2fa6d0227"
                  ],
                  "failures": [],
                  "pending": [],
                  "skipped": [],
                  "duration": 28992,
                  "root": false,
                  "rootEmpty": false,
                  "_timeout": 2000
                },
                {
                  "uuid": "d59f2d56-913e-458a-9aa3-28f16645d4cb",
                  "title": "Valida se não permite a inclusão do mesmo equipamento com voltagem repitida",
                  "fullFile": "",
                  "file": "",
                  "beforeHooks": [],
                  "afterHooks": [],
                  "tests": [
                    {
                      "title": "46-Validar se não permite incluir equipamentos com a mesma voltagem mais de uma vez",
                      "fullTitle": "Funcionalidade Estoque Funcionalidade de adicionar equipamentos ao estoque Valida se não permite a inclusão do mesmo equipamento com voltagem repitida 46-Validar se não permite incluir equipamentos com a mesma voltagem mais de uma vez",
                      "timedOut": null,
                      "duration": 3360,
                      "state": "passed",
                      "speed": "fast",
                      "pass": true,
                      "fail": false,
                      "pending": false,
                      "context": null,
                      "code": "cy.selectGeografiaOperacaoNomeOpecarao(geografia.geografia, cdd.cdd, nomeOperacao.nomeOperacao);\nestoquePage.AddButton.click();\nestoquePage.fillEquipmentModalFields((0, _common.NfRandom)(), tipoDeMovimento.Compra, origem.MetalFrio, dayjs().format('DD/MM/YYYY'), dadosEquipamento[2].equipamento, dadosEquipamento[2].equipamento, dadosEquipamento[2].voltagem, dadosEquipamento[2].quantidade);\nestoquePage.addEquipmentButton.click();\nestoquePage.fieldEquipamento.type(dadosEquipamento[2].equipamento);\nestoquePage.radio127v.should('be.disabled');",
                      "err": {},
                      "uuid": "52b7efcf-7d83-4f23-9359-e66a10f8e1d2",
                      "parentUUID": "d59f2d56-913e-458a-9aa3-28f16645d4cb",
                      "isHook": false,
                      "skipped": false
                    },
                    {
                      "title": "46.1-Validar se não permite incluir equipamentos com a mesma voltagem mais de uma vez",
                      "fullTitle": "Funcionalidade Estoque Funcionalidade de adicionar equipamentos ao estoque Valida se não permite a inclusão do mesmo equipamento com voltagem repitida 46.1-Validar se não permite incluir equipamentos com a mesma voltagem mais de uma vez",
                      "timedOut": null,
                      "duration": 3423,
                      "state": "passed",
                      "speed": "fast",
                      "pass": true,
                      "fail": false,
                      "pending": false,
                      "context": null,
                      "code": "cy.selectGeografiaOperacaoNomeOpecarao(geografia.geografia, cdd.cdd, nomeOperacao.nomeOperacao);\nestoquePage.AddButton.click();\nestoquePage.fillEquipmentModalFields((0, _common.NfRandom)(), tipoDeMovimento.Compra, origem.MetalFrio, dayjs().format('DD/MM/YYYY'), dadosEquipamento[3].equipamento, dadosEquipamento[3].equipamento, dadosEquipamento[3].voltagem, dadosEquipamento[3].quantidade);\nestoquePage.addEquipmentButton.click();\nestoquePage.fieldEquipamento.type(dadosEquipamento[3].equipamento);\nestoquePage.radio220v.should('be.disabled');",
                      "err": {},
                      "uuid": "244ed448-a937-4948-b725-8e78782620f7",
                      "parentUUID": "d59f2d56-913e-458a-9aa3-28f16645d4cb",
                      "isHook": false,
                      "skipped": false
                    }
                  ],
                  "suites": [],
                  "passes": [
                    "52b7efcf-7d83-4f23-9359-e66a10f8e1d2",
                    "244ed448-a937-4948-b725-8e78782620f7"
                  ],
                  "failures": [],
                  "pending": [],
                  "skipped": [],
                  "duration": 6783,
                  "root": false,
                  "rootEmpty": false,
                  "_timeout": 2000
                }
              ],
              "passes": [
                "ac59b3d1-0f2e-44b8-8e7b-7b927a290865",
                "0ce86973-9235-43d1-8675-b3d72e522c65",
                "cf143c77-3a47-47b8-8993-df8011c9679f",
                "b013ae8a-7017-43d8-b47f-2726f945a71d",
                "4fa3100a-3ec1-4e9a-8d1c-4191ab8d41f2",
                "f7421ed6-d2de-433a-80cd-775e0045a41b",
                "129d3458-0c7b-4c57-a011-038b87f0db6e",
                "362ab37e-fe00-4c91-9f63-c22a16910482",
                "9853730e-5d43-4067-a057-b8a038cccf7f",
                "f4dbf1ba-361f-4f23-87af-4a52e2e9d410",
                "d7bee16c-a0f2-4c35-928c-4d49afb413a7",
                "50c89a3d-fdd6-48f5-8fd9-3e5ea15094f8",
                "e4738b03-b83c-4d9f-961d-91188edae9bd",
                "4153d62a-a8f9-4ad4-a66d-8cad80605586",
                "b889d810-f808-4b0b-aaa4-d14ce021038b",
                "a8993168-14c5-4f8f-95e9-21f503114eb7",
                "ddd20019-4d3b-47b1-8ae1-3393b290a3ba",
                "45571463-a525-4829-954a-e13ea50133bc",
                "0b5ac797-b4a5-40e1-b66a-59d2569b4737",
                "fdc7f574-9f19-4660-908e-1c42cb053428",
                "ad2e7aef-bffd-4f2d-8371-42c2d56c6a66",
                "84d6f78f-e957-4fdb-bde0-22cdbdc3b12f",
                "fb35b7d5-d2cf-487c-8614-03a414af982a",
                "8b9e9cc3-247c-4319-a0a6-fde2a928fa6d",
                "97228d43-1711-41d8-a253-c3467375c854",
                "c4763a0b-9fee-4c88-b2af-db09fe674c8c",
                "4c11ac3a-d906-43a9-a580-df2117c9453e",
                "ec5c06de-8bd1-487d-a136-f15e6818ea91",
                "4a804e6d-19b7-4b8a-bfea-122d5113f608",
                "2e5a381a-9b1c-476e-86bc-f3f5c83bc3c0",
                "86bab6d4-01a7-41cc-b7f8-a86bdcfc5d96",
                "30931eb0-1b0d-4881-ba0a-0369bf01a232",
                "0797aa4e-e9c1-4385-84e3-23285ef16e75",
                "ae14a027-1fdc-4e03-9fc4-a8cdc52c00ed",
                "c3fd23a3-e987-49d3-a93a-649c153c8db3",
                "f19e2e30-f218-4891-90c6-7d9dabe82745"
              ],
              "failures": [],
              "pending": [],
              "skipped": [],
              "duration": 200437,
              "root": false,
              "rootEmpty": false,
              "_timeout": 2000
            }
          ],
          "passes": [],
          "failures": [],
          "pending": [],
          "skipped": [],
          "duration": 0,
          "root": false,
          "rootEmpty": false,
          "_timeout": 2000
        }
      ],
      "passes": [],
      "failures": [],
      "pending": [],
      "skipped": [],
      "duration": 0,
      "root": true,
      "rootEmpty": true,
      "_timeout": 2000
    }
  ],
  "meta": {
    "mocha": {
      "version": "7.0.1"
    },
    "mochawesome": {
      "options": {
        "quiet": false,
        "reportFilename": "[status]_[datetime]-[name]-report",
        "saveHtml": false,
        "saveJson": true,
        "consoleReporter": "spec",
        "useInlineDiffs": false,
        "code": true
      },
      "version": "7.1.3"
    },
    "marge": {
      "options": {
        "reportDir": "cypress/results",
        "overwrite": true,
        "html": false,
        "json": true,
        "reportFilename": "[status]_[datetime]-[name]-report",
        "timestamp": "longDate"
      },
      "version": "6.2.0"
    }
  }
}