{
  "stats": {
    "suites": 2,
    "tests": 2,
    "passes": 2,
    "pending": 0,
    "failures": 0,
    "start": "2022-06-30T17:00:45.004Z",
    "end": "2022-06-30T17:00:48.461Z",
    "duration": 3457,
    "testsRegistered": 2,
    "passPercent": 100,
    "pendingPercent": 0,
    "other": 0,
    "hasOther": false,
    "skipped": 0,
    "hasSkipped": false
  },
  "results": [
    {
      "uuid": "7f869a55-e549-43a1-a892-64d9d06d7f41",
      "title": "",
      "fullFile": "cypress/e2e/login.cy.js",
      "file": "cypress/e2e/login.cy.js",
      "beforeHooks": [],
      "afterHooks": [],
      "tests": [],
      "suites": [
        {
          "uuid": "54206aa2-7792-462c-b174-93d7a3e6bcfc",
          "title": "Funcionalidade de Login",
          "fullFile": "",
          "file": "",
          "beforeHooks": [],
          "afterHooks": [],
          "tests": [],
          "suites": [
            {
              "uuid": "ee7795a6-9fa7-4e34-a3e9-809189addd71",
              "title": "Realizar login e logout",
              "fullFile": "",
              "file": "",
              "beforeHooks": [],
              "afterHooks": [],
              "tests": [
                {
                  "title": "Realizar login",
                  "fullTitle": "Funcionalidade de Login Realizar login e logout Realizar login",
                  "timedOut": null,
                  "duration": 2400,
                  "state": "passed",
                  "speed": "fast",
                  "pass": true,
                  "fail": false,
                  "pending": false,
                  "context": null,
                  "code": "loginPage.login(Cypress.config('usuario').usuario + Cypress.config('usuario').dominio, Cypress.config('usuario').senha);\ncy.visit('/');\nmenuPage.tituloPainel.should('have.text', 'Assinatura de Cooler');",
                  "err": {},
                  "uuid": "cc6096a2-fb1d-481a-834f-4358f38cec22",
                  "parentUUID": "ee7795a6-9fa7-4e34-a3e9-809189addd71",
                  "isHook": false,
                  "skipped": false
                },
                {
                  "title": "Realizar logout",
                  "fullTitle": "Funcionalidade de Login Realizar login e logout Realizar logout",
                  "timedOut": null,
                  "duration": 1032,
                  "state": "passed",
                  "speed": "fast",
                  "pass": true,
                  "fail": false,
                  "pending": false,
                  "context": null,
                  "code": "cy.loginBySingleSignOnRequest(Cypress.config('usuario').usuario + Cypress.config('usuario').dominio, Cypress.config('usuario').senha);\ncy.visit('estoque');\nmenuPage.botaoUsuarioLogout.click();\nloginPage.tituloLogin.should('have.text', 'Please sign in');",
                  "err": {},
                  "uuid": "cf7d1b9e-fb09-4c94-b251-8c9f363b3515",
                  "parentUUID": "ee7795a6-9fa7-4e34-a3e9-809189addd71",
                  "isHook": false,
                  "skipped": false
                }
              ],
              "suites": [],
              "passes": [
                "cc6096a2-fb1d-481a-834f-4358f38cec22",
                "cf7d1b9e-fb09-4c94-b251-8c9f363b3515"
              ],
              "failures": [],
              "pending": [],
              "skipped": [],
              "duration": 3432,
              "root": false,
              "rootEmpty": false,
              "_timeout": 2000
            }
          ],
          "passes": [],
          "failures": [],
          "pending": [],
          "skipped": [],
          "duration": 0,
          "root": false,
          "rootEmpty": false,
          "_timeout": 2000
        }
      ],
      "passes": [],
      "failures": [],
      "pending": [],
      "skipped": [],
      "duration": 0,
      "root": true,
      "rootEmpty": true,
      "_timeout": 2000
    }
  ],
  "meta": {
    "mocha": {
      "version": "7.0.1"
    },
    "mochawesome": {
      "options": {
        "quiet": false,
        "reportFilename": "[status]_[datetime]-[name]-report",
        "saveHtml": false,
        "saveJson": true,
        "consoleReporter": "spec",
        "useInlineDiffs": false,
        "code": true
      },
      "version": "7.1.3"
    },
    "marge": {
      "options": {
        "reportDir": "cypress/results",
        "overwrite": true,
        "html": false,
        "json": true,
        "reportFilename": "[status]_[datetime]-[name]-report",
        "timestamp": "longDate"
      },
      "version": "6.2.0"
    }
  }
}