{
  "stats": {
    "suites": 2,
    "tests": 1,
    "passes": 1,
    "pending": 0,
    "failures": 0,
    "start": "2022-06-30T17:03:37.101Z",
    "end": "2022-06-30T17:04:01.494Z",
    "duration": 24393,
    "testsRegistered": 1,
    "passPercent": 100,
    "pendingPercent": 0,
    "other": 0,
    "hasOther": false,
    "skipped": 0,
    "hasSkipped": false
  },
  "results": [
    {
      "uuid": "f69bb13b-4ff1-4051-9767-7584893fa8e8",
      "title": "",
      "fullFile": "cypress/e2e/relatorio.cy.js",
      "file": "cypress/e2e/relatorio.cy.js",
      "beforeHooks": [],
      "afterHooks": [],
      "tests": [],
      "suites": [
        {
          "uuid": "3d9a543c-eadf-4980-b1c7-ede56ab039bb",
          "title": "Funcionalidade de geração de relatórios",
          "fullFile": "",
          "file": "",
          "beforeHooks": [],
          "afterHooks": [],
          "tests": [],
          "suites": [
            {
              "uuid": "7fd257a7-11fb-447e-b315-03e0205ccb04",
              "title": "Geração de relatórios do assinatura ",
              "fullFile": "",
              "file": "",
              "beforeHooks": [],
              "afterHooks": [],
              "tests": [
                {
                  "title": "18-Validar se no relatório de estoque exibe o usuário ambev que fez a adição de estoque",
                  "fullTitle": "Funcionalidade de geração de relatórios Geração de relatórios do assinatura  18-Validar se no relatório de estoque exibe o usuário ambev que fez a adição de estoque",
                  "timedOut": null,
                  "duration": 22588,
                  "state": "passed",
                  "speed": "slow",
                  "pass": true,
                  "fail": false,
                  "pending": false,
                  "context": null,
                  "code": "const authorization = __webpack_require__(/*! ../fixtures/authorization.json */ \"./cypress/fixtures/authorization.json\");\nlet RgEquipamentoRandom1 = JSON.stringify(Math.floor(Math.random() * (89999999999999 - 10000000000000)) + 10000000000000);\nlet RgEquipamentoRandom2 = JSON.stringify(Math.floor(Math.random() * (89999999999999 - 10000000000000)) + 10000000000000);\nlet RgEquipamentoRandom3 = JSON.stringify(Math.floor(Math.random() * (89999999999999 - 10000000000000)) + 10000000000000);\nlet RgEquipamentoRandom4 = JSON.stringify(Math.floor(Math.random() * (89999999999999 - 10000000000000)) + 10000000000000);\nlet RgEquipamentoRandom5 = JSON.stringify(Math.floor(Math.random() * (89999999999999 - 10000000000000)) + 10000000000000);\nlet RgEquipamentoRandom6 = JSON.stringify(Math.floor(Math.random() * (89999999999999 - 10000000000000)) + 10000000000000);\nlet RgEquipamentoRandom7 = JSON.stringify(Math.floor(Math.random() * (89999999999999 - 10000000000000)) + 10000000000000);\nlet RgEquipamentoRandom8 = JSON.stringify(Math.floor(Math.random() * (89999999999999 - 10000000000000)) + 10000000000000);\nlet RgEquipamentoRandom9 = JSON.stringify(Math.floor(Math.random() * (89999999999999 - 10000000000000)) + 10000000000000);\ncy.addEquipamentoRequest(authorization, geografia.geografia, '0538', (0, _common.NfRandom)(), 3, 1, dayjs().format('DD/MM/YYYY'), 5, RgEquipamentoRandom1, 5, RgEquipamentoRandom2, 5, RgEquipamentoRandom3, 5, RgEquipamentoRandom4, 5, RgEquipamentoRandom5, 5, RgEquipamentoRandom6, 5, RgEquipamentoRandom7, 5, RgEquipamentoRandom8, 5, RgEquipamentoRandom9);\ncy.selectGeografiaOperacaoNomeOpecarao(geografia.geografia, cdd.cdd, nomeOperacao.nomeOperacao);\nmenuPage.menuButtonRelatorio.click();\nrelatorioPage.selectTipoDeRelatorio(tipoRelatorio.Estoque);\nrelatorioPage.clickBotaoExtrairRelatorio();\ncy.readFile('cypress/downloads/extracted.csv').should('have.string', Cypress.config('usuario').usuario);\ncy.readFile('cypress/downloads/extracted.csv').should('have.string', RgEquipamentoRandom1);\ncy.readFile('cypress/downloads/extracted.csv').should('have.string', RgEquipamentoRandom2);\ncy.readFile('cypress/downloads/extracted.csv').should('have.string', RgEquipamentoRandom3);\ncy.readFile('cypress/downloads/extracted.csv').should('have.string', RgEquipamentoRandom4);\ncy.readFile('cypress/downloads/extracted.csv').should('have.string', RgEquipamentoRandom5);\ncy.readFile('cypress/downloads/extracted.csv').should('have.string', RgEquipamentoRandom6);\ncy.readFile('cypress/downloads/extracted.csv').should('have.string', RgEquipamentoRandom7);\ncy.readFile('cypress/downloads/extracted.csv').should('have.string', RgEquipamentoRandom8);\ncy.readFile('cypress/downloads/extracted.csv').should('have.string', RgEquipamentoRandom9);\ncy.task('deleteRgs', {\n  Rg1: RgEquipamentoRandom1,\n  Rg2: RgEquipamentoRandom2,\n  Rg3: RgEquipamentoRandom3,\n  Rg4: RgEquipamentoRandom4,\n  Rg5: RgEquipamentoRandom5,\n  Rg6: RgEquipamentoRandom6,\n  Rg7: RgEquipamentoRandom7,\n  Rg8: RgEquipamentoRandom8,\n  Rg9: RgEquipamentoRandom9\n});",
                  "err": {},
                  "uuid": "7613a6f2-3f14-4d9f-a5a5-46eb8fd2203d",
                  "parentUUID": "7fd257a7-11fb-447e-b315-03e0205ccb04",
                  "isHook": false,
                  "skipped": false
                }
              ],
              "suites": [],
              "passes": [
                "7613a6f2-3f14-4d9f-a5a5-46eb8fd2203d"
              ],
              "failures": [],
              "pending": [],
              "skipped": [],
              "duration": 22588,
              "root": false,
              "rootEmpty": false,
              "_timeout": 2000
            }
          ],
          "passes": [],
          "failures": [],
          "pending": [],
          "skipped": [],
          "duration": 0,
          "root": false,
          "rootEmpty": false,
          "_timeout": 2000
        }
      ],
      "passes": [],
      "failures": [],
      "pending": [],
      "skipped": [],
      "duration": 0,
      "root": true,
      "rootEmpty": true,
      "_timeout": 2000
    }
  ],
  "meta": {
    "mocha": {
      "version": "7.0.1"
    },
    "mochawesome": {
      "options": {
        "quiet": false,
        "reportFilename": "[status]_[datetime]-[name]-report",
        "saveHtml": false,
        "saveJson": true,
        "consoleReporter": "spec",
        "useInlineDiffs": false,
        "code": true
      },
      "version": "7.1.3"
    },
    "marge": {
      "options": {
        "reportDir": "cypress/results",
        "overwrite": true,
        "html": false,
        "json": true,
        "reportFilename": "[status]_[datetime]-[name]-report",
        "timestamp": "longDate"
      },
      "version": "6.2.0"
    }
  }
}